{"D:\\ief2i\\Soutenance_Concepteur_Dev_FullStack\\DEV O23 (3-4) – G4 – Code source site internet\\DEVO23-G4-SAILINGLOC\\back\\controllers\\auth.controller.js": {"path":"D:\\ief2i\\Soutenance_Concepteur_Dev_FullStack\\DEV O23 (3-4) – G4 – Code source site internet\\DEVO23-G4-SAILINGLOC\\back\\controllers\\auth.controller.js","statementMap":{"0":{"start":{"line":4,"column":17},"end":{"line":11,"column":1}},"1":{"start":{"line":5,"column":2},"end":{"line":10,"column":3}},"2":{"start":{"line":6,"column":17},"end":{"line":6,"column":57}},"3":{"start":{"line":7,"column":4},"end":{"line":7,"column":31}},"4":{"start":{"line":9,"column":4},"end":{"line":9,"column":51}},"5":{"start":{"line":13,"column":14},"end":{"line":20,"column":1}},"6":{"start":{"line":14,"column":2},"end":{"line":19,"column":3}},"7":{"start":{"line":15,"column":17},"end":{"line":15,"column":54}},"8":{"start":{"line":16,"column":4},"end":{"line":16,"column":31}},"9":{"start":{"line":18,"column":4},"end":{"line":18,"column":51}},"10":{"start":{"line":22,"column":23},"end":{"line":29,"column":1}},"11":{"start":{"line":23,"column":2},"end":{"line":28,"column":3}},"12":{"start":{"line":24,"column":24},"end":{"line":24,"column":83}},"13":{"start":{"line":25,"column":4},"end":{"line":25,"column":38}},"14":{"start":{"line":27,"column":4},"end":{"line":27,"column":51}},"15":{"start":{"line":31,"column":15},"end":{"line":33,"column":1}},"16":{"start":{"line":32,"column":2},"end":{"line":32,"column":31}},"17":{"start":{"line":35,"column":23},"end":{"line":42,"column":1}},"18":{"start":{"line":36,"column":2},"end":{"line":41,"column":3}},"19":{"start":{"line":37,"column":21},"end":{"line":37,"column":63}},"20":{"start":{"line":38,"column":4},"end":{"line":38,"column":35}},"21":{"start":{"line":40,"column":4},"end":{"line":40,"column":51}},"22":{"start":{"line":44,"column":28},"end":{"line":51,"column":1}},"23":{"start":{"line":45,"column":2},"end":{"line":50,"column":3}},"24":{"start":{"line":46,"column":21},"end":{"line":46,"column":74}},"25":{"start":{"line":47,"column":4},"end":{"line":47,"column":35}},"26":{"start":{"line":49,"column":4},"end":{"line":49,"column":51}},"27":{"start":{"line":53,"column":22},"end":{"line":61,"column":1}},"28":{"start":{"line":54,"column":30},"end":{"line":54,"column":38}},"29":{"start":{"line":55,"column":2},"end":{"line":60,"column":3}},"30":{"start":{"line":56,"column":21},"end":{"line":56,"column":69}},"31":{"start":{"line":57,"column":4},"end":{"line":57,"column":35}},"32":{"start":{"line":59,"column":4},"end":{"line":59,"column":51}},"33":{"start":{"line":63,"column":21},"end":{"line":71,"column":1}},"34":{"start":{"line":64,"column":16},"end":{"line":64,"column":32}},"35":{"start":{"line":65,"column":2},"end":{"line":70,"column":3}},"36":{"start":{"line":66,"column":17},"end":{"line":66,"column":54}},"37":{"start":{"line":67,"column":4},"end":{"line":67,"column":75}},"38":{"start":{"line":69,"column":4},"end":{"line":69,"column":51}}},"fnMap":{"0":{"name":"(anonymous_0)","decl":{"start":{"line":4,"column":17},"end":{"line":4,"column":18}},"loc":{"start":{"line":4,"column":37},"end":{"line":11,"column":1}},"line":4},"1":{"name":"(anonymous_1)","decl":{"start":{"line":13,"column":14},"end":{"line":13,"column":15}},"loc":{"start":{"line":13,"column":34},"end":{"line":20,"column":1}},"line":13},"2":{"name":"(anonymous_2)","decl":{"start":{"line":22,"column":23},"end":{"line":22,"column":24}},"loc":{"start":{"line":22,"column":43},"end":{"line":29,"column":1}},"line":22},"3":{"name":"(anonymous_3)","decl":{"start":{"line":31,"column":15},"end":{"line":31,"column":16}},"loc":{"start":{"line":31,"column":29},"end":{"line":33,"column":1}},"line":31},"4":{"name":"(anonymous_4)","decl":{"start":{"line":35,"column":23},"end":{"line":35,"column":24}},"loc":{"start":{"line":35,"column":43},"end":{"line":42,"column":1}},"line":35},"5":{"name":"(anonymous_5)","decl":{"start":{"line":44,"column":28},"end":{"line":44,"column":29}},"loc":{"start":{"line":44,"column":48},"end":{"line":51,"column":1}},"line":44},"6":{"name":"(anonymous_6)","decl":{"start":{"line":53,"column":22},"end":{"line":53,"column":23}},"loc":{"start":{"line":53,"column":42},"end":{"line":61,"column":1}},"line":53},"7":{"name":"(anonymous_7)","decl":{"start":{"line":63,"column":21},"end":{"line":63,"column":22}},"loc":{"start":{"line":63,"column":41},"end":{"line":71,"column":1}},"line":63}},"branchMap":{},"s":{"0":2,"1":2,"2":2,"3":1,"4":1,"5":2,"6":2,"7":2,"8":1,"9":1,"10":2,"11":2,"12":2,"13":1,"14":1,"15":2,"16":1,"17":2,"18":2,"19":2,"20":1,"21":1,"22":2,"23":2,"24":2,"25":1,"26":1,"27":2,"28":2,"29":2,"30":2,"31":1,"32":1,"33":2,"34":2,"35":2,"36":2,"37":1,"38":1},"f":{"0":2,"1":2,"2":2,"3":1,"4":2,"5":2,"6":2,"7":2},"b":{},"inputSourceMap":null,"_coverageSchema":"1a1c01bbd47fc00a2c39e90264f33305004495a9","hash":"f1b03bc31e58cb1228c56a152002f56a932d299f"}
,"D:\\ief2i\\Soutenance_Concepteur_Dev_FullStack\\DEV O23 (3-4) – G4 – Code source site internet\\DEVO23-G4-SAILINGLOC\\back\\controllers\\availability.controller.js": {"path":"D:\\ief2i\\Soutenance_Concepteur_Dev_FullStack\\DEV O23 (3-4) – G4 – Code source site internet\\DEVO23-G4-SAILINGLOC\\back\\controllers\\availability.controller.js","statementMap":{"0":{"start":{"line":3,"column":14},"end":{"line":10,"column":1}},"1":{"start":{"line":4,"column":2},"end":{"line":9,"column":3}},"2":{"start":{"line":5,"column":27},"end":{"line":5,"column":75}},"3":{"start":{"line":6,"column":4},"end":{"line":6,"column":29}},"4":{"start":{"line":8,"column":4},"end":{"line":8,"column":51}},"5":{"start":{"line":12,"column":15},"end":{"line":21,"column":1}},"6":{"start":{"line":13,"column":2},"end":{"line":20,"column":3}},"7":{"start":{"line":14,"column":4},"end":{"line":14,"column":36}},"8":{"start":{"line":16,"column":19},"end":{"line":16,"column":73}},"9":{"start":{"line":17,"column":4},"end":{"line":17,"column":33}},"10":{"start":{"line":19,"column":4},"end":{"line":19,"column":51}},"11":{"start":{"line":23,"column":13},"end":{"line":30,"column":1}},"12":{"start":{"line":24,"column":2},"end":{"line":29,"column":3}},"13":{"start":{"line":25,"column":19},"end":{"line":25,"column":79}},"14":{"start":{"line":26,"column":4},"end":{"line":26,"column":21}},"15":{"start":{"line":28,"column":4},"end":{"line":28,"column":51}},"16":{"start":{"line":32,"column":15},"end":{"line":39,"column":1}},"17":{"start":{"line":33,"column":2},"end":{"line":38,"column":3}},"18":{"start":{"line":34,"column":19},"end":{"line":34,"column":88}},"19":{"start":{"line":35,"column":4},"end":{"line":35,"column":21}},"20":{"start":{"line":37,"column":4},"end":{"line":37,"column":51}},"21":{"start":{"line":41,"column":15},"end":{"line":48,"column":1}},"22":{"start":{"line":42,"column":2},"end":{"line":47,"column":3}},"23":{"start":{"line":43,"column":4},"end":{"line":43,"column":64}},"24":{"start":{"line":44,"column":4},"end":{"line":44,"column":27}},"25":{"start":{"line":46,"column":4},"end":{"line":46,"column":51}},"26":{"start":{"line":50,"column":30},"end":{"line":57,"column":1}},"27":{"start":{"line":51,"column":2},"end":{"line":56,"column":3}},"28":{"start":{"line":52,"column":19},"end":{"line":52,"column":86}},"29":{"start":{"line":53,"column":4},"end":{"line":53,"column":21}},"30":{"start":{"line":55,"column":4},"end":{"line":55,"column":51}}},"fnMap":{"0":{"name":"(anonymous_0)","decl":{"start":{"line":3,"column":14},"end":{"line":3,"column":15}},"loc":{"start":{"line":3,"column":34},"end":{"line":10,"column":1}},"line":3},"1":{"name":"(anonymous_1)","decl":{"start":{"line":12,"column":15},"end":{"line":12,"column":16}},"loc":{"start":{"line":12,"column":35},"end":{"line":21,"column":1}},"line":12},"2":{"name":"(anonymous_2)","decl":{"start":{"line":23,"column":13},"end":{"line":23,"column":14}},"loc":{"start":{"line":23,"column":33},"end":{"line":30,"column":1}},"line":23},"3":{"name":"(anonymous_3)","decl":{"start":{"line":32,"column":15},"end":{"line":32,"column":16}},"loc":{"start":{"line":32,"column":35},"end":{"line":39,"column":1}},"line":32},"4":{"name":"(anonymous_4)","decl":{"start":{"line":41,"column":15},"end":{"line":41,"column":16}},"loc":{"start":{"line":41,"column":35},"end":{"line":48,"column":1}},"line":41},"5":{"name":"(anonymous_5)","decl":{"start":{"line":50,"column":30},"end":{"line":50,"column":31}},"loc":{"start":{"line":50,"column":50},"end":{"line":57,"column":1}},"line":50}},"branchMap":{},"s":{"0":2,"1":2,"2":2,"3":1,"4":1,"5":2,"6":2,"7":2,"8":2,"9":1,"10":1,"11":2,"12":2,"13":2,"14":1,"15":1,"16":2,"17":2,"18":2,"19":1,"20":1,"21":2,"22":2,"23":2,"24":1,"25":1,"26":2,"27":2,"28":2,"29":1,"30":1},"f":{"0":2,"1":2,"2":2,"3":2,"4":2,"5":2},"b":{},"inputSourceMap":null,"_coverageSchema":"1a1c01bbd47fc00a2c39e90264f33305004495a9","hash":"4bfe3080480aac5f42c0f07719b431f917b37e25"}
,"D:\\ief2i\\Soutenance_Concepteur_Dev_FullStack\\DEV O23 (3-4) – G4 – Code source site internet\\DEVO23-G4-SAILINGLOC\\back\\controllers\\boat.controller.js": {"path":"D:\\ief2i\\Soutenance_Concepteur_Dev_FullStack\\DEV O23 (3-4) – G4 – Code source site internet\\DEVO23-G4-SAILINGLOC\\back\\controllers\\boat.controller.js","statementMap":{"0":{"start":{"line":5,"column":14},"end":{"line":12,"column":1}},"1":{"start":{"line":6,"column":2},"end":{"line":11,"column":3}},"2":{"start":{"line":7,"column":18},"end":{"line":7,"column":49}},"3":{"start":{"line":8,"column":4},"end":{"line":8,"column":20}},"4":{"start":{"line":10,"column":4},"end":{"line":10,"column":51}},"5":{"start":{"line":14,"column":15},"end":{"line":56,"column":1}},"6":{"start":{"line":15,"column":2},"end":{"line":55,"column":3}},"7":{"start":{"line":17,"column":15},"end":{"line":17,"column":17}},"8":{"start":{"line":18,"column":4},"end":{"line":26,"column":5}},"9":{"start":{"line":19,"column":6},"end":{"line":23,"column":7}},"10":{"start":{"line":20,"column":8},"end":{"line":20,"column":41}},"11":{"start":{"line":22,"column":8},"end":{"line":22,"column":76}},"12":{"start":{"line":25,"column":6},"end":{"line":25,"column":77}},"13":{"start":{"line":29,"column":4},"end":{"line":29,"column":20}},"14":{"start":{"line":32,"column":4},"end":{"line":32,"column":81}},"15":{"start":{"line":32,"column":59},"end":{"line":32,"column":78}},"16":{"start":{"line":33,"column":19},"end":{"line":33,"column":40}},"17":{"start":{"line":34,"column":4},"end":{"line":36,"column":5}},"18":{"start":{"line":35,"column":6},"end":{"line":35,"column":62}},"19":{"start":{"line":39,"column":26},"end":{"line":39,"column":50}},"20":{"start":{"line":40,"column":29},"end":{"line":40,"column":56}},"21":{"start":{"line":42,"column":4},"end":{"line":44,"column":5}},"22":{"start":{"line":43,"column":6},"end":{"line":43,"column":100}},"23":{"start":{"line":47,"column":19},"end":{"line":50,"column":6}},"24":{"start":{"line":52,"column":4},"end":{"line":52,"column":33}},"25":{"start":{"line":54,"column":4},"end":{"line":54,"column":51}},"26":{"start":{"line":58,"column":13},"end":{"line":65,"column":1}},"27":{"start":{"line":59,"column":2},"end":{"line":64,"column":3}},"28":{"start":{"line":60,"column":19},"end":{"line":60,"column":63}},"29":{"start":{"line":61,"column":4},"end":{"line":61,"column":21}},"30":{"start":{"line":63,"column":4},"end":{"line":63,"column":51}},"31":{"start":{"line":67,"column":19},"end":{"line":77,"column":1}},"32":{"start":{"line":68,"column":2},"end":{"line":76,"column":3}},"33":{"start":{"line":69,"column":4},"end":{"line":69,"column":67}},"34":{"start":{"line":71,"column":17},"end":{"line":71,"column":65}},"35":{"start":{"line":72,"column":4},"end":{"line":72,"column":76}},"36":{"start":{"line":72,"column":15},"end":{"line":72,"column":76}},"37":{"start":{"line":73,"column":4},"end":{"line":73,"column":19}},"38":{"start":{"line":75,"column":4},"end":{"line":75,"column":51}},"39":{"start":{"line":79,"column":15},"end":{"line":86,"column":1}},"40":{"start":{"line":80,"column":2},"end":{"line":85,"column":3}},"41":{"start":{"line":81,"column":19},"end":{"line":81,"column":72}},"42":{"start":{"line":82,"column":4},"end":{"line":82,"column":21}},"43":{"start":{"line":84,"column":4},"end":{"line":84,"column":51}},"44":{"start":{"line":88,"column":15},"end":{"line":95,"column":1}},"45":{"start":{"line":89,"column":2},"end":{"line":94,"column":3}},"46":{"start":{"line":90,"column":4},"end":{"line":90,"column":48}},"47":{"start":{"line":91,"column":4},"end":{"line":91,"column":27}},"48":{"start":{"line":93,"column":4},"end":{"line":93,"column":51}},"49":{"start":{"line":97,"column":25},"end":{"line":106,"column":1}},"50":{"start":{"line":98,"column":2},"end":{"line":105,"column":3}},"51":{"start":{"line":99,"column":20},"end":{"line":99,"column":29}},"52":{"start":{"line":101,"column":19},"end":{"line":101,"column":62}},"53":{"start":{"line":102,"column":4},"end":{"line":102,"column":21}},"54":{"start":{"line":104,"column":4},"end":{"line":104,"column":51}},"55":{"start":{"line":108,"column":22},"end":{"line":115,"column":1}},"56":{"start":{"line":109,"column":2},"end":{"line":114,"column":3}},"57":{"start":{"line":110,"column":19},"end":{"line":110,"column":65}},"58":{"start":{"line":111,"column":4},"end":{"line":111,"column":21}},"59":{"start":{"line":113,"column":4},"end":{"line":113,"column":51}},"60":{"start":{"line":117,"column":26},"end":{"line":124,"column":1}},"61":{"start":{"line":118,"column":2},"end":{"line":123,"column":3}},"62":{"start":{"line":119,"column":19},"end":{"line":119,"column":69}},"63":{"start":{"line":120,"column":4},"end":{"line":120,"column":21}},"64":{"start":{"line":122,"column":4},"end":{"line":122,"column":51}},"65":{"start":{"line":126,"column":30},"end":{"line":133,"column":1}},"66":{"start":{"line":127,"column":2},"end":{"line":132,"column":3}},"67":{"start":{"line":128,"column":19},"end":{"line":128,"column":73}},"68":{"start":{"line":129,"column":4},"end":{"line":129,"column":21}},"69":{"start":{"line":131,"column":4},"end":{"line":131,"column":51}},"70":{"start":{"line":135,"column":23},"end":{"line":142,"column":1}},"71":{"start":{"line":136,"column":2},"end":{"line":141,"column":3}},"72":{"start":{"line":137,"column":19},"end":{"line":137,"column":66}},"73":{"start":{"line":138,"column":4},"end":{"line":138,"column":21}},"74":{"start":{"line":140,"column":4},"end":{"line":140,"column":51}},"75":{"start":{"line":144,"column":28},"end":{"line":151,"column":1}},"76":{"start":{"line":145,"column":2},"end":{"line":150,"column":3}},"77":{"start":{"line":146,"column":19},"end":{"line":146,"column":71}},"78":{"start":{"line":147,"column":4},"end":{"line":147,"column":21}},"79":{"start":{"line":149,"column":4},"end":{"line":149,"column":51}}},"fnMap":{"0":{"name":"(anonymous_0)","decl":{"start":{"line":5,"column":14},"end":{"line":5,"column":15}},"loc":{"start":{"line":5,"column":34},"end":{"line":12,"column":1}},"line":5},"1":{"name":"(anonymous_1)","decl":{"start":{"line":14,"column":15},"end":{"line":14,"column":16}},"loc":{"start":{"line":14,"column":35},"end":{"line":56,"column":1}},"line":14},"2":{"name":"(anonymous_2)","decl":{"start":{"line":32,"column":45},"end":{"line":32,"column":46}},"loc":{"start":{"line":32,"column":59},"end":{"line":32,"column":78}},"line":32},"3":{"name":"(anonymous_3)","decl":{"start":{"line":58,"column":13},"end":{"line":58,"column":14}},"loc":{"start":{"line":58,"column":33},"end":{"line":65,"column":1}},"line":58},"4":{"name":"(anonymous_4)","decl":{"start":{"line":67,"column":19},"end":{"line":67,"column":20}},"loc":{"start":{"line":67,"column":39},"end":{"line":77,"column":1}},"line":67},"5":{"name":"(anonymous_5)","decl":{"start":{"line":79,"column":15},"end":{"line":79,"column":16}},"loc":{"start":{"line":79,"column":35},"end":{"line":86,"column":1}},"line":79},"6":{"name":"(anonymous_6)","decl":{"start":{"line":88,"column":15},"end":{"line":88,"column":16}},"loc":{"start":{"line":88,"column":35},"end":{"line":95,"column":1}},"line":88},"7":{"name":"(anonymous_7)","decl":{"start":{"line":97,"column":25},"end":{"line":97,"column":26}},"loc":{"start":{"line":97,"column":45},"end":{"line":106,"column":1}},"line":97},"8":{"name":"(anonymous_8)","decl":{"start":{"line":108,"column":22},"end":{"line":108,"column":23}},"loc":{"start":{"line":108,"column":42},"end":{"line":115,"column":1}},"line":108},"9":{"name":"(anonymous_9)","decl":{"start":{"line":117,"column":26},"end":{"line":117,"column":27}},"loc":{"start":{"line":117,"column":46},"end":{"line":124,"column":1}},"line":117},"10":{"name":"(anonymous_10)","decl":{"start":{"line":126,"column":30},"end":{"line":126,"column":31}},"loc":{"start":{"line":126,"column":50},"end":{"line":133,"column":1}},"line":126},"11":{"name":"(anonymous_11)","decl":{"start":{"line":135,"column":23},"end":{"line":135,"column":24}},"loc":{"start":{"line":135,"column":43},"end":{"line":142,"column":1}},"line":135},"12":{"name":"(anonymous_12)","decl":{"start":{"line":144,"column":28},"end":{"line":144,"column":29}},"loc":{"start":{"line":144,"column":48},"end":{"line":151,"column":1}},"line":144}},"branchMap":{"0":{"loc":{"start":{"line":18,"column":4},"end":{"line":26,"column":5}},"type":"if","locations":[{"start":{"line":18,"column":4},"end":{"line":26,"column":5}},{"start":{"line":24,"column":11},"end":{"line":26,"column":5}}],"line":18},"1":{"loc":{"start":{"line":34,"column":4},"end":{"line":36,"column":5}},"type":"if","locations":[{"start":{"line":34,"column":4},"end":{"line":36,"column":5}},{"start":{},"end":{}}],"line":34},"2":{"loc":{"start":{"line":42,"column":4},"end":{"line":44,"column":5}},"type":"if","locations":[{"start":{"line":42,"column":4},"end":{"line":44,"column":5}},{"start":{},"end":{}}],"line":42},"3":{"loc":{"start":{"line":42,"column":8},"end":{"line":42,"column":43}},"type":"binary-expr","locations":[{"start":{"line":42,"column":8},"end":{"line":42,"column":22}},{"start":{"line":42,"column":26},"end":{"line":42,"column":43}}],"line":42},"4":{"loc":{"start":{"line":72,"column":4},"end":{"line":72,"column":76}},"type":"if","locations":[{"start":{"line":72,"column":4},"end":{"line":72,"column":76}},{"start":{},"end":{}}],"line":72}},"s":{"0":2,"1":2,"2":2,"3":1,"4":1,"5":2,"6":2,"7":2,"8":2,"9":0,"10":0,"11":0,"12":2,"13":0,"14":0,"15":0,"16":0,"17":0,"18":0,"19":0,"20":0,"21":0,"22":0,"23":0,"24":0,"25":0,"26":2,"27":2,"28":2,"29":1,"30":1,"31":2,"32":3,"33":3,"34":3,"35":2,"36":1,"37":1,"38":1,"39":2,"40":2,"41":2,"42":1,"43":1,"44":2,"45":2,"46":2,"47":1,"48":1,"49":2,"50":2,"51":2,"52":2,"53":1,"54":1,"55":2,"56":2,"57":2,"58":1,"59":1,"60":2,"61":2,"62":2,"63":1,"64":1,"65":2,"66":2,"67":2,"68":1,"69":1,"70":2,"71":2,"72":2,"73":1,"74":1,"75":2,"76":2,"77":2,"78":1,"79":1},"f":{"0":2,"1":2,"2":0,"3":2,"4":3,"5":2,"6":2,"7":2,"8":2,"9":2,"10":2,"11":2,"12":2},"b":{"0":[0,2],"1":[0,0],"2":[0,0],"3":[0,0],"4":[1,1]},"inputSourceMap":null,"_coverageSchema":"1a1c01bbd47fc00a2c39e90264f33305004495a9","hash":"fae15a072031ad3208b49acfa825e9feaca6f8d7"}
,"D:\\ief2i\\Soutenance_Concepteur_Dev_FullStack\\DEV O23 (3-4) – G4 – Code source site internet\\DEVO23-G4-SAILINGLOC\\back\\controllers\\boatEquipment.controller.js": {"path":"D:\\ief2i\\Soutenance_Concepteur_Dev_FullStack\\DEV O23 (3-4) – G4 – Code source site internet\\DEVO23-G4-SAILINGLOC\\back\\controllers\\boatEquipment.controller.js","statementMap":{"0":{"start":{"line":3,"column":14},"end":{"line":10,"column":1}},"1":{"start":{"line":4,"column":2},"end":{"line":9,"column":3}},"2":{"start":{"line":5,"column":23},"end":{"line":5,"column":72}},"3":{"start":{"line":6,"column":4},"end":{"line":6,"column":25}},"4":{"start":{"line":8,"column":4},"end":{"line":8,"column":51}},"5":{"start":{"line":12,"column":15},"end":{"line":19,"column":1}},"6":{"start":{"line":13,"column":2},"end":{"line":18,"column":3}},"7":{"start":{"line":14,"column":19},"end":{"line":14,"column":75}},"8":{"start":{"line":15,"column":4},"end":{"line":15,"column":33}},"9":{"start":{"line":17,"column":4},"end":{"line":17,"column":51}},"10":{"start":{"line":21,"column":13},"end":{"line":28,"column":1}},"11":{"start":{"line":22,"column":2},"end":{"line":27,"column":3}},"12":{"start":{"line":23,"column":19},"end":{"line":23,"column":81}},"13":{"start":{"line":24,"column":4},"end":{"line":24,"column":21}},"14":{"start":{"line":26,"column":4},"end":{"line":26,"column":51}},"15":{"start":{"line":30,"column":15},"end":{"line":37,"column":1}},"16":{"start":{"line":31,"column":2},"end":{"line":36,"column":3}},"17":{"start":{"line":32,"column":19},"end":{"line":32,"column":90}},"18":{"start":{"line":33,"column":4},"end":{"line":33,"column":21}},"19":{"start":{"line":35,"column":4},"end":{"line":35,"column":51}},"20":{"start":{"line":39,"column":15},"end":{"line":46,"column":1}},"21":{"start":{"line":40,"column":2},"end":{"line":45,"column":3}},"22":{"start":{"line":41,"column":4},"end":{"line":41,"column":66}},"23":{"start":{"line":42,"column":4},"end":{"line":42,"column":27}},"24":{"start":{"line":44,"column":4},"end":{"line":44,"column":51}},"25":{"start":{"line":48,"column":26},"end":{"line":55,"column":1}},"26":{"start":{"line":49,"column":2},"end":{"line":54,"column":3}},"27":{"start":{"line":50,"column":19},"end":{"line":50,"column":78}},"28":{"start":{"line":51,"column":4},"end":{"line":51,"column":21}},"29":{"start":{"line":53,"column":4},"end":{"line":53,"column":51}},"30":{"start":{"line":57,"column":23},"end":{"line":68,"column":1}},"31":{"start":{"line":58,"column":2},"end":{"line":67,"column":3}},"32":{"start":{"line":60,"column":23},"end":{"line":60,"column":33}},"33":{"start":{"line":61,"column":26},"end":{"line":61,"column":34}},"34":{"start":{"line":62,"column":4},"end":{"line":62,"column":69}},"35":{"start":{"line":63,"column":4},"end":{"line":63,"column":54}},"36":{"start":{"line":65,"column":4},"end":{"line":65,"column":46}},"37":{"start":{"line":66,"column":4},"end":{"line":66,"column":49}}},"fnMap":{"0":{"name":"(anonymous_0)","decl":{"start":{"line":3,"column":14},"end":{"line":3,"column":15}},"loc":{"start":{"line":3,"column":34},"end":{"line":10,"column":1}},"line":3},"1":{"name":"(anonymous_1)","decl":{"start":{"line":12,"column":15},"end":{"line":12,"column":16}},"loc":{"start":{"line":12,"column":35},"end":{"line":19,"column":1}},"line":12},"2":{"name":"(anonymous_2)","decl":{"start":{"line":21,"column":13},"end":{"line":21,"column":14}},"loc":{"start":{"line":21,"column":33},"end":{"line":28,"column":1}},"line":21},"3":{"name":"(anonymous_3)","decl":{"start":{"line":30,"column":15},"end":{"line":30,"column":16}},"loc":{"start":{"line":30,"column":35},"end":{"line":37,"column":1}},"line":30},"4":{"name":"(anonymous_4)","decl":{"start":{"line":39,"column":15},"end":{"line":39,"column":16}},"loc":{"start":{"line":39,"column":35},"end":{"line":46,"column":1}},"line":39},"5":{"name":"(anonymous_5)","decl":{"start":{"line":48,"column":26},"end":{"line":48,"column":27}},"loc":{"start":{"line":48,"column":46},"end":{"line":55,"column":1}},"line":48},"6":{"name":"(anonymous_6)","decl":{"start":{"line":57,"column":23},"end":{"line":57,"column":24}},"loc":{"start":{"line":57,"column":43},"end":{"line":68,"column":1}},"line":57}},"branchMap":{},"s":{"0":2,"1":2,"2":2,"3":1,"4":1,"5":2,"6":2,"7":2,"8":1,"9":1,"10":2,"11":2,"12":2,"13":1,"14":1,"15":2,"16":2,"17":2,"18":1,"19":1,"20":2,"21":2,"22":2,"23":1,"24":1,"25":2,"26":2,"27":2,"28":1,"29":1,"30":2,"31":0,"32":0,"33":0,"34":0,"35":0,"36":0,"37":0},"f":{"0":2,"1":2,"2":2,"3":2,"4":2,"5":2,"6":0},"b":{},"inputSourceMap":null,"_coverageSchema":"1a1c01bbd47fc00a2c39e90264f33305004495a9","hash":"4faaa29f23a7a6d8879061f6ef5dbf1b3f1d3c63"}
,"D:\\ief2i\\Soutenance_Concepteur_Dev_FullStack\\DEV O23 (3-4) – G4 – Code source site internet\\DEVO23-G4-SAILINGLOC\\back\\controllers\\boatPhoto.controller.js": {"path":"D:\\ief2i\\Soutenance_Concepteur_Dev_FullStack\\DEV O23 (3-4) – G4 – Code source site internet\\DEVO23-G4-SAILINGLOC\\back\\controllers\\boatPhoto.controller.js","statementMap":{"0":{"start":{"line":3,"column":14},"end":{"line":10,"column":1}},"1":{"start":{"line":4,"column":2},"end":{"line":9,"column":3}},"2":{"start":{"line":5,"column":19},"end":{"line":5,"column":60}},"3":{"start":{"line":6,"column":4},"end":{"line":6,"column":21}},"4":{"start":{"line":8,"column":4},"end":{"line":8,"column":51}},"5":{"start":{"line":12,"column":15},"end":{"line":29,"column":1}},"6":{"start":{"line":13,"column":2},"end":{"line":28,"column":3}},"7":{"start":{"line":14,"column":35},"end":{"line":14,"column":43}},"8":{"start":{"line":16,"column":18},"end":{"line":18,"column":26}},"9":{"start":{"line":20,"column":19},"end":{"line":24,"column":5}},"10":{"start":{"line":25,"column":4},"end":{"line":25,"column":33}},"11":{"start":{"line":27,"column":4},"end":{"line":27,"column":51}},"12":{"start":{"line":31,"column":13},"end":{"line":38,"column":1}},"13":{"start":{"line":32,"column":2},"end":{"line":37,"column":3}},"14":{"start":{"line":33,"column":19},"end":{"line":33,"column":73}},"15":{"start":{"line":34,"column":4},"end":{"line":34,"column":21}},"16":{"start":{"line":36,"column":4},"end":{"line":36,"column":51}},"17":{"start":{"line":40,"column":15},"end":{"line":62,"column":1}},"18":{"start":{"line":41,"column":2},"end":{"line":61,"column":3}},"19":{"start":{"line":42,"column":19},"end":{"line":42,"column":29}},"20":{"start":{"line":43,"column":17},"end":{"line":43,"column":25}},"21":{"start":{"line":46,"column":17},"end":{"line":46,"column":58}},"22":{"start":{"line":48,"column":19},"end":{"line":52,"column":5}},"23":{"start":{"line":54,"column":4},"end":{"line":56,"column":5}},"24":{"start":{"line":55,"column":6},"end":{"line":55,"column":66}},"25":{"start":{"line":58,"column":4},"end":{"line":58,"column":21}},"26":{"start":{"line":60,"column":4},"end":{"line":60,"column":51}},"27":{"start":{"line":64,"column":15},"end":{"line":71,"column":1}},"28":{"start":{"line":65,"column":2},"end":{"line":70,"column":3}},"29":{"start":{"line":66,"column":4},"end":{"line":66,"column":58}},"30":{"start":{"line":67,"column":4},"end":{"line":67,"column":27}},"31":{"start":{"line":69,"column":4},"end":{"line":69,"column":51}},"32":{"start":{"line":73,"column":22},"end":{"line":80,"column":1}},"33":{"start":{"line":74,"column":2},"end":{"line":79,"column":3}},"34":{"start":{"line":75,"column":19},"end":{"line":75,"column":70}},"35":{"start":{"line":76,"column":4},"end":{"line":76,"column":21}},"36":{"start":{"line":78,"column":4},"end":{"line":78,"column":51}},"37":{"start":{"line":82,"column":21},"end":{"line":98,"column":1}},"38":{"start":{"line":83,"column":2},"end":{"line":97,"column":3}},"39":{"start":{"line":84,"column":19},"end":{"line":84,"column":29}},"40":{"start":{"line":86,"column":19},"end":{"line":88,"column":6}},"41":{"start":{"line":90,"column":4},"end":{"line":92,"column":5}},"42":{"start":{"line":91,"column":6},"end":{"line":91,"column":66}},"43":{"start":{"line":94,"column":4},"end":{"line":94,"column":21}},"44":{"start":{"line":96,"column":4},"end":{"line":96,"column":51}},"45":{"start":{"line":100,"column":26},"end":{"line":114,"column":1}},"46":{"start":{"line":101,"column":2},"end":{"line":113,"column":3}},"47":{"start":{"line":102,"column":23},"end":{"line":102,"column":33}},"48":{"start":{"line":103,"column":32},"end":{"line":103,"column":40}},"49":{"start":{"line":105,"column":21},"end":{"line":105,"column":115}},"50":{"start":{"line":107,"column":25},"end":{"line":107,"column":52}},"51":{"start":{"line":109,"column":4},"end":{"line":109,"column":82}},"52":{"start":{"line":110,"column":4},"end":{"line":110,"column":62}},"53":{"start":{"line":112,"column":4},"end":{"line":112,"column":49}}},"fnMap":{"0":{"name":"(anonymous_0)","decl":{"start":{"line":3,"column":14},"end":{"line":3,"column":15}},"loc":{"start":{"line":3,"column":34},"end":{"line":10,"column":1}},"line":3},"1":{"name":"(anonymous_1)","decl":{"start":{"line":12,"column":15},"end":{"line":12,"column":16}},"loc":{"start":{"line":12,"column":35},"end":{"line":29,"column":1}},"line":12},"2":{"name":"(anonymous_2)","decl":{"start":{"line":31,"column":13},"end":{"line":31,"column":14}},"loc":{"start":{"line":31,"column":33},"end":{"line":38,"column":1}},"line":31},"3":{"name":"(anonymous_3)","decl":{"start":{"line":40,"column":15},"end":{"line":40,"column":16}},"loc":{"start":{"line":40,"column":35},"end":{"line":62,"column":1}},"line":40},"4":{"name":"(anonymous_4)","decl":{"start":{"line":64,"column":15},"end":{"line":64,"column":16}},"loc":{"start":{"line":64,"column":35},"end":{"line":71,"column":1}},"line":64},"5":{"name":"(anonymous_5)","decl":{"start":{"line":73,"column":22},"end":{"line":73,"column":23}},"loc":{"start":{"line":73,"column":42},"end":{"line":80,"column":1}},"line":73},"6":{"name":"(anonymous_6)","decl":{"start":{"line":82,"column":21},"end":{"line":82,"column":22}},"loc":{"start":{"line":82,"column":41},"end":{"line":98,"column":1}},"line":82},"7":{"name":"(anonymous_7)","decl":{"start":{"line":100,"column":26},"end":{"line":100,"column":27}},"loc":{"start":{"line":100,"column":46},"end":{"line":114,"column":1}},"line":100}},"branchMap":{"0":{"loc":{"start":{"line":16,"column":18},"end":{"line":18,"column":26}},"type":"cond-expr","locations":[{"start":{"line":17,"column":8},"end":{"line":17,"column":24}},{"start":{"line":18,"column":8},"end":{"line":18,"column":26}}],"line":16},"1":{"loc":{"start":{"line":46,"column":17},"end":{"line":46,"column":58}},"type":"cond-expr","locations":[{"start":{"line":46,"column":36},"end":{"line":46,"column":51}},{"start":{"line":46,"column":54},"end":{"line":46,"column":58}}],"line":46},"2":{"loc":{"start":{"line":54,"column":4},"end":{"line":56,"column":5}},"type":"if","locations":[{"start":{"line":54,"column":4},"end":{"line":56,"column":5}},{"start":{},"end":{}}],"line":54},"3":{"loc":{"start":{"line":90,"column":4},"end":{"line":92,"column":5}},"type":"if","locations":[{"start":{"line":90,"column":4},"end":{"line":92,"column":5}},{"start":{},"end":{}}],"line":90},"4":{"loc":{"start":{"line":105,"column":21},"end":{"line":105,"column":115}},"type":"cond-expr","locations":[{"start":{"line":105,"column":41},"end":{"line":105,"column":109}},{"start":{"line":105,"column":113},"end":{"line":105,"column":115}}],"line":105},"5":{"loc":{"start":{"line":105,"column":41},"end":{"line":105,"column":109}},"type":"cond-expr","locations":[{"start":{"line":105,"column":74},"end":{"line":105,"column":89}},{"start":{"line":105,"column":92},"end":{"line":105,"column":109}}],"line":105},"6":{"loc":{"start":{"line":107,"column":36},"end":{"line":107,"column":51}},"type":"binary-expr","locations":[{"start":{"line":107,"column":36},"end":{"line":107,"column":43}},{"start":{"line":107,"column":47},"end":{"line":107,"column":51}}],"line":107}},"s":{"0":2,"1":2,"2":2,"3":1,"4":1,"5":2,"6":4,"7":4,"8":4,"9":4,"10":2,"11":2,"12":2,"13":2,"14":2,"15":1,"16":1,"17":2,"18":2,"19":2,"20":2,"21":2,"22":2,"23":1,"24":0,"25":1,"26":1,"27":2,"28":2,"29":2,"30":1,"31":1,"32":2,"33":2,"34":2,"35":1,"36":1,"37":2,"38":0,"39":0,"40":0,"41":0,"42":0,"43":0,"44":0,"45":2,"46":0,"47":0,"48":0,"49":0,"50":0,"51":0,"52":0,"53":0},"f":{"0":2,"1":4,"2":2,"3":2,"4":2,"5":2,"6":0,"7":0},"b":{"0":[1,3],"1":[0,2],"2":[0,1],"3":[0,0],"4":[0,0],"5":[0,0],"6":[0,0]},"inputSourceMap":null,"_coverageSchema":"1a1c01bbd47fc00a2c39e90264f33305004495a9","hash":"91ce3332557a7955408a398eee93abffce7dbcae"}
,"D:\\ief2i\\Soutenance_Concepteur_Dev_FullStack\\DEV O23 (3-4) – G4 – Code source site internet\\DEVO23-G4-SAILINGLOC\\back\\controllers\\boatType.controller.js": {"path":"D:\\ief2i\\Soutenance_Concepteur_Dev_FullStack\\DEV O23 (3-4) – G4 – Code source site internet\\DEVO23-G4-SAILINGLOC\\back\\controllers\\boatType.controller.js","statementMap":{"0":{"start":{"line":3,"column":14},"end":{"line":10,"column":1}},"1":{"start":{"line":4,"column":2},"end":{"line":9,"column":3}},"2":{"start":{"line":5,"column":18},"end":{"line":5,"column":57}},"3":{"start":{"line":6,"column":4},"end":{"line":6,"column":20}},"4":{"start":{"line":8,"column":4},"end":{"line":8,"column":51}},"5":{"start":{"line":12,"column":15},"end":{"line":28,"column":1}},"6":{"start":{"line":13,"column":2},"end":{"line":27,"column":3}},"7":{"start":{"line":14,"column":17},"end":{"line":14,"column":25}},"8":{"start":{"line":17,"column":17},"end":{"line":17,"column":58}},"9":{"start":{"line":19,"column":4},"end":{"line":19,"column":41}},"10":{"start":{"line":20,"column":4},"end":{"line":20,"column":121}},"11":{"start":{"line":22,"column":19},"end":{"line":22,"column":67}},"12":{"start":{"line":23,"column":4},"end":{"line":23,"column":33}},"13":{"start":{"line":25,"column":4},"end":{"line":25,"column":55}},"14":{"start":{"line":26,"column":4},"end":{"line":26,"column":51}},"15":{"start":{"line":30,"column":13},"end":{"line":40,"column":1}},"16":{"start":{"line":31,"column":2},"end":{"line":39,"column":3}},"17":{"start":{"line":32,"column":19},"end":{"line":32,"column":71}},"18":{"start":{"line":33,"column":4},"end":{"line":35,"column":5}},"19":{"start":{"line":34,"column":6},"end":{"line":34,"column":74}},"20":{"start":{"line":36,"column":4},"end":{"line":36,"column":21}},"21":{"start":{"line":38,"column":4},"end":{"line":38,"column":51}},"22":{"start":{"line":42,"column":15},"end":{"line":64,"column":1}},"23":{"start":{"line":43,"column":2},"end":{"line":63,"column":3}},"24":{"start":{"line":44,"column":19},"end":{"line":44,"column":29}},"25":{"start":{"line":45,"column":17},"end":{"line":45,"column":25}},"26":{"start":{"line":48,"column":17},"end":{"line":48,"column":58}},"27":{"start":{"line":50,"column":19},"end":{"line":54,"column":5}},"28":{"start":{"line":56,"column":4},"end":{"line":58,"column":5}},"29":{"start":{"line":57,"column":6},"end":{"line":57,"column":74}},"30":{"start":{"line":60,"column":4},"end":{"line":60,"column":21}},"31":{"start":{"line":62,"column":4},"end":{"line":62,"column":51}},"32":{"start":{"line":66,"column":15},"end":{"line":76,"column":1}},"33":{"start":{"line":67,"column":2},"end":{"line":75,"column":3}},"34":{"start":{"line":68,"column":19},"end":{"line":68,"column":70}},"35":{"start":{"line":69,"column":4},"end":{"line":71,"column":5}},"36":{"start":{"line":70,"column":6},"end":{"line":70,"column":74}},"37":{"start":{"line":72,"column":4},"end":{"line":72,"column":27}},"38":{"start":{"line":74,"column":4},"end":{"line":74,"column":51}}},"fnMap":{"0":{"name":"(anonymous_0)","decl":{"start":{"line":3,"column":14},"end":{"line":3,"column":15}},"loc":{"start":{"line":3,"column":34},"end":{"line":10,"column":1}},"line":3},"1":{"name":"(anonymous_1)","decl":{"start":{"line":12,"column":15},"end":{"line":12,"column":16}},"loc":{"start":{"line":12,"column":35},"end":{"line":28,"column":1}},"line":12},"2":{"name":"(anonymous_2)","decl":{"start":{"line":30,"column":13},"end":{"line":30,"column":14}},"loc":{"start":{"line":30,"column":33},"end":{"line":40,"column":1}},"line":30},"3":{"name":"(anonymous_3)","decl":{"start":{"line":42,"column":15},"end":{"line":42,"column":16}},"loc":{"start":{"line":42,"column":35},"end":{"line":64,"column":1}},"line":42},"4":{"name":"(anonymous_4)","decl":{"start":{"line":66,"column":15},"end":{"line":66,"column":16}},"loc":{"start":{"line":66,"column":35},"end":{"line":76,"column":1}},"line":66}},"branchMap":{"0":{"loc":{"start":{"line":17,"column":17},"end":{"line":17,"column":58}},"type":"cond-expr","locations":[{"start":{"line":17,"column":36},"end":{"line":17,"column":51}},{"start":{"line":17,"column":54},"end":{"line":17,"column":58}}],"line":17},"1":{"loc":{"start":{"line":20,"column":33},"end":{"line":20,"column":119}},"type":"cond-expr","locations":[{"start":{"line":20,"column":40},"end":{"line":20,"column":101}},{"start":{"line":20,"column":104},"end":{"line":20,"column":119}}],"line":20},"2":{"loc":{"start":{"line":33,"column":4},"end":{"line":35,"column":5}},"type":"if","locations":[{"start":{"line":33,"column":4},"end":{"line":35,"column":5}},{"start":{},"end":{}}],"line":33},"3":{"loc":{"start":{"line":48,"column":17},"end":{"line":48,"column":58}},"type":"cond-expr","locations":[{"start":{"line":48,"column":36},"end":{"line":48,"column":51}},{"start":{"line":48,"column":54},"end":{"line":48,"column":58}}],"line":48},"4":{"loc":{"start":{"line":56,"column":4},"end":{"line":58,"column":5}},"type":"if","locations":[{"start":{"line":56,"column":4},"end":{"line":58,"column":5}},{"start":{},"end":{}}],"line":56},"5":{"loc":{"start":{"line":69,"column":4},"end":{"line":71,"column":5}},"type":"if","locations":[{"start":{"line":69,"column":4},"end":{"line":71,"column":5}},{"start":{},"end":{}}],"line":69}},"s":{"0":2,"1":2,"2":2,"3":1,"4":1,"5":2,"6":2,"7":2,"8":2,"9":2,"10":2,"11":2,"12":1,"13":1,"14":1,"15":2,"16":2,"17":2,"18":1,"19":0,"20":1,"21":1,"22":2,"23":2,"24":2,"25":2,"26":2,"27":2,"28":1,"29":0,"30":1,"31":1,"32":2,"33":2,"34":2,"35":1,"36":1,"37":0,"38":1},"f":{"0":2,"1":2,"2":2,"3":2,"4":2},"b":{"0":[0,2],"1":[0,2],"2":[0,1],"3":[0,2],"4":[0,1],"5":[1,0]},"inputSourceMap":null,"_coverageSchema":"1a1c01bbd47fc00a2c39e90264f33305004495a9","hash":"c8ca17ae773f768886b66843401aa8cf5007c774"}
,"D:\\ief2i\\Soutenance_Concepteur_Dev_FullStack\\DEV O23 (3-4) – G4 – Code source site internet\\DEVO23-G4-SAILINGLOC\\back\\controllers\\contract.controller.js": {"path":"D:\\ief2i\\Soutenance_Concepteur_Dev_FullStack\\DEV O23 (3-4) – G4 – Code source site internet\\DEVO23-G4-SAILINGLOC\\back\\controllers\\contract.controller.js","statementMap":{"0":{"start":{"line":3,"column":14},"end":{"line":10,"column":1}},"1":{"start":{"line":4,"column":2},"end":{"line":9,"column":3}},"2":{"start":{"line":5,"column":22},"end":{"line":5,"column":61}},"3":{"start":{"line":6,"column":4},"end":{"line":6,"column":24}},"4":{"start":{"line":8,"column":4},"end":{"line":8,"column":51}},"5":{"start":{"line":12,"column":15},"end":{"line":37,"column":1}},"6":{"start":{"line":14,"column":2},"end":{"line":36,"column":3}},"7":{"start":{"line":16,"column":15},"end":{"line":16,"column":17}},"8":{"start":{"line":17,"column":4},"end":{"line":25,"column":5}},"9":{"start":{"line":18,"column":6},"end":{"line":22,"column":7}},"10":{"start":{"line":19,"column":8},"end":{"line":19,"column":41}},"11":{"start":{"line":21,"column":8},"end":{"line":21,"column":76}},"12":{"start":{"line":24,"column":6},"end":{"line":24,"column":77}},"13":{"start":{"line":27,"column":4},"end":{"line":27,"column":20}},"14":{"start":{"line":29,"column":21},"end":{"line":29,"column":44}},"15":{"start":{"line":30,"column":19},"end":{"line":32,"column":6}},"16":{"start":{"line":33,"column":4},"end":{"line":33,"column":33}},"17":{"start":{"line":35,"column":4},"end":{"line":35,"column":51}},"18":{"start":{"line":39,"column":13},"end":{"line":46,"column":1}},"19":{"start":{"line":40,"column":2},"end":{"line":45,"column":3}},"20":{"start":{"line":41,"column":19},"end":{"line":41,"column":71}},"21":{"start":{"line":42,"column":4},"end":{"line":42,"column":21}},"22":{"start":{"line":44,"column":4},"end":{"line":44,"column":51}},"23":{"start":{"line":48,"column":15},"end":{"line":55,"column":1}},"24":{"start":{"line":49,"column":2},"end":{"line":54,"column":3}},"25":{"start":{"line":50,"column":19},"end":{"line":50,"column":80}},"26":{"start":{"line":51,"column":4},"end":{"line":51,"column":21}},"27":{"start":{"line":53,"column":4},"end":{"line":53,"column":51}},"28":{"start":{"line":57,"column":15},"end":{"line":64,"column":1}},"29":{"start":{"line":58,"column":2},"end":{"line":63,"column":3}},"30":{"start":{"line":59,"column":4},"end":{"line":59,"column":56}},"31":{"start":{"line":60,"column":4},"end":{"line":60,"column":27}},"32":{"start":{"line":62,"column":4},"end":{"line":62,"column":51}},"33":{"start":{"line":66,"column":31},"end":{"line":73,"column":1}},"34":{"start":{"line":67,"column":2},"end":{"line":72,"column":3}},"35":{"start":{"line":68,"column":19},"end":{"line":68,"column":78}},"36":{"start":{"line":69,"column":4},"end":{"line":69,"column":21}},"37":{"start":{"line":71,"column":4},"end":{"line":71,"column":51}}},"fnMap":{"0":{"name":"(anonymous_0)","decl":{"start":{"line":3,"column":14},"end":{"line":3,"column":15}},"loc":{"start":{"line":3,"column":34},"end":{"line":10,"column":1}},"line":3},"1":{"name":"(anonymous_1)","decl":{"start":{"line":12,"column":15},"end":{"line":12,"column":16}},"loc":{"start":{"line":12,"column":35},"end":{"line":37,"column":1}},"line":12},"2":{"name":"(anonymous_2)","decl":{"start":{"line":39,"column":13},"end":{"line":39,"column":14}},"loc":{"start":{"line":39,"column":33},"end":{"line":46,"column":1}},"line":39},"3":{"name":"(anonymous_3)","decl":{"start":{"line":48,"column":15},"end":{"line":48,"column":16}},"loc":{"start":{"line":48,"column":35},"end":{"line":55,"column":1}},"line":48},"4":{"name":"(anonymous_4)","decl":{"start":{"line":57,"column":15},"end":{"line":57,"column":16}},"loc":{"start":{"line":57,"column":35},"end":{"line":64,"column":1}},"line":57},"5":{"name":"(anonymous_5)","decl":{"start":{"line":66,"column":31},"end":{"line":66,"column":32}},"loc":{"start":{"line":66,"column":51},"end":{"line":73,"column":1}},"line":66}},"branchMap":{"0":{"loc":{"start":{"line":17,"column":4},"end":{"line":25,"column":5}},"type":"if","locations":[{"start":{"line":17,"column":4},"end":{"line":25,"column":5}},{"start":{"line":23,"column":11},"end":{"line":25,"column":5}}],"line":17}},"s":{"0":2,"1":2,"2":2,"3":1,"4":1,"5":2,"6":2,"7":2,"8":2,"9":0,"10":0,"11":0,"12":2,"13":0,"14":0,"15":0,"16":0,"17":0,"18":2,"19":2,"20":2,"21":1,"22":1,"23":2,"24":2,"25":2,"26":1,"27":1,"28":2,"29":2,"30":2,"31":1,"32":1,"33":2,"34":2,"35":2,"36":1,"37":1},"f":{"0":2,"1":2,"2":2,"3":2,"4":2,"5":2},"b":{"0":[0,2]},"inputSourceMap":null,"_coverageSchema":"1a1c01bbd47fc00a2c39e90264f33305004495a9","hash":"13d43386e2ef93d2a220179699875d138ed14fc3"}
,"D:\\ief2i\\Soutenance_Concepteur_Dev_FullStack\\DEV O23 (3-4) – G4 – Code source site internet\\DEVO23-G4-SAILINGLOC\\back\\controllers\\message.controller.js": {"path":"D:\\ief2i\\Soutenance_Concepteur_Dev_FullStack\\DEV O23 (3-4) – G4 – Code source site internet\\DEVO23-G4-SAILINGLOC\\back\\controllers\\message.controller.js","statementMap":{"0":{"start":{"line":3,"column":14},"end":{"line":10,"column":1}},"1":{"start":{"line":4,"column":2},"end":{"line":9,"column":3}},"2":{"start":{"line":5,"column":21},"end":{"line":5,"column":58}},"3":{"start":{"line":6,"column":4},"end":{"line":6,"column":23}},"4":{"start":{"line":8,"column":4},"end":{"line":8,"column":51}},"5":{"start":{"line":12,"column":15},"end":{"line":19,"column":1}},"6":{"start":{"line":13,"column":2},"end":{"line":18,"column":3}},"7":{"start":{"line":14,"column":19},"end":{"line":14,"column":63}},"8":{"start":{"line":15,"column":4},"end":{"line":15,"column":33}},"9":{"start":{"line":17,"column":4},"end":{"line":17,"column":51}},"10":{"start":{"line":21,"column":13},"end":{"line":28,"column":1}},"11":{"start":{"line":22,"column":2},"end":{"line":27,"column":3}},"12":{"start":{"line":23,"column":19},"end":{"line":23,"column":69}},"13":{"start":{"line":24,"column":4},"end":{"line":24,"column":21}},"14":{"start":{"line":26,"column":4},"end":{"line":26,"column":51}},"15":{"start":{"line":30,"column":15},"end":{"line":37,"column":1}},"16":{"start":{"line":31,"column":2},"end":{"line":36,"column":3}},"17":{"start":{"line":32,"column":19},"end":{"line":32,"column":78}},"18":{"start":{"line":33,"column":4},"end":{"line":33,"column":21}},"19":{"start":{"line":35,"column":4},"end":{"line":35,"column":51}},"20":{"start":{"line":39,"column":15},"end":{"line":46,"column":1}},"21":{"start":{"line":40,"column":2},"end":{"line":45,"column":3}},"22":{"start":{"line":41,"column":4},"end":{"line":41,"column":54}},"23":{"start":{"line":42,"column":4},"end":{"line":42,"column":27}},"24":{"start":{"line":44,"column":4},"end":{"line":44,"column":51}},"25":{"start":{"line":48,"column":24},"end":{"line":55,"column":1}},"26":{"start":{"line":49,"column":2},"end":{"line":54,"column":3}},"27":{"start":{"line":50,"column":19},"end":{"line":50,"column":70}},"28":{"start":{"line":51,"column":4},"end":{"line":51,"column":21}},"29":{"start":{"line":53,"column":4},"end":{"line":53,"column":51}},"30":{"start":{"line":57,"column":31},"end":{"line":64,"column":1}},"31":{"start":{"line":58,"column":2},"end":{"line":63,"column":3}},"32":{"start":{"line":59,"column":19},"end":{"line":59,"column":77}},"33":{"start":{"line":60,"column":4},"end":{"line":60,"column":21}},"34":{"start":{"line":62,"column":4},"end":{"line":62,"column":51}}},"fnMap":{"0":{"name":"(anonymous_0)","decl":{"start":{"line":3,"column":14},"end":{"line":3,"column":15}},"loc":{"start":{"line":3,"column":34},"end":{"line":10,"column":1}},"line":3},"1":{"name":"(anonymous_1)","decl":{"start":{"line":12,"column":15},"end":{"line":12,"column":16}},"loc":{"start":{"line":12,"column":35},"end":{"line":19,"column":1}},"line":12},"2":{"name":"(anonymous_2)","decl":{"start":{"line":21,"column":13},"end":{"line":21,"column":14}},"loc":{"start":{"line":21,"column":33},"end":{"line":28,"column":1}},"line":21},"3":{"name":"(anonymous_3)","decl":{"start":{"line":30,"column":15},"end":{"line":30,"column":16}},"loc":{"start":{"line":30,"column":35},"end":{"line":37,"column":1}},"line":30},"4":{"name":"(anonymous_4)","decl":{"start":{"line":39,"column":15},"end":{"line":39,"column":16}},"loc":{"start":{"line":39,"column":35},"end":{"line":46,"column":1}},"line":39},"5":{"name":"(anonymous_5)","decl":{"start":{"line":48,"column":24},"end":{"line":48,"column":25}},"loc":{"start":{"line":48,"column":44},"end":{"line":55,"column":1}},"line":48},"6":{"name":"(anonymous_6)","decl":{"start":{"line":57,"column":31},"end":{"line":57,"column":32}},"loc":{"start":{"line":57,"column":51},"end":{"line":64,"column":1}},"line":57}},"branchMap":{},"s":{"0":2,"1":2,"2":2,"3":1,"4":1,"5":2,"6":2,"7":2,"8":1,"9":1,"10":2,"11":2,"12":2,"13":1,"14":1,"15":2,"16":2,"17":2,"18":1,"19":1,"20":2,"21":2,"22":2,"23":1,"24":1,"25":2,"26":2,"27":2,"28":1,"29":1,"30":2,"31":2,"32":2,"33":1,"34":1},"f":{"0":2,"1":2,"2":2,"3":2,"4":2,"5":2,"6":2},"b":{},"inputSourceMap":null,"_coverageSchema":"1a1c01bbd47fc00a2c39e90264f33305004495a9","hash":"560bb0e2889ede9af02da1d91d1e223ba5936087"}
,"D:\\ief2i\\Soutenance_Concepteur_Dev_FullStack\\DEV O23 (3-4) – G4 – Code source site internet\\DEVO23-G4-SAILINGLOC\\back\\controllers\\payment.controller.js": {"path":"D:\\ief2i\\Soutenance_Concepteur_Dev_FullStack\\DEV O23 (3-4) – G4 – Code source site internet\\DEVO23-G4-SAILINGLOC\\back\\controllers\\payment.controller.js","statementMap":{"0":{"start":{"line":3,"column":14},"end":{"line":10,"column":1}},"1":{"start":{"line":4,"column":2},"end":{"line":9,"column":3}},"2":{"start":{"line":5,"column":21},"end":{"line":5,"column":58}},"3":{"start":{"line":6,"column":4},"end":{"line":6,"column":23}},"4":{"start":{"line":8,"column":4},"end":{"line":8,"column":51}},"5":{"start":{"line":12,"column":15},"end":{"line":19,"column":1}},"6":{"start":{"line":13,"column":2},"end":{"line":18,"column":3}},"7":{"start":{"line":14,"column":19},"end":{"line":14,"column":63}},"8":{"start":{"line":15,"column":4},"end":{"line":15,"column":33}},"9":{"start":{"line":17,"column":4},"end":{"line":17,"column":51}},"10":{"start":{"line":21,"column":13},"end":{"line":28,"column":1}},"11":{"start":{"line":22,"column":2},"end":{"line":27,"column":3}},"12":{"start":{"line":23,"column":19},"end":{"line":23,"column":69}},"13":{"start":{"line":24,"column":4},"end":{"line":24,"column":21}},"14":{"start":{"line":26,"column":4},"end":{"line":26,"column":51}},"15":{"start":{"line":30,"column":15},"end":{"line":37,"column":1}},"16":{"start":{"line":31,"column":2},"end":{"line":36,"column":3}},"17":{"start":{"line":32,"column":19},"end":{"line":32,"column":78}},"18":{"start":{"line":33,"column":4},"end":{"line":33,"column":21}},"19":{"start":{"line":35,"column":4},"end":{"line":35,"column":51}},"20":{"start":{"line":39,"column":15},"end":{"line":46,"column":1}},"21":{"start":{"line":40,"column":2},"end":{"line":45,"column":3}},"22":{"start":{"line":41,"column":4},"end":{"line":41,"column":54}},"23":{"start":{"line":42,"column":4},"end":{"line":42,"column":27}},"24":{"start":{"line":44,"column":4},"end":{"line":44,"column":51}},"25":{"start":{"line":48,"column":31},"end":{"line":55,"column":1}},"26":{"start":{"line":49,"column":2},"end":{"line":54,"column":3}},"27":{"start":{"line":50,"column":19},"end":{"line":50,"column":77}},"28":{"start":{"line":51,"column":4},"end":{"line":51,"column":21}},"29":{"start":{"line":53,"column":4},"end":{"line":53,"column":51}},"30":{"start":{"line":57,"column":28},"end":{"line":65,"column":1}},"31":{"start":{"line":58,"column":2},"end":{"line":64,"column":3}},"32":{"start":{"line":59,"column":23},"end":{"line":59,"column":31}},"33":{"start":{"line":60,"column":26},"end":{"line":60,"column":67}},"34":{"start":{"line":61,"column":4},"end":{"line":61,"column":32}},"35":{"start":{"line":63,"column":4},"end":{"line":63,"column":14}}},"fnMap":{"0":{"name":"(anonymous_0)","decl":{"start":{"line":3,"column":14},"end":{"line":3,"column":15}},"loc":{"start":{"line":3,"column":34},"end":{"line":10,"column":1}},"line":3},"1":{"name":"(anonymous_1)","decl":{"start":{"line":12,"column":15},"end":{"line":12,"column":16}},"loc":{"start":{"line":12,"column":35},"end":{"line":19,"column":1}},"line":12},"2":{"name":"(anonymous_2)","decl":{"start":{"line":21,"column":13},"end":{"line":21,"column":14}},"loc":{"start":{"line":21,"column":33},"end":{"line":28,"column":1}},"line":21},"3":{"name":"(anonymous_3)","decl":{"start":{"line":30,"column":15},"end":{"line":30,"column":16}},"loc":{"start":{"line":30,"column":35},"end":{"line":37,"column":1}},"line":30},"4":{"name":"(anonymous_4)","decl":{"start":{"line":39,"column":15},"end":{"line":39,"column":16}},"loc":{"start":{"line":39,"column":35},"end":{"line":46,"column":1}},"line":39},"5":{"name":"(anonymous_5)","decl":{"start":{"line":48,"column":31},"end":{"line":48,"column":32}},"loc":{"start":{"line":48,"column":51},"end":{"line":55,"column":1}},"line":48},"6":{"name":"(anonymous_6)","decl":{"start":{"line":57,"column":28},"end":{"line":57,"column":29}},"loc":{"start":{"line":57,"column":54},"end":{"line":65,"column":1}},"line":57}},"branchMap":{},"s":{"0":2,"1":2,"2":2,"3":1,"4":1,"5":2,"6":2,"7":2,"8":1,"9":1,"10":2,"11":2,"12":2,"13":1,"14":1,"15":2,"16":2,"17":2,"18":1,"19":1,"20":2,"21":2,"22":2,"23":1,"24":1,"25":2,"26":2,"27":2,"28":1,"29":1,"30":2,"31":0,"32":0,"33":0,"34":0,"35":0},"f":{"0":2,"1":2,"2":2,"3":2,"4":2,"5":2,"6":0},"b":{},"inputSourceMap":null,"_coverageSchema":"1a1c01bbd47fc00a2c39e90264f33305004495a9","hash":"f64256e6898e33dfb769222c409db7dce6cbc1c5"}
,"D:\\ief2i\\Soutenance_Concepteur_Dev_FullStack\\DEV O23 (3-4) – G4 – Code source site internet\\DEVO23-G4-SAILINGLOC\\back\\controllers\\port.controller.js": {"path":"D:\\ief2i\\Soutenance_Concepteur_Dev_FullStack\\DEV O23 (3-4) – G4 – Code source site internet\\DEVO23-G4-SAILINGLOC\\back\\controllers\\port.controller.js","statementMap":{"0":{"start":{"line":3,"column":14},"end":{"line":10,"column":1}},"1":{"start":{"line":4,"column":2},"end":{"line":9,"column":3}},"2":{"start":{"line":5,"column":18},"end":{"line":5,"column":49}},"3":{"start":{"line":6,"column":4},"end":{"line":6,"column":20}},"4":{"start":{"line":8,"column":4},"end":{"line":8,"column":51}},"5":{"start":{"line":12,"column":15},"end":{"line":19,"column":1}},"6":{"start":{"line":13,"column":2},"end":{"line":18,"column":3}},"7":{"start":{"line":14,"column":19},"end":{"line":14,"column":57}},"8":{"start":{"line":15,"column":4},"end":{"line":15,"column":33}},"9":{"start":{"line":17,"column":4},"end":{"line":17,"column":51}},"10":{"start":{"line":21,"column":13},"end":{"line":28,"column":1}},"11":{"start":{"line":22,"column":2},"end":{"line":27,"column":3}},"12":{"start":{"line":23,"column":19},"end":{"line":23,"column":63}},"13":{"start":{"line":24,"column":4},"end":{"line":24,"column":21}},"14":{"start":{"line":26,"column":4},"end":{"line":26,"column":51}},"15":{"start":{"line":30,"column":15},"end":{"line":37,"column":1}},"16":{"start":{"line":31,"column":2},"end":{"line":36,"column":3}},"17":{"start":{"line":32,"column":19},"end":{"line":32,"column":72}},"18":{"start":{"line":33,"column":4},"end":{"line":33,"column":21}},"19":{"start":{"line":35,"column":4},"end":{"line":35,"column":51}},"20":{"start":{"line":39,"column":15},"end":{"line":46,"column":1}},"21":{"start":{"line":40,"column":2},"end":{"line":45,"column":3}},"22":{"start":{"line":41,"column":4},"end":{"line":41,"column":48}},"23":{"start":{"line":42,"column":4},"end":{"line":42,"column":27}},"24":{"start":{"line":44,"column":4},"end":{"line":44,"column":51}}},"fnMap":{"0":{"name":"(anonymous_0)","decl":{"start":{"line":3,"column":14},"end":{"line":3,"column":15}},"loc":{"start":{"line":3,"column":34},"end":{"line":10,"column":1}},"line":3},"1":{"name":"(anonymous_1)","decl":{"start":{"line":12,"column":15},"end":{"line":12,"column":16}},"loc":{"start":{"line":12,"column":35},"end":{"line":19,"column":1}},"line":12},"2":{"name":"(anonymous_2)","decl":{"start":{"line":21,"column":13},"end":{"line":21,"column":14}},"loc":{"start":{"line":21,"column":33},"end":{"line":28,"column":1}},"line":21},"3":{"name":"(anonymous_3)","decl":{"start":{"line":30,"column":15},"end":{"line":30,"column":16}},"loc":{"start":{"line":30,"column":35},"end":{"line":37,"column":1}},"line":30},"4":{"name":"(anonymous_4)","decl":{"start":{"line":39,"column":15},"end":{"line":39,"column":16}},"loc":{"start":{"line":39,"column":35},"end":{"line":46,"column":1}},"line":39}},"branchMap":{},"s":{"0":2,"1":2,"2":2,"3":1,"4":1,"5":2,"6":2,"7":2,"8":1,"9":1,"10":2,"11":2,"12":2,"13":1,"14":1,"15":2,"16":2,"17":2,"18":1,"19":1,"20":2,"21":2,"22":2,"23":1,"24":1},"f":{"0":2,"1":2,"2":2,"3":2,"4":2},"b":{},"inputSourceMap":null,"_coverageSchema":"1a1c01bbd47fc00a2c39e90264f33305004495a9","hash":"99f33b63289d7d0480ced488ab7c6f301353ff62"}
,"D:\\ief2i\\Soutenance_Concepteur_Dev_FullStack\\DEV O23 (3-4) – G4 – Code source site internet\\DEVO23-G4-SAILINGLOC\\back\\controllers\\reservation.controller.js": {"path":"D:\\ief2i\\Soutenance_Concepteur_Dev_FullStack\\DEV O23 (3-4) – G4 – Code source site internet\\DEVO23-G4-SAILINGLOC\\back\\controllers\\reservation.controller.js","statementMap":{"0":{"start":{"line":3,"column":14},"end":{"line":10,"column":1}},"1":{"start":{"line":4,"column":2},"end":{"line":9,"column":3}},"2":{"start":{"line":5,"column":25},"end":{"line":5,"column":70}},"3":{"start":{"line":6,"column":4},"end":{"line":6,"column":27}},"4":{"start":{"line":8,"column":4},"end":{"line":8,"column":51}},"5":{"start":{"line":12,"column":15},"end":{"line":19,"column":1}},"6":{"start":{"line":13,"column":2},"end":{"line":18,"column":3}},"7":{"start":{"line":14,"column":19},"end":{"line":14,"column":71}},"8":{"start":{"line":15,"column":4},"end":{"line":15,"column":33}},"9":{"start":{"line":17,"column":4},"end":{"line":17,"column":51}},"10":{"start":{"line":21,"column":13},"end":{"line":28,"column":1}},"11":{"start":{"line":22,"column":2},"end":{"line":27,"column":3}},"12":{"start":{"line":23,"column":19},"end":{"line":23,"column":77}},"13":{"start":{"line":24,"column":4},"end":{"line":24,"column":21}},"14":{"start":{"line":26,"column":4},"end":{"line":26,"column":51}},"15":{"start":{"line":30,"column":24},"end":{"line":37,"column":1}},"16":{"start":{"line":31,"column":2},"end":{"line":36,"column":3}},"17":{"start":{"line":32,"column":19},"end":{"line":32,"column":91}},"18":{"start":{"line":33,"column":4},"end":{"line":33,"column":21}},"19":{"start":{"line":35,"column":4},"end":{"line":35,"column":51}},"20":{"start":{"line":39,"column":15},"end":{"line":46,"column":1}},"21":{"start":{"line":40,"column":2},"end":{"line":45,"column":3}},"22":{"start":{"line":41,"column":19},"end":{"line":41,"column":86}},"23":{"start":{"line":42,"column":4},"end":{"line":42,"column":21}},"24":{"start":{"line":44,"column":4},"end":{"line":44,"column":51}},"25":{"start":{"line":48,"column":15},"end":{"line":55,"column":1}},"26":{"start":{"line":49,"column":2},"end":{"line":54,"column":3}},"27":{"start":{"line":50,"column":4},"end":{"line":50,"column":62}},"28":{"start":{"line":51,"column":4},"end":{"line":51,"column":27}},"29":{"start":{"line":53,"column":4},"end":{"line":53,"column":51}},"30":{"start":{"line":57,"column":24},"end":{"line":64,"column":1}},"31":{"start":{"line":58,"column":2},"end":{"line":63,"column":3}},"32":{"start":{"line":59,"column":19},"end":{"line":59,"column":74}},"33":{"start":{"line":60,"column":4},"end":{"line":60,"column":21}},"34":{"start":{"line":62,"column":4},"end":{"line":62,"column":51}},"35":{"start":{"line":66,"column":28},"end":{"line":73,"column":1}},"36":{"start":{"line":67,"column":2},"end":{"line":72,"column":3}},"37":{"start":{"line":68,"column":19},"end":{"line":68,"column":83}},"38":{"start":{"line":69,"column":4},"end":{"line":69,"column":21}},"39":{"start":{"line":71,"column":4},"end":{"line":71,"column":51}}},"fnMap":{"0":{"name":"(anonymous_0)","decl":{"start":{"line":3,"column":14},"end":{"line":3,"column":15}},"loc":{"start":{"line":3,"column":34},"end":{"line":10,"column":1}},"line":3},"1":{"name":"(anonymous_1)","decl":{"start":{"line":12,"column":15},"end":{"line":12,"column":16}},"loc":{"start":{"line":12,"column":35},"end":{"line":19,"column":1}},"line":12},"2":{"name":"(anonymous_2)","decl":{"start":{"line":21,"column":13},"end":{"line":21,"column":14}},"loc":{"start":{"line":21,"column":33},"end":{"line":28,"column":1}},"line":21},"3":{"name":"(anonymous_3)","decl":{"start":{"line":30,"column":24},"end":{"line":30,"column":25}},"loc":{"start":{"line":30,"column":44},"end":{"line":37,"column":1}},"line":30},"4":{"name":"(anonymous_4)","decl":{"start":{"line":39,"column":15},"end":{"line":39,"column":16}},"loc":{"start":{"line":39,"column":35},"end":{"line":46,"column":1}},"line":39},"5":{"name":"(anonymous_5)","decl":{"start":{"line":48,"column":15},"end":{"line":48,"column":16}},"loc":{"start":{"line":48,"column":35},"end":{"line":55,"column":1}},"line":48},"6":{"name":"(anonymous_6)","decl":{"start":{"line":57,"column":24},"end":{"line":57,"column":25}},"loc":{"start":{"line":57,"column":44},"end":{"line":64,"column":1}},"line":57},"7":{"name":"(anonymous_7)","decl":{"start":{"line":66,"column":28},"end":{"line":66,"column":29}},"loc":{"start":{"line":66,"column":48},"end":{"line":73,"column":1}},"line":66}},"branchMap":{},"s":{"0":2,"1":2,"2":2,"3":1,"4":1,"5":2,"6":2,"7":2,"8":1,"9":1,"10":2,"11":2,"12":2,"13":1,"14":1,"15":2,"16":0,"17":0,"18":0,"19":0,"20":2,"21":2,"22":2,"23":1,"24":1,"25":2,"26":2,"27":2,"28":1,"29":1,"30":2,"31":2,"32":2,"33":1,"34":1,"35":2,"36":2,"37":2,"38":1,"39":1},"f":{"0":2,"1":2,"2":2,"3":0,"4":2,"5":2,"6":2,"7":2},"b":{},"inputSourceMap":null,"_coverageSchema":"1a1c01bbd47fc00a2c39e90264f33305004495a9","hash":"cb8c1585ff7ea26b919c136cd1a1be3a21a1bf35"}
,"D:\\ief2i\\Soutenance_Concepteur_Dev_FullStack\\DEV O23 (3-4) – G4 – Code source site internet\\DEVO23-G4-SAILINGLOC\\back\\controllers\\review.controller.js": {"path":"D:\\ief2i\\Soutenance_Concepteur_Dev_FullStack\\DEV O23 (3-4) – G4 – Code source site internet\\DEVO23-G4-SAILINGLOC\\back\\controllers\\review.controller.js","statementMap":{"0":{"start":{"line":3,"column":14},"end":{"line":10,"column":1}},"1":{"start":{"line":4,"column":2},"end":{"line":9,"column":3}},"2":{"start":{"line":5,"column":20},"end":{"line":5,"column":55}},"3":{"start":{"line":6,"column":4},"end":{"line":6,"column":22}},"4":{"start":{"line":8,"column":4},"end":{"line":8,"column":51}},"5":{"start":{"line":12,"column":15},"end":{"line":19,"column":1}},"6":{"start":{"line":13,"column":2},"end":{"line":18,"column":3}},"7":{"start":{"line":14,"column":19},"end":{"line":14,"column":61}},"8":{"start":{"line":15,"column":4},"end":{"line":15,"column":33}},"9":{"start":{"line":17,"column":4},"end":{"line":17,"column":51}},"10":{"start":{"line":21,"column":13},"end":{"line":28,"column":1}},"11":{"start":{"line":22,"column":2},"end":{"line":27,"column":3}},"12":{"start":{"line":23,"column":19},"end":{"line":23,"column":67}},"13":{"start":{"line":24,"column":4},"end":{"line":24,"column":21}},"14":{"start":{"line":26,"column":4},"end":{"line":26,"column":51}},"15":{"start":{"line":30,"column":15},"end":{"line":37,"column":1}},"16":{"start":{"line":31,"column":2},"end":{"line":36,"column":3}},"17":{"start":{"line":32,"column":19},"end":{"line":32,"column":76}},"18":{"start":{"line":33,"column":4},"end":{"line":33,"column":21}},"19":{"start":{"line":35,"column":4},"end":{"line":35,"column":51}},"20":{"start":{"line":39,"column":15},"end":{"line":46,"column":1}},"21":{"start":{"line":40,"column":2},"end":{"line":45,"column":3}},"22":{"start":{"line":41,"column":4},"end":{"line":41,"column":52}},"23":{"start":{"line":42,"column":4},"end":{"line":42,"column":27}},"24":{"start":{"line":44,"column":4},"end":{"line":44,"column":51}},"25":{"start":{"line":48,"column":23},"end":{"line":55,"column":1}},"26":{"start":{"line":49,"column":2},"end":{"line":54,"column":3}},"27":{"start":{"line":50,"column":19},"end":{"line":50,"column":68}},"28":{"start":{"line":51,"column":4},"end":{"line":51,"column":21}},"29":{"start":{"line":53,"column":4},"end":{"line":53,"column":51}},"30":{"start":{"line":57,"column":23},"end":{"line":64,"column":1}},"31":{"start":{"line":58,"column":2},"end":{"line":63,"column":3}},"32":{"start":{"line":59,"column":19},"end":{"line":59,"column":68}},"33":{"start":{"line":60,"column":4},"end":{"line":60,"column":21}},"34":{"start":{"line":62,"column":4},"end":{"line":62,"column":51}}},"fnMap":{"0":{"name":"(anonymous_0)","decl":{"start":{"line":3,"column":14},"end":{"line":3,"column":15}},"loc":{"start":{"line":3,"column":34},"end":{"line":10,"column":1}},"line":3},"1":{"name":"(anonymous_1)","decl":{"start":{"line":12,"column":15},"end":{"line":12,"column":16}},"loc":{"start":{"line":12,"column":35},"end":{"line":19,"column":1}},"line":12},"2":{"name":"(anonymous_2)","decl":{"start":{"line":21,"column":13},"end":{"line":21,"column":14}},"loc":{"start":{"line":21,"column":33},"end":{"line":28,"column":1}},"line":21},"3":{"name":"(anonymous_3)","decl":{"start":{"line":30,"column":15},"end":{"line":30,"column":16}},"loc":{"start":{"line":30,"column":35},"end":{"line":37,"column":1}},"line":30},"4":{"name":"(anonymous_4)","decl":{"start":{"line":39,"column":15},"end":{"line":39,"column":16}},"loc":{"start":{"line":39,"column":35},"end":{"line":46,"column":1}},"line":39},"5":{"name":"(anonymous_5)","decl":{"start":{"line":48,"column":23},"end":{"line":48,"column":24}},"loc":{"start":{"line":48,"column":43},"end":{"line":55,"column":1}},"line":48},"6":{"name":"(anonymous_6)","decl":{"start":{"line":57,"column":23},"end":{"line":57,"column":24}},"loc":{"start":{"line":57,"column":43},"end":{"line":64,"column":1}},"line":57}},"branchMap":{},"s":{"0":2,"1":2,"2":2,"3":1,"4":1,"5":2,"6":2,"7":2,"8":1,"9":1,"10":2,"11":2,"12":2,"13":1,"14":1,"15":2,"16":2,"17":2,"18":1,"19":1,"20":2,"21":2,"22":2,"23":1,"24":1,"25":2,"26":2,"27":2,"28":1,"29":1,"30":2,"31":2,"32":2,"33":1,"34":1},"f":{"0":2,"1":2,"2":2,"3":2,"4":2,"5":2,"6":2},"b":{},"inputSourceMap":null,"_coverageSchema":"1a1c01bbd47fc00a2c39e90264f33305004495a9","hash":"13dfc24ad4b9bb14c8f9d2daef3423e5dad80eb5"}
,"D:\\ief2i\\Soutenance_Concepteur_Dev_FullStack\\DEV O23 (3-4) – G4 – Code source site internet\\DEVO23-G4-SAILINGLOC\\back\\controllers\\user.controller.js": {"path":"D:\\ief2i\\Soutenance_Concepteur_Dev_FullStack\\DEV O23 (3-4) – G4 – Code source site internet\\DEVO23-G4-SAILINGLOC\\back\\controllers\\user.controller.js","statementMap":{"0":{"start":{"line":3,"column":14},"end":{"line":10,"column":1}},"1":{"start":{"line":4,"column":2},"end":{"line":9,"column":3}},"2":{"start":{"line":5,"column":18},"end":{"line":5,"column":49}},"3":{"start":{"line":6,"column":4},"end":{"line":6,"column":32}},"4":{"start":{"line":8,"column":4},"end":{"line":8,"column":51}},"5":{"start":{"line":12,"column":15},"end":{"line":19,"column":1}},"6":{"start":{"line":13,"column":2},"end":{"line":18,"column":3}},"7":{"start":{"line":14,"column":17},"end":{"line":14,"column":55}},"8":{"start":{"line":15,"column":4},"end":{"line":15,"column":31}},"9":{"start":{"line":17,"column":4},"end":{"line":17,"column":51}},"10":{"start":{"line":21,"column":13},"end":{"line":30,"column":1}},"11":{"start":{"line":22,"column":2},"end":{"line":29,"column":3}},"12":{"start":{"line":23,"column":17},"end":{"line":23,"column":58}},"13":{"start":{"line":24,"column":4},"end":{"line":25,"column":73}},"14":{"start":{"line":25,"column":6},"end":{"line":25,"column":73}},"15":{"start":{"line":26,"column":4},"end":{"line":26,"column":31}},"16":{"start":{"line":28,"column":4},"end":{"line":28,"column":51}},"17":{"start":{"line":32,"column":15},"end":{"line":41,"column":1}},"18":{"start":{"line":33,"column":2},"end":{"line":40,"column":3}},"19":{"start":{"line":34,"column":17},"end":{"line":34,"column":70}},"20":{"start":{"line":35,"column":4},"end":{"line":36,"column":73}},"21":{"start":{"line":36,"column":6},"end":{"line":36,"column":73}},"22":{"start":{"line":37,"column":4},"end":{"line":37,"column":31}},"23":{"start":{"line":39,"column":4},"end":{"line":39,"column":51}},"24":{"start":{"line":43,"column":15},"end":{"line":52,"column":1}},"25":{"start":{"line":44,"column":2},"end":{"line":51,"column":3}},"26":{"start":{"line":45,"column":19},"end":{"line":45,"column":62}},"27":{"start":{"line":46,"column":4},"end":{"line":47,"column":73}},"28":{"start":{"line":47,"column":6},"end":{"line":47,"column":73}},"29":{"start":{"line":48,"column":4},"end":{"line":48,"column":27}},"30":{"start":{"line":50,"column":4},"end":{"line":50,"column":51}},"31":{"start":{"line":54,"column":21},"end":{"line":61,"column":1}},"32":{"start":{"line":55,"column":2},"end":{"line":60,"column":3}},"33":{"start":{"line":56,"column":18},"end":{"line":56,"column":63}},"34":{"start":{"line":57,"column":4},"end":{"line":57,"column":32}},"35":{"start":{"line":59,"column":4},"end":{"line":59,"column":51}},"36":{"start":{"line":63,"column":28},"end":{"line":70,"column":1}},"37":{"start":{"line":64,"column":2},"end":{"line":69,"column":3}},"38":{"start":{"line":65,"column":25},"end":{"line":65,"column":77}},"39":{"start":{"line":66,"column":4},"end":{"line":66,"column":39}},"40":{"start":{"line":68,"column":4},"end":{"line":68,"column":51}},"41":{"start":{"line":72,"column":24},"end":{"line":79,"column":1}},"42":{"start":{"line":73,"column":2},"end":{"line":78,"column":3}},"43":{"start":{"line":74,"column":21},"end":{"line":74,"column":69}},"44":{"start":{"line":75,"column":4},"end":{"line":75,"column":35}},"45":{"start":{"line":77,"column":4},"end":{"line":77,"column":51}},"46":{"start":{"line":81,"column":23},"end":{"line":88,"column":1}},"47":{"start":{"line":82,"column":2},"end":{"line":87,"column":3}},"48":{"start":{"line":83,"column":20},"end":{"line":83,"column":67}},"49":{"start":{"line":84,"column":4},"end":{"line":84,"column":34}},"50":{"start":{"line":86,"column":4},"end":{"line":86,"column":51}},"51":{"start":{"line":90,"column":25},"end":{"line":97,"column":1}},"52":{"start":{"line":91,"column":2},"end":{"line":96,"column":3}},"53":{"start":{"line":92,"column":22},"end":{"line":92,"column":71}},"54":{"start":{"line":93,"column":4},"end":{"line":93,"column":36}},"55":{"start":{"line":95,"column":4},"end":{"line":95,"column":51}},"56":{"start":{"line":99,"column":20},"end":{"line":112,"column":1}},"57":{"start":{"line":100,"column":2},"end":{"line":111,"column":3}},"58":{"start":{"line":101,"column":4},"end":{"line":103,"column":5}},"59":{"start":{"line":102,"column":6},"end":{"line":102,"column":71}},"60":{"start":{"line":104,"column":18},"end":{"line":107,"column":5}},"61":{"start":{"line":108,"column":4},"end":{"line":108,"column":32}},"62":{"start":{"line":110,"column":4},"end":{"line":110,"column":51}}},"fnMap":{"0":{"name":"(anonymous_0)","decl":{"start":{"line":3,"column":14},"end":{"line":3,"column":15}},"loc":{"start":{"line":3,"column":34},"end":{"line":10,"column":1}},"line":3},"1":{"name":"(anonymous_1)","decl":{"start":{"line":12,"column":15},"end":{"line":12,"column":16}},"loc":{"start":{"line":12,"column":35},"end":{"line":19,"column":1}},"line":12},"2":{"name":"(anonymous_2)","decl":{"start":{"line":21,"column":13},"end":{"line":21,"column":14}},"loc":{"start":{"line":21,"column":33},"end":{"line":30,"column":1}},"line":21},"3":{"name":"(anonymous_3)","decl":{"start":{"line":32,"column":15},"end":{"line":32,"column":16}},"loc":{"start":{"line":32,"column":35},"end":{"line":41,"column":1}},"line":32},"4":{"name":"(anonymous_4)","decl":{"start":{"line":43,"column":15},"end":{"line":43,"column":16}},"loc":{"start":{"line":43,"column":35},"end":{"line":52,"column":1}},"line":43},"5":{"name":"(anonymous_5)","decl":{"start":{"line":54,"column":21},"end":{"line":54,"column":22}},"loc":{"start":{"line":54,"column":41},"end":{"line":61,"column":1}},"line":54},"6":{"name":"(anonymous_6)","decl":{"start":{"line":63,"column":28},"end":{"line":63,"column":29}},"loc":{"start":{"line":63,"column":48},"end":{"line":70,"column":1}},"line":63},"7":{"name":"(anonymous_7)","decl":{"start":{"line":72,"column":24},"end":{"line":72,"column":25}},"loc":{"start":{"line":72,"column":44},"end":{"line":79,"column":1}},"line":72},"8":{"name":"(anonymous_8)","decl":{"start":{"line":81,"column":23},"end":{"line":81,"column":24}},"loc":{"start":{"line":81,"column":43},"end":{"line":88,"column":1}},"line":81},"9":{"name":"(anonymous_9)","decl":{"start":{"line":90,"column":25},"end":{"line":90,"column":26}},"loc":{"start":{"line":90,"column":45},"end":{"line":97,"column":1}},"line":90},"10":{"name":"(anonymous_10)","decl":{"start":{"line":99,"column":20},"end":{"line":99,"column":21}},"loc":{"start":{"line":99,"column":40},"end":{"line":112,"column":1}},"line":99}},"branchMap":{"0":{"loc":{"start":{"line":24,"column":4},"end":{"line":25,"column":73}},"type":"if","locations":[{"start":{"line":24,"column":4},"end":{"line":25,"column":73}},{"start":{},"end":{}}],"line":24},"1":{"loc":{"start":{"line":35,"column":4},"end":{"line":36,"column":73}},"type":"if","locations":[{"start":{"line":35,"column":4},"end":{"line":36,"column":73}},{"start":{},"end":{}}],"line":35},"2":{"loc":{"start":{"line":46,"column":4},"end":{"line":47,"column":73}},"type":"if","locations":[{"start":{"line":46,"column":4},"end":{"line":47,"column":73}},{"start":{},"end":{}}],"line":46},"3":{"loc":{"start":{"line":101,"column":4},"end":{"line":103,"column":5}},"type":"if","locations":[{"start":{"line":101,"column":4},"end":{"line":103,"column":5}},{"start":{},"end":{}}],"line":101},"4":{"loc":{"start":{"line":101,"column":8},"end":{"line":101,"column":38}},"type":"binary-expr","locations":[{"start":{"line":101,"column":8},"end":{"line":101,"column":18}},{"start":{"line":101,"column":22},"end":{"line":101,"column":38}}],"line":101}},"s":{"0":1,"1":0,"2":0,"3":0,"4":0,"5":1,"6":0,"7":0,"8":0,"9":0,"10":1,"11":0,"12":0,"13":0,"14":0,"15":0,"16":0,"17":1,"18":0,"19":0,"20":0,"21":0,"22":0,"23":0,"24":1,"25":0,"26":0,"27":0,"28":0,"29":0,"30":0,"31":1,"32":0,"33":0,"34":0,"35":0,"36":1,"37":0,"38":0,"39":0,"40":0,"41":1,"42":0,"43":0,"44":0,"45":0,"46":1,"47":0,"48":0,"49":0,"50":0,"51":1,"52":0,"53":0,"54":0,"55":0,"56":1,"57":0,"58":0,"59":0,"60":0,"61":0,"62":0},"f":{"0":0,"1":0,"2":0,"3":0,"4":0,"5":0,"6":0,"7":0,"8":0,"9":0,"10":0},"b":{"0":[0,0],"1":[0,0],"2":[0,0],"3":[0,0],"4":[0,0]},"inputSourceMap":null,"_coverageSchema":"1a1c01bbd47fc00a2c39e90264f33305004495a9","hash":"b433ef32e8f0ee03dd64dedd637f96e73fb73354"}
,"D:\\ief2i\\Soutenance_Concepteur_Dev_FullStack\\DEV O23 (3-4) – G4 – Code source site internet\\DEVO23-G4-SAILINGLOC\\back\\controllers\\userDocument.controller.js": {"path":"D:\\ief2i\\Soutenance_Concepteur_Dev_FullStack\\DEV O23 (3-4) – G4 – Code source site internet\\DEVO23-G4-SAILINGLOC\\back\\controllers\\userDocument.controller.js","statementMap":{"0":{"start":{"line":3,"column":14},"end":{"line":10,"column":1}},"1":{"start":{"line":4,"column":2},"end":{"line":9,"column":3}},"2":{"start":{"line":5,"column":22},"end":{"line":5,"column":69}},"3":{"start":{"line":6,"column":4},"end":{"line":6,"column":24}},"4":{"start":{"line":8,"column":4},"end":{"line":8,"column":51}},"5":{"start":{"line":12,"column":15},"end":{"line":29,"column":1}},"6":{"start":{"line":13,"column":2},"end":{"line":28,"column":3}},"7":{"start":{"line":14,"column":30},"end":{"line":14,"column":38}},"8":{"start":{"line":16,"column":18},"end":{"line":18,"column":29}},"9":{"start":{"line":20,"column":19},"end":{"line":24,"column":5}},"10":{"start":{"line":25,"column":4},"end":{"line":25,"column":33}},"11":{"start":{"line":27,"column":4},"end":{"line":27,"column":51}},"12":{"start":{"line":31,"column":13},"end":{"line":38,"column":1}},"13":{"start":{"line":32,"column":2},"end":{"line":37,"column":3}},"14":{"start":{"line":33,"column":19},"end":{"line":33,"column":79}},"15":{"start":{"line":34,"column":4},"end":{"line":34,"column":21}},"16":{"start":{"line":36,"column":4},"end":{"line":36,"column":51}},"17":{"start":{"line":40,"column":15},"end":{"line":62,"column":1}},"18":{"start":{"line":41,"column":2},"end":{"line":61,"column":3}},"19":{"start":{"line":42,"column":19},"end":{"line":42,"column":29}},"20":{"start":{"line":43,"column":17},"end":{"line":43,"column":25}},"21":{"start":{"line":46,"column":17},"end":{"line":46,"column":64}},"22":{"start":{"line":48,"column":19},"end":{"line":52,"column":5}},"23":{"start":{"line":54,"column":4},"end":{"line":56,"column":5}},"24":{"start":{"line":55,"column":6},"end":{"line":55,"column":68}},"25":{"start":{"line":58,"column":4},"end":{"line":58,"column":21}},"26":{"start":{"line":60,"column":4},"end":{"line":60,"column":51}},"27":{"start":{"line":64,"column":15},"end":{"line":71,"column":1}},"28":{"start":{"line":65,"column":2},"end":{"line":70,"column":3}},"29":{"start":{"line":66,"column":4},"end":{"line":66,"column":64}},"30":{"start":{"line":67,"column":4},"end":{"line":67,"column":27}},"31":{"start":{"line":69,"column":4},"end":{"line":69,"column":51}},"32":{"start":{"line":73,"column":25},"end":{"line":80,"column":1}},"33":{"start":{"line":74,"column":2},"end":{"line":79,"column":3}},"34":{"start":{"line":75,"column":19},"end":{"line":75,"column":81}},"35":{"start":{"line":76,"column":4},"end":{"line":76,"column":21}},"36":{"start":{"line":78,"column":4},"end":{"line":78,"column":51}},"37":{"start":{"line":83,"column":24},"end":{"line":102,"column":1}},"38":{"start":{"line":84,"column":2},"end":{"line":101,"column":3}},"39":{"start":{"line":85,"column":19},"end":{"line":85,"column":29}},"40":{"start":{"line":86,"column":24},"end":{"line":86,"column":32}},"41":{"start":{"line":88,"column":19},"end":{"line":92,"column":5}},"42":{"start":{"line":94,"column":4},"end":{"line":96,"column":5}},"43":{"start":{"line":95,"column":6},"end":{"line":95,"column":68}},"44":{"start":{"line":98,"column":4},"end":{"line":98,"column":21}},"45":{"start":{"line":100,"column":4},"end":{"line":100,"column":51}},"46":{"start":{"line":105,"column":23},"end":{"line":123,"column":1}},"47":{"start":{"line":106,"column":2},"end":{"line":122,"column":3}},"48":{"start":{"line":107,"column":19},"end":{"line":107,"column":29}},"49":{"start":{"line":108,"column":24},"end":{"line":108,"column":32}},"50":{"start":{"line":110,"column":19},"end":{"line":113,"column":5}},"51":{"start":{"line":115,"column":4},"end":{"line":117,"column":5}},"52":{"start":{"line":116,"column":6},"end":{"line":116,"column":68}},"53":{"start":{"line":119,"column":4},"end":{"line":119,"column":21}},"54":{"start":{"line":121,"column":4},"end":{"line":121,"column":51}},"55":{"start":{"line":126,"column":27},"end":{"line":139,"column":1}},"56":{"start":{"line":127,"column":2},"end":{"line":138,"column":3}},"57":{"start":{"line":128,"column":30},"end":{"line":128,"column":40}},"58":{"start":{"line":130,"column":19},"end":{"line":133,"column":5}},"59":{"start":{"line":135,"column":4},"end":{"line":135,"column":21}},"60":{"start":{"line":137,"column":4},"end":{"line":137,"column":51}},"61":{"start":{"line":142,"column":28},"end":{"line":149,"column":1}},"62":{"start":{"line":143,"column":2},"end":{"line":148,"column":3}},"63":{"start":{"line":144,"column":19},"end":{"line":144,"column":70}},"64":{"start":{"line":145,"column":4},"end":{"line":145,"column":21}},"65":{"start":{"line":147,"column":4},"end":{"line":147,"column":51}}},"fnMap":{"0":{"name":"(anonymous_0)","decl":{"start":{"line":3,"column":14},"end":{"line":3,"column":15}},"loc":{"start":{"line":3,"column":34},"end":{"line":10,"column":1}},"line":3},"1":{"name":"(anonymous_1)","decl":{"start":{"line":12,"column":15},"end":{"line":12,"column":16}},"loc":{"start":{"line":12,"column":35},"end":{"line":29,"column":1}},"line":12},"2":{"name":"(anonymous_2)","decl":{"start":{"line":31,"column":13},"end":{"line":31,"column":14}},"loc":{"start":{"line":31,"column":33},"end":{"line":38,"column":1}},"line":31},"3":{"name":"(anonymous_3)","decl":{"start":{"line":40,"column":15},"end":{"line":40,"column":16}},"loc":{"start":{"line":40,"column":35},"end":{"line":62,"column":1}},"line":40},"4":{"name":"(anonymous_4)","decl":{"start":{"line":64,"column":15},"end":{"line":64,"column":16}},"loc":{"start":{"line":64,"column":35},"end":{"line":71,"column":1}},"line":64},"5":{"name":"(anonymous_5)","decl":{"start":{"line":73,"column":25},"end":{"line":73,"column":26}},"loc":{"start":{"line":73,"column":45},"end":{"line":80,"column":1}},"line":73},"6":{"name":"(anonymous_6)","decl":{"start":{"line":83,"column":24},"end":{"line":83,"column":25}},"loc":{"start":{"line":83,"column":44},"end":{"line":102,"column":1}},"line":83},"7":{"name":"(anonymous_7)","decl":{"start":{"line":105,"column":23},"end":{"line":105,"column":24}},"loc":{"start":{"line":105,"column":43},"end":{"line":123,"column":1}},"line":105},"8":{"name":"(anonymous_8)","decl":{"start":{"line":126,"column":27},"end":{"line":126,"column":28}},"loc":{"start":{"line":126,"column":47},"end":{"line":139,"column":1}},"line":126},"9":{"name":"(anonymous_9)","decl":{"start":{"line":142,"column":28},"end":{"line":142,"column":29}},"loc":{"start":{"line":142,"column":48},"end":{"line":149,"column":1}},"line":142}},"branchMap":{"0":{"loc":{"start":{"line":16,"column":18},"end":{"line":18,"column":29}},"type":"cond-expr","locations":[{"start":{"line":17,"column":8},"end":{"line":17,"column":27}},{"start":{"line":18,"column":8},"end":{"line":18,"column":29}}],"line":16},"1":{"loc":{"start":{"line":46,"column":17},"end":{"line":46,"column":64}},"type":"cond-expr","locations":[{"start":{"line":46,"column":39},"end":{"line":46,"column":57}},{"start":{"line":46,"column":60},"end":{"line":46,"column":64}}],"line":46},"2":{"loc":{"start":{"line":54,"column":4},"end":{"line":56,"column":5}},"type":"if","locations":[{"start":{"line":54,"column":4},"end":{"line":56,"column":5}},{"start":{},"end":{}}],"line":54},"3":{"loc":{"start":{"line":94,"column":4},"end":{"line":96,"column":5}},"type":"if","locations":[{"start":{"line":94,"column":4},"end":{"line":96,"column":5}},{"start":{},"end":{}}],"line":94},"4":{"loc":{"start":{"line":115,"column":4},"end":{"line":117,"column":5}},"type":"if","locations":[{"start":{"line":115,"column":4},"end":{"line":117,"column":5}},{"start":{},"end":{}}],"line":115}},"s":{"0":2,"1":2,"2":2,"3":1,"4":1,"5":2,"6":2,"7":2,"8":2,"9":2,"10":1,"11":1,"12":2,"13":2,"14":2,"15":1,"16":1,"17":2,"18":2,"19":2,"20":2,"21":2,"22":2,"23":1,"24":0,"25":1,"26":1,"27":2,"28":2,"29":2,"30":1,"31":1,"32":2,"33":2,"34":2,"35":1,"36":1,"37":2,"38":0,"39":0,"40":0,"41":0,"42":0,"43":0,"44":0,"45":0,"46":2,"47":0,"48":0,"49":0,"50":0,"51":0,"52":0,"53":0,"54":0,"55":2,"56":0,"57":0,"58":0,"59":0,"60":0,"61":2,"62":0,"63":0,"64":0,"65":0},"f":{"0":2,"1":2,"2":2,"3":2,"4":2,"5
[...]
,"D:\\ief2i\\Soutenance_Concepteur_Dev_FullStack\\DEV O23 (3-4) – G4 – Code source site internet\\DEVO23-G4-SAILINGLOC\\back\\services\\user.services.js": {"path":"D:\\ief2i\\Soutenance_Concepteur_Dev_FullStack\\DEV O23 (3-4) – G4 – Code source site internet\\DEVO23-G4-SAILINGLOC\\back\\services\\user.services.js","statementMap":{"0":{"start":{"line":2,"column":94},"end":{"line":2,"column":96}},"1":{"start":{"line":7,"column":20},"end":{"line":9,"column":1}},"2":{"start":{"line":8,"column":2},"end":{"line":8,"column":30}},"3":{"start":{"line":11,"column":19},"end":{"line":13,"column":1}},"4":{"start":{"line":12,"column":2},"end":{"line":12,"column":33}},"5":{"start":{"line":15,"column":17},"end":{"line":17,"column":1}},"6":{"start":{"line":16,"column":2},"end":{"line":16,"column":33}},"7":{"start":{"line":19,"column":19},"end":{"line":23,"column":1}},"8":{"start":{"line":20,"column":15},"end":{"line":20,"column":38}},"9":{"start":{"line":21,"column":2},"end":{"line":21,"column":25}},"10":{"start":{"line":21,"column":13},"end":{"line":21,"column":25}},"11":{"start":{"line":22,"column":2},"end":{"line":22,"column":33}},"12":{"start":{"line":39,"column":19},"end":{"line":44,"column":1}},"13":{"start":{"line":40,"column":15},"end":{"line":40,"column":38}},"14":{"start":{"line":41,"column":2},"end":{"line":41,"column":25}},"15":{"start":{"line":41,"column":13},"end":{"line":41,"column":25}},"16":{"start":{"line":42,"column":2},"end":{"line":42,"column":23}},"17":{"start":{"line":43,"column":2},"end":{"line":43,"column":14}},"18":{"start":{"line":46,"column":21},"end":{"line":59,"column":1}},"19":{"start":{"line":47,"column":15},"end":{"line":57,"column":4}},"20":{"start":{"line":58,"column":2},"end":{"line":58,"column":34}},"21":{"start":{"line":61,"column":28},"end":{"line":82,"column":1}},"22":{"start":{"line":62,"column":2},"end":{"line":81,"column":3}},"23":{"start":{"line":63,"column":17},"end":{"line":75,"column":6}},"24":{"start":{"line":77,"column":4},"end":{"line":77,"column":41}},"25":{"start":{"line":79,"column":4},"end":{"line":79,"column":58}},"26":{"start":{"line":80,"column":4},"end":{"line":80,"column":16}},"27":{"start":{"line":84,"column":24},"end":{"line":89,"column":1}},"28":{"start":{"line":85,"column":15},"end":{"line":87,"column":4}},"29":{"start":{"line":88,"column":2},"end":{"line":88,"column":37}},"30":{"start":{"line":91,"column":23},"end":{"line":96,"column":1}},"31":{"start":{"line":92,"column":15},"end":{"line":94,"column":4}},"32":{"start":{"line":95,"column":2},"end":{"line":95,"column":36}},"33":{"start":{"line":98,"column":25},"end":{"line":106,"column":1}},"34":{"start":{"line":99,"column":15},"end":{"line":104,"column":4}},"35":{"start":{"line":105,"column":2},"end":{"line":105,"column":42}},"36":{"start":{"line":108,"column":24},"end":{"line":134,"column":1}},"37":{"start":{"line":109,"column":15},"end":{"line":109,"column":42}},"38":{"start":{"line":110,"column":2},"end":{"line":110,"column":55}},"39":{"start":{"line":110,"column":13},"end":{"line":110,"column":55}},"40":{"start":{"line":112,"column":2},"end":{"line":133,"column":3}},"41":{"start":{"line":113,"column":24},"end":{"line":113,"column":60}},"42":{"start":{"line":115,"column":4},"end":{"line":119,"column":5}},"43":{"start":{"line":116,"column":26},"end":{"line":116,"column":62}},"44":{"start":{"line":118,"column":6},"end":{"line":118,"column":65}},"45":{"start":{"line":118,"column":38},"end":{"line":118,"column":65}},"46":{"start":{"line":121,"column":21},"end":{"line":128,"column":5}},"47":{"start":{"line":130,"column":4},"end":{"line":130,"column":43}},"48":{"start":{"line":132,"column":4},"end":{"line":132,"column":16}}},"fnMap":{"0":{"name":"(anonymous_0)","decl":{"start":{"line":7,"column":20},"end":{"line":7,"column":21}},"loc":{"start":{"line":7,"column":32},"end":{"line":9,"column":1}},"line":7},"1":{"name":"(anonymous_1)","decl":{"start":{"line":11,"column":19},"end":{"line":11,"column":20}},"loc":{"start":{"line":11,"column":35},"end":{"line":13,"column":1}},"line":11},"2":{"name":"(anonymous_2)","decl":{"start":{"line":15,"column":17},"end":{"line":15,"column":18}},"loc":{"start":{"line":15,"column":31},"end":{"line":17,"column":1}},"line":15},"3":{"name":"(anonymous_3)","decl":{"start":{"line":19,"column":19},"end":{"line":19,"column":20}},"loc":{"start":{"line":19,"column":39},"end":{"line":23,"column":1}},"line":19},"4":{"name":"(anonymous_4)","decl":{"start":{"line":39,"column":19},"end":{"line":39,"column":20}},"loc":{"start":{"line":39,"column":33},"end":{"line":44,"column":1}},"line":39},"5":{"name":"(anonymous_5)","decl":{"start":{"line":46,"column":21},"end":{"line":46,"column":22}},"loc":{"start":{"line":46,"column":39},"end":{"line":59,"column":1}},"line":46},"6":{"name":"(anonymous_6)","decl":{"start":{"line":61,"column":28},"end":{"line":61,"column":29}},"loc":{"start":{"line":61,"column":46},"end":{"line":82,"column":1}},"line":61},"7":{"name":"(anonymous_7)","decl":{"start":{"line":84,"column":24},"end":{"line":84,"column":25}},"loc":{"start":{"line":84,"column":42},"end":{"line":89,"column":1}},"line":84},"8":{"name":"(anonymous_8)","decl":{"start":{"line":91,"column":23},"end":{"line":91,"column":24}},"loc":{"start":{"line":91,"column":41},"end":{"line":96,"column":1}},"line":91},"9":{"name":"(anonymous_9)","decl":{"start":{"line":98,"column":25},"end":{"line":98,"column":26}},"loc":{"start":{"line":98,"column":43},"end":{"line":106,"column":1}},"line":98},"10":{"name":"(anonymous_10)","decl":{"start":{"line":108,"column":24},"end":{"line":108,"column":25}},"loc":{"start":{"line":108,"column":48},"end":{"line":134,"column":1}},"line":108}},"branchMap":{"0":{"loc":{"start":{"line":21,"column":2},"end":{"line":21,"column":25}},"type":"if","locations":[{"start":{"line":21,"column":2},"end":{"line":21,"column":25}},{"start":{},"end":{}}],"line":21},"1":{"loc":{"start":{"line":41,"column":2},"end":{"line":41,"column":25}},"type":"if","locations":[{"start":{"line":41,"column":2},"end":{"line":41,"column":25}},{"start":{},"end":{}}],"line":41},"2":{"loc":{"start":{"line":58,"column":9},"end":{"line":58,"column":33}},"type":"cond-expr","locations":[{"start":{"line":58,"column":16},"end":{"line":58,"column":26}},{"start":{"line":58,"column":29},"end":{"line":58,"column":33}}],"line":58},"3":{"loc":{"start":{"line":77,"column":11},"end":{"line":77,"column":40}},"type":"cond-expr","locations":[{"start":{"line":77,"column":18},"end":{"line":77,"column":35}},{"start":{"line":77,"column":38},"end":{"line":77,"column":40}}],"line":77},"4":{"loc":{"start":{"line":88,"column":9},"end":{"line":88,"column":36}},"type":"cond-expr","locations":[{"start":{"line":88,"column":16},"end":{"line":88,"column":29}},{"start":{"line":88,"column":32},"end":{"line":88,"column":36}}],"line":88},"5":{"loc":{"start":{"line":95,"column":9},"end":{"line":95,"column":35}},"type":"cond-expr","locations":[{"start":{"line":95,"column":16},"end":{"line":95,"column":28}},{"start":{"line":95,"column":31},"end":{"line":95,"column":35}}],"line":95},"6":{"loc":{"start":{"line":105,"column":9},"end":{"line":105,"column":41}},"type":"cond-expr","locations":[{"start":{"line":105,"column":16},"end":{"line":105,"column":34}},{"start":{"line":105,"column":37},"end":{"line":105,"column":41}}],"line":105},"7":{"loc":{"start":{"line":110,"column":2},"end":{"line":110,"column":55}},"type":"if","locations":[{"start":{"line":110,"column":2},"end":{"line":110,"column":55}},{"start":{},"end":{}}],"line":110},"8":{"loc":{"start":{"line":112,"column":2},"end":{"line":133,"column":3}},"type":"if","locations":[{"start":{"line":112,"column":2},"end":{"line":133,"column":3}},{"start":{},"end":{}}],"line":112},"9":{"loc":{"start":{"line":112,"column":6},"end":{"line":112,"column":52}},"type":"binary-expr","locations":[{"start":{"line":112,"column":6},"end":{"line":112,"column":16}},{"start":{"line":112,"column":20},"end":{"line":112,"column":52}}],"line":112},"10":{"loc":{"start":{"line":115,"column":4},"end":{"line":119,"column":5}},"type":"if","locations":[{"start":{"line":115,"column":4},"end":{"line":119,"column":5}},{"start":{},"end":{}}],"line":115},"11":{"loc":{"start":{"line":115,"column":8},"end":{"line":115,"column":54}},"type":"binary-expr","locations":[{"start":{"line":115,"column":8},"end":{"line":115,"column":18}},{"start":{"line":115,"column":22},"end":{"line":115,"column":54}}],"line":115},"12":{"loc":{"start":{"line":118,"column":6},"end":{"line":118,"column":65}},"type":"if","locations":[{"start":{"line":118,"column":6},"end":{"line":118,"column":65}},{"start":{},"end":{}}],"line":118}},"s":{"0":2,"1":2,"2":1,"3":2,"4":1,"5":2,"6":2,"7":2,"8":2,"9":2,"10":1,"11":1,"12":2,"13":2,"14":2,"15":1,"16":1,"17":1,"18":2,"19":2,"20":2,"21":2,"22":2,"23":2,"24":2,"25":0,"26":0,"27":2,"28":2,"29":2,"30":2,"31":2,"32":2,"33":2,"34":2,"35":2,"36":2,"37":3,"38":3,"39":1,"40":2,"41":1,"42":1,"43":1,"44":1,"45":1,"46":1,"47":1,"48":1},"f":{"0":1,"1":1,"2":2,"3":2,"4":2,"5":2,"6":2,"7":2,"8":2,"9":2,"10":3},"b":{"0":[1,1],"1":[1,1],"2":[1,1],"3":[1,1],"4":[1,1],"5":[1,1],"6":[1,1],"7":[1,2],"8":[1,1],"9":[2,2],"10":[1,0],"11":[1,1],"12":[1,0]},"inputSourceMap":null,"_coverageSchema":"1a1c01bbd47fc00a2c39e90264f33305004495a9","hash":"1853d682ed23e2bda3f1a20aab7c1e8cbbf779f4"}
,"D:\\ief2i\\Soutenance_Concepteur_Dev_FullStack\\DEV O23 (3-4) – G4 – Code source site internet\\DEVO23-G4-SAILINGLOC\\back\\services\\userDocument.services.js": {"path":"D:\\ief2i\\Soutenance_Concepteur_Dev_FullStack\\DEV O23 (3-4) – G4 – Code source site internet\\DEVO23-G4-SAILINGLOC\\back\\services\\userDocument.services.js","statementMap":{"0":{"start":{"line":2,"column":31},"end":{"line":2,"column":33}},"1":{"start":{"line":7,"column":28},"end":{"line":11,"column":1}},"2":{"start":{"line":8,"column":4},"end":{"line":10,"column":7}},"3":{"start":{"line":13,"column":27},"end":{"line":49,"column":1}},"4":{"start":{"line":14,"column":4},"end":{"line":14,"column":65}},"5":{"start":{"line":14,"column":24},"end":{"line":14,"column":65}},"6":{"start":{"line":16,"column":14},"end":{"line":16,"column":46}},"7":{"start":{"line":18,"column":4},"end":{"line":48,"column":5}},"8":{"start":{"line":19,"column":26},"end":{"line":41,"column":9}},"9":{"start":{"line":21,"column":33},"end":{"line":28,"column":17}},"10":{"start":{"line":30,"column":16},"end":{"line":39,"column":18}},"11":{"start":{"line":43,"column":8},"end":{"line":43,"column":25}},"12":{"start":{"line":44,"column":8},"end":{"line":44,"column":25}},"13":{"start":{"line":46,"column":8},"end":{"line":46,"column":27}},"14":{"start":{"line":47,"column":8},"end":{"line":47,"column":18}},"15":{"start":{"line":51,"column":28},"end":{"line":55,"column":1}},"16":{"start":{"line":52,"column":4},"end":{"line":54,"column":7}},"17":{"start":{"line":57,"column":27},"end":{"line":99,"column":1}},"18":{"start":{"line":58,"column":14},"end":{"line":58,"column":46}},"19":{"start":{"line":60,"column":4},"end":{"line":98,"column":5}},"20":{"start":{"line":61,"column":25},"end":{"line":61,"column":76}},"21":{"start":{"line":62,"column":8},"end":{"line":65,"column":9}},"22":{"start":{"line":63,"column":12},"end":{"line":63,"column":31}},"23":{"start":{"line":64,"column":12},"end":{"line":64,"column":24}},"24":{"start":{"line":68,"column":8},"end":{"line":88,"column":9}},"25":{"start":{"line":70,"column":12},"end":{"line":75,"column":13}},"26":{"start":{"line":71,"column":36},"end":{"line":71,"column":90}},"27":{"start":{"line":72,"column":16},"end":{"line":74,"column":17}},"28":{"start":{"line":73,"column":20},"end":{"line":73,"column":47}},"29":{"start":{"line":78,"column":29},"end":{"line":85,"column":13}},"30":{"start":{"line":87,"column":12},"end":{"line":87,"column":37}},"31":{"start":{"line":91,"column":32},"end":{"line":91,"column":79}},"32":{"start":{"line":93,"column":8},"end":{"line":93,"column":25}},"33":{"start":{"line":94,"column":8},"end":{"line":94,"column":31}},"34":{"start":{"line":96,"column":8},"end":{"line":96,"column":27}},"35":{"start":{"line":97,"column":8},"end":{"line":97,"column":18}},"36":{"start":{"line":101,"column":28},"end":{"line":109,"column":1}},"37":{"start":{"line":102,"column":21},"end":{"line":102,"column":52}},"38":{"start":{"line":103,"column":4},"end":{"line":103,"column":31}},"39":{"start":{"line":103,"column":19},"end":{"line":103,"column":31}},"40":{"start":{"line":105,"column":4},"end":{"line":108,"column":7}},"41":{"start":{"line":111,"column":27},"end":{"line":119,"column":1}},"42":{"start":{"line":112,"column":21},"end":{"line":112,"column":52}},"43":{"start":{"line":113,"column":4},"end":{"line":113,"column":31}},"44":{"start":{"line":113,"column":19},"end":{"line":113,"column":31}},"45":{"start":{"line":115,"column":4},"end":{"line":118,"column":7}},"46":{"start":{"line":121,"column":27},"end":{"line":148,"column":1}},"47":{"start":{"line":122,"column":14},"end":{"line":122,"column":46}},"48":{"start":{"line":124,"column":4},"end":{"line":147,"column":5}},"49":{"start":{"line":125,"column":25},"end":{"line":125,"column":76}},"50":{"start":{"line":126,"column":8},"end":{"line":129,"column":9}},"51":{"start":{"line":127,"column":12},"end":{"line":127,"column":31}},"52":{"start":{"line":128,"column":12},"end":{"line":128,"column":24}},"53":{"start":{"line":132,"column":8},"end":{"line":137,"column":9}},"54":{"start":{"line":133,"column":29},"end":{"line":133,"column":83}},"55":{"start":{"line":134,"column":12},"end":{"line":136,"column":13}},"56":{"start":{"line":135,"column":16},"end":{"line":135,"column":40}},"57":{"start":{"line":140,"column":8},"end":{"line":140,"column":51}},"58":{"start":{"line":142,"column":8},"end":{"line":142,"column":25}},"59":{"start":{"line":143,"column":8},"end":{"line":143,"column":20}},"60":{"start":{"line":145,"column":8},"end":{"line":145,"column":27}},"61":{"start":{"line":146,"column":8},"end":{"line":146,"column":18}},"62":{"start":{"line":150,"column":25},"end":{"line":154,"column":1}},"63":{"start":{"line":151,"column":4},"end":{"line":153,"column":7}},"64":{"start":{"line":156,"column":31},"end":{"line":163,"column":1}},"65":{"start":{"line":157,"column":4},"end":{"line":162,"column":7}},"66":{"start":{"line":165,"column":32},"end":{"line":172,"column":1}},"67":{"start":{"line":166,"column":4},"end":{"line":171,"column":7}}},"fnMap":{"0":{"name":"(anonymous_0)","decl":{"start":{"line":7,"column":28},"end":{"line":7,"column":29}},"loc":{"start":{"line":7,"column":40},"end":{"line":11,"column":1}},"line":7},"1":{"name":"(anonymous_1)","decl":{"start":{"line":13,"column":27},"end":{"line":13,"column":28}},"loc":{"start":{"line":13,"column":58},"end":{"line":49,"column":1}},"line":13},"2":{"name":"(anonymous_2)","decl":{"start":{"line":20,"column":22},"end":{"line":20,"column":23}},"loc":{"start":{"line":20,"column":38},"end":{"line":40,"column":13}},"line":20},"3":{"name":"(anonymous_3)","decl":{"start":{"line":51,"column":28},"end":{"line":51,"column":29}},"loc":{"start":{"line":51,"column":42},"end":{"line":55,"column":1}},"line":51},"4":{"name":"(anonymous_4)","decl":{"start":{"line":57,"column":27},"end":{"line":57,"column":28}},"loc":{"start":{"line":57,"column":53},"end":{"line":99,"column":1}},"line":57},"5":{"name":"(anonymous_5)","decl":{"start":{"line":101,"column":28},"end":{"line":101,"column":29}},"loc":{"start":{"line":101,"column":70},"end":{"line":109,"column":1}},"line":101},"6":{"name":"(anonymous_6)","decl":{"start":{"line":111,"column":27},"end":{"line":111,"column":28}},"loc":{"start":{"line":111,"column":50},"end":{"line":119,"column":1}},"line":111},"7":{"name":"(anonymous_7)","decl":{"start":{"line":121,"column":27},"end":{"line":121,"column":28}},"loc":{"start":{"line":121,"column":41},"end":{"line":148,"column":1}},"line":121},"8":{"name":"(anonymous_8)","decl":{"start":{"line":150,"column":25},"end":{"line":150,"column":26}},"loc":{"start":{"line":150,"column":44},"end":{"line":154,"column":1}},"line":150},"9":{"name":"(anonymous_9)","decl":{"start":{"line":156,"column":31},"end":{"line":156,"column":32}},"loc":{"start":{"line":156,"column":55},"end":{"line":163,"column":1}},"line":156},"10":{"name":"(anonymous_10)","decl":{"start":{"line":165,"column":32},"end":{"line":165,"column":33}},"loc":{"start":{"line":165,"column":44},"end":{"line":172,"column":1}},"line":165}},"branchMap":{"0":{"loc":{"start":{"line":14,"column":4},"end":{"line":14,"column":65}},"type":"if","locations":[{"start":{"line":14,"column":4},"end":{"line":14,"column":65}},{"start":{},"end":{}}],"line":14},"1":{"loc":{"start":{"line":62,"column":8},"end":{"line":65,"column":9}},"type":"if","locations":[{"start":{"line":62,"column":8},"end":{"line":65,"column":9}},{"start":{},"end":{}}],"line":62},"2":{"loc":{"start":{"line":68,"column":8},"end":{"line":88,"column":9}},"type":"if","locations":[{"start":{"line":68,"column":8},"end":{"line":88,"column":9}},{"start":{},"end":{}}],"line":68},"3":{"loc":{"start":{"line":70,"column":12},"end":{"line":75,"column":13}},"type":"if","locations":[{"start":{"line":70,"column":12},"end":{"line":75,"column":13}},{"start":{},"end":{}}],"line":70},"4":{"loc":{"start":{"line":72,"column":16},"end":{"line":74,"column":17}},"type":"if","locations":[{"start":{"line":72,"column":16},"end":{"line":74,"column":17}},{"start":{},"end":{}}],"line":72},"5":{"loc":{"start":{"line":101,"column":51},"end":{"line":101,"column":65}},"type":"default-arg","locations":[{"start":{"line":101,"column":61},"end":{"line":101,"column":65}}],"line":101},"6":{"loc":{"start":{"line":103,"column":4},"end":{"line":103,"column":31}},"type":"if","locations":[{"start":{"line":103,"column":4},"end":{"line":103,"column":31}},{"start":{},"end":{}}],"line":103},"7":{"loc":{"start":{"line":113,"column":4},"end":{"line":113,"column":31}},"type":"if","locations":[{"start":{"line":113,"column":4},"end":{"line":113,"column":31}},{"start":{},"end":{}}],"line":113},"8":{"loc":{"start":{"line":126,"column":8},"end":{"line":129,"column":9}},"type":"if","locations":[{"start":{"line":126,"column":8},"end":{"line":129,"column":9}},{"start":{},"end":{}}],"line":126},"9":{"loc":{"start":{"line":132,"column":8},"end":{"line":137,"column":9}},"type":"if","locations":[{"start":{"line":132,"column":8},"end":{"line":137,"column":9}},{"start":{},"end":{}}],"line":132},"10":{"loc":{"start":{"line":134,"column":12},"end":{"line":136,"column":13}},"type":"if","locations":[{"start":{"line":134,"column":12},"end":{"line":136,"column":13}},{"start":{},"end":{}}],"line":134}},"s":{"0":3,"1":3,"2":1,"3":3,"4":1,"5":1,"6":0,"7":0,"8":0,"9":0,"10":0,"11":0,"12":0,"13":0,"14":0,"15":3,"16":2,"17":3,"18":2,"19":0,"20":0,"21":0,"22":0,"23":0,"24":0,"25":0,"26":0,"27":0,"28":0,"29":0,"30":0,"31":0,"32":0,"33":0,"34":0,"35":0,"36":3,"37":0,"38":0,"39":0,"40":0,"41":3,"42":0,"43":0,"44":0,"45":0,"46":3,"47":2,"48":0,"49":0,"50":0,"51":0,"52":0,"53":0,"54":0,"55":0,"56":0,"57":0,"58":0,"59":0,"60":0,"61":0,"62":3,"63":2,"64":3,"65":0,"66":3,"67":0},"f":{"0":1,"1":1,"2":0,"3":2,"4":2,"5":0,"6":0,"7":2,"8":2,"9":0,"10":0},"b":{"0":[1,0],"1":[0,0],"2":[0,0],"3":[0,0],"4":[0,0],"5":[0],"6":[0,0],"7":[0,0],"8":[0,0],"9":[0,0],"10":[0,0]},"inputSourceMap":null,"_coverageSchema":"1a1c01bbd47fc00a2c39e90264f33305004495a9","hash":"b1d32821167d1697193113c2222c94bb6d85ca0d"}
}
