{"D:\\ief2i\\Soutenance_Concepteur_Dev_FullStack\\DEV O23 (3-4) – G4 – Code source site internet\\DEVO23-G4-SAILINGLOC\\back\\controllers\\auth.controller.js": {"path":"D:\\ief2i\\Soutenance_Concepteur_Dev_FullStack\\DEV O23 (3-4) – G4 – Code source site internet\\DEVO23-G4-SAILINGLOC\\back\\controllers\\auth.controller.js","statementMap":{"0":{"start":{"line":4,"column":17},"end":{"line":11,"column":1}},"1":{"start":{"line":5,"column":2},"end":{"line":10,"column":3}},"2":{"start":{"line":6,"column":17},"end":{"line":6,"column":57}},"3":{"start":{"line":7,"column":4},"end":{"line":7,"column":31}},"4":{"start":{"line":9,"column":4},"end":{"line":9,"column":51}},"5":{"start":{"line":13,"column":14},"end":{"line":20,"column":1}},"6":{"start":{"line":14,"column":2},"end":{"line":19,"column":3}},"7":{"start":{"line":15,"column":17},"end":{"line":15,"column":54}},"8":{"start":{"line":16,"column":4},"end":{"line":16,"column":31}},"9":{"start":{"line":18,"column":4},"end":{"line":18,"column":51}},"10":{"start":{"line":22,"column":23},"end":{"line":29,"column":1}},"11":{"start":{"line":23,"column":2},"end":{"line":28,"column":3}},"12":{"start":{"line":24,"column":24},"end":{"line":24,"column":83}},"13":{"start":{"line":25,"column":4},"end":{"line":25,"column":38}},"14":{"start":{"line":27,"column":4},"end":{"line":27,"column":51}},"15":{"start":{"line":31,"column":15},"end":{"line":33,"column":1}},"16":{"start":{"line":32,"column":2},"end":{"line":32,"column":31}},"17":{"start":{"line":35,"column":23},"end":{"line":42,"column":1}},"18":{"start":{"line":36,"column":2},"end":{"line":41,"column":3}},"19":{"start":{"line":37,"column":21},"end":{"line":37,"column":63}},"20":{"start":{"line":38,"column":4},"end":{"line":38,"column":35}},"21":{"start":{"line":40,"column":4},"end":{"line":40,"column":51}},"22":{"start":{"line":44,"column":28},"end":{"line":51,"column":1}},"23":{"start":{"line":45,"column":2},"end":{"line":50,"column":3}},"24":{"start":{"line":46,"column":21},"end":{"line":46,"column":74}},"25":{"start":{"line":47,"column":4},"end":{"line":47,"column":35}},"26":{"start":{"line":49,"column":4},"end":{"line":49,"column":51}},"27":{"start":{"line":53,"column":22},"end":{"line":61,"column":1}},"28":{"start":{"line":54,"column":30},"end":{"line":54,"column":38}},"29":{"start":{"line":55,"column":2},"end":{"line":60,"column":3}},"30":{"start":{"line":56,"column":21},"end":{"line":56,"column":69}},"31":{"start":{"line":57,"column":4},"end":{"line":57,"column":35}},"32":{"start":{"line":59,"column":4},"end":{"line":59,"column":51}},"33":{"start":{"line":63,"column":21},"end":{"line":71,"column":1}},"34":{"start":{"line":64,"column":16},"end":{"line":64,"column":32}},"35":{"start":{"line":65,"column":2},"end":{"line":70,"column":3}},"36":{"start":{"line":66,"column":17},"end":{"line":66,"column":54}},"37":{"start":{"line":67,"column":4},"end":{"line":67,"column":75}},"38":{"start":{"line":69,"column":4},"end":{"line":69,"column":51}}},"fnMap":{"0":{"name":"(anonymous_0)","decl":{"start":{"line":4,"column":17},"end":{"line":4,"column":18}},"loc":{"start":{"line":4,"column":37},"end":{"line":11,"column":1}},"line":4},"1":{"name":"(anonymous_1)","decl":{"start":{"line":13,"column":14},"end":{"line":13,"column":15}},"loc":{"start":{"line":13,"column":34},"end":{"line":20,"column":1}},"line":13},"2":{"name":"(anonymous_2)","decl":{"start":{"line":22,"column":23},"end":{"line":22,"column":24}},"loc":{"start":{"line":22,"column":43},"end":{"line":29,"column":1}},"line":22},"3":{"name":"(anonymous_3)","decl":{"start":{"line":31,"column":15},"end":{"line":31,"column":16}},"loc":{"start":{"line":31,"column":29},"end":{"line":33,"column":1}},"line":31},"4":{"name":"(anonymous_4)","decl":{"start":{"line":35,"column":23},"end":{"line":35,"column":24}},"loc":{"start":{"line":35,"column":43},"end":{"line":42,"column":1}},"line":35},"5":{"name":"(anonymous_5)","decl":{"start":{"line":44,"column":28},"end":{"line":44,"column":29}},"loc":{"start":{"line":44,"column":48},"end":{"line":51,"column":1}},"line":44},"6":{"name":"(anonymous_6)","decl":{"start":{"line":53,"column":22},"end":{"line":53,"column":23}},"loc":{"start":{"line":53,"column":42},"end":{"line":61,"column":1}},"line":53},"7":{"name":"(anonymous_7)","decl":{"start":{"line":63,"column":21},"end":{"line":63,"column":22}},"loc":{"start":{"line":63,"column":41},"end":{"line":71,"column":1}},"line":63}},"branchMap":{},"s":{"0":2,"1":2,"2":2,"3":1,"4":1,"5":2,"6":2,"7":2,"8":1,"9":1,"10":2,"11":2,"12":2,"13":1,"14":1,"15":2,"16":1,"17":2,"18":2,"19":2,"20":1,"21":1,"22":2,"23":2,"24":2,"25":1,"26":1,"27":2,"28":2,"29":2,"30":2,"31":1,"32":1,"33":2,"34":2,"35":2,"36":2,"37":1,"38":1},"f":{"0":2,"1":2,"2":2,"3":1,"4":2,"5":2,"6":2,"7":2},"b":{},"inputSourceMap":null,"_coverageSchema":"1a1c01bbd47fc00a2c39e90264f33305004495a9","hash":"f1b03bc31e58cb1228c56a152002f56a932d299f"}
,"D:\\ief2i\\Soutenance_Concepteur_Dev_FullStack\\DEV O23 (3-4) – G4 – Code source site internet\\DEVO23-G4-SAILINGLOC\\back\\controllers\\availability.controller.js": {"path":"D:\\ief2i\\Soutenance_Concepteur_Dev_FullStack\\DEV O23 (3-4) – G4 – Code source site internet\\DEVO23-G4-SAILINGLOC\\back\\controllers\\availability.controller.js","statementMap":{"0":{"start":{"line":3,"column":14},"end":{"line":10,"column":1}},"1":{"start":{"line":4,"column":2},"end":{"line":9,"column":3}},"2":{"start":{"line":5,"column":27},"end":{"line":5,"column":75}},"3":{"start":{"line":6,"column":4},"end":{"line":6,"column":29}},"4":{"start":{"line":8,"column":4},"end":{"line":8,"column":51}},"5":{"start":{"line":12,"column":15},"end":{"line":19,"column":1}},"6":{"start":{"line":13,"column":2},"end":{"line":18,"column":3}},"7":{"start":{"line":14,"column":19},"end":{"line":14,"column":73}},"8":{"start":{"line":15,"column":4},"end":{"line":15,"column":33}},"9":{"start":{"line":17,"column":4},"end":{"line":17,"column":51}},"10":{"start":{"line":21,"column":13},"end":{"line":28,"column":1}},"11":{"start":{"line":22,"column":2},"end":{"line":27,"column":3}},"12":{"start":{"line":23,"column":19},"end":{"line":23,"column":79}},"13":{"start":{"line":24,"column":4},"end":{"line":24,"column":21}},"14":{"start":{"line":26,"column":4},"end":{"line":26,"column":51}},"15":{"start":{"line":30,"column":15},"end":{"line":37,"column":1}},"16":{"start":{"line":31,"column":2},"end":{"line":36,"column":3}},"17":{"start":{"line":32,"column":19},"end":{"line":32,"column":88}},"18":{"start":{"line":33,"column":4},"end":{"line":33,"column":21}},"19":{"start":{"line":35,"column":4},"end":{"line":35,"column":51}},"20":{"start":{"line":39,"column":15},"end":{"line":46,"column":1}},"21":{"start":{"line":40,"column":2},"end":{"line":45,"column":3}},"22":{"start":{"line":41,"column":4},"end":{"line":41,"column":64}},"23":{"start":{"line":42,"column":4},"end":{"line":42,"column":27}},"24":{"start":{"line":44,"column":4},"end":{"line":44,"column":51}},"25":{"start":{"line":48,"column":30},"end":{"line":55,"column":1}},"26":{"start":{"line":49,"column":2},"end":{"line":54,"column":3}},"27":{"start":{"line":50,"column":19},"end":{"line":50,"column":81}},"28":{"start":{"line":51,"column":4},"end":{"line":51,"column":21}},"29":{"start":{"line":53,"column":4},"end":{"line":53,"column":51}}},"fnMap":{"0":{"name":"(anonymous_0)","decl":{"start":{"line":3,"column":14},"end":{"line":3,"column":15}},"loc":{"start":{"line":3,"column":34},"end":{"line":10,"column":1}},"line":3},"1":{"name":"(anonymous_1)","decl":{"start":{"line":12,"column":15},"end":{"line":12,"column":16}},"loc":{"start":{"line":12,"column":35},"end":{"line":19,"column":1}},"line":12},"2":{"name":"(anonymous_2)","decl":{"start":{"line":21,"column":13},"end":{"line":21,"column":14}},"loc":{"start":{"line":21,"column":33},"end":{"line":28,"column":1}},"line":21},"3":{"name":"(anonymous_3)","decl":{"start":{"line":30,"column":15},"end":{"line":30,"column":16}},"loc":{"start":{"line":30,"column":35},"end":{"line":37,"column":1}},"line":30},"4":{"name":"(anonymous_4)","decl":{"start":{"line":39,"column":15},"end":{"line":39,"column":16}},"loc":{"start":{"line":39,"column":35},"end":{"line":46,"column":1}},"line":39},"5":{"name":"(anonymous_5)","decl":{"start":{"line":48,"column":30},"end":{"line":48,"column":31}},"loc":{"start":{"line":48,"column":50},"end":{"line":55,"column":1}},"line":48}},"branchMap":{},"s":{"0":2,"1":2,"2":2,"3":1,"4":1,"5":2,"6":2,"7":2,"8":1,"9":1,"10":2,"11":2,"12":2,"13":1,"14":1,"15":2,"16":2,"17":2,"18":1,"19":1,"20":2,"21":2,"22":2,"23":1,"24":1,"25":2,"26":2,"27":2,"28":1,"29":1},"f":{"0":2,"1":2,"2":2,"3":2,"4":2,"5":2},"b":{},"inputSourceMap":null,"_coverageSchema":"1a1c01bbd47fc00a2c39e90264f33305004495a9","hash":"dd21a02b7fd7e31602a548020a1743bdfb0c5a50"}
,"D:\\ief2i\\Soutenance_Concepteur_Dev_FullStack\\DEV O23 (3-4) – G4 – Code source site internet\\DEVO23-G4-SAILINGLOC\\back\\controllers\\boat.controller.js": {"path":"D:\\ief2i\\Soutenance_Concepteur_Dev_FullStack\\DEV O23 (3-4) – G4 – Code source site internet\\DEVO23-G4-SAILINGLOC\\back\\controllers\\boat.controller.js","statementMap":{"0":{"start":{"line":3,"column":14},"end":{"line":10,"column":1}},"1":{"start":{"line":4,"column":2},"end":{"line":9,"column":3}},"2":{"start":{"line":5,"column":18},"end":{"line":5,"column":49}},"3":{"start":{"line":6,"column":4},"end":{"line":6,"column":20}},"4":{"start":{"line":8,"column":4},"end":{"line":8,"column":51}},"5":{"start":{"line":12,"column":15},"end":{"line":19,"column":1}},"6":{"start":{"line":13,"column":2},"end":{"line":18,"column":3}},"7":{"start":{"line":14,"column":19},"end":{"line":14,"column":57}},"8":{"start":{"line":15,"column":4},"end":{"line":15,"column":33}},"9":{"start":{"line":17,"column":4},"end":{"line":17,"column":51}},"10":{"start":{"line":21,"column":13},"end":{"line":28,"column":1}},"11":{"start":{"line":22,"column":2},"end":{"line":27,"column":3}},"12":{"start":{"line":23,"column":19},"end":{"line":23,"column":63}},"13":{"start":{"line":24,"column":4},"end":{"line":24,"column":21}},"14":{"start":{"line":26,"column":4},"end":{"line":26,"column":51}},"15":{"start":{"line":30,"column":19},"end":{"line":38,"column":1}},"16":{"start":{"line":31,"column":2},"end":{"line":37,"column":3}},"17":{"start":{"line":32,"column":17},"end":{"line":32,"column":65}},"18":{"start":{"line":33,"column":4},"end":{"line":33,"column":76}},"19":{"start":{"line":33,"column":15},"end":{"line":33,"column":76}},"20":{"start":{"line":34,"column":4},"end":{"line":34,"column":19}},"21":{"start":{"line":36,"column":4},"end":{"line":36,"column":51}},"22":{"start":{"line":40,"column":15},"end":{"line":47,"column":1}},"23":{"start":{"line":41,"column":2},"end":{"line":46,"column":3}},"24":{"start":{"line":42,"column":19},"end":{"line":42,"column":72}},"25":{"start":{"line":43,"column":4},"end":{"line":43,"column":21}},"26":{"start":{"line":45,"column":4},"end":{"line":45,"column":51}},"27":{"start":{"line":49,"column":15},"end":{"line":56,"column":1}},"28":{"start":{"line":50,"column":2},"end":{"line":55,"column":3}},"29":{"start":{"line":51,"column":4},"end":{"line":51,"column":48}},"30":{"start":{"line":52,"column":4},"end":{"line":52,"column":27}},"31":{"start":{"line":54,"column":4},"end":{"line":54,"column":51}},"32":{"start":{"line":58,"column":25},"end":{"line":68,"column":1}},"33":{"start":{"line":59,"column":2},"end":{"line":67,"column":3}},"34":{"start":{"line":60,"column":20},"end":{"line":60,"column":29}},"35":{"start":{"line":61,"column":4},"end":{"line":61,"column":25}},"36":{"start":{"line":63,"column":19},"end":{"line":63,"column":62}},"37":{"start":{"line":64,"column":4},"end":{"line":64,"column":21}},"38":{"start":{"line":66,"column":4},"end":{"line":66,"column":51}},"39":{"start":{"line":70,"column":22},"end":{"line":77,"column":1}},"40":{"start":{"line":71,"column":2},"end":{"line":76,"column":3}},"41":{"start":{"line":72,"column":19},"end":{"line":72,"column":65}},"42":{"start":{"line":73,"column":4},"end":{"line":73,"column":21}},"43":{"start":{"line":75,"column":4},"end":{"line":75,"column":51}},"44":{"start":{"line":79,"column":26},"end":{"line":86,"column":1}},"45":{"start":{"line":80,"column":2},"end":{"line":85,"column":3}},"46":{"start":{"line":81,"column":19},"end":{"line":81,"column":69}},"47":{"start":{"line":82,"column":4},"end":{"line":82,"column":21}},"48":{"start":{"line":84,"column":4},"end":{"line":84,"column":51}},"49":{"start":{"line":88,"column":30},"end":{"line":95,"column":1}},"50":{"start":{"line":89,"column":2},"end":{"line":94,"column":3}},"51":{"start":{"line":90,"column":19},"end":{"line":90,"column":73}},"52":{"start":{"line":91,"column":4},"end":{"line":91,"column":21}},"53":{"start":{"line":93,"column":4},"end":{"line":93,"column":51}},"54":{"start":{"line":97,"column":23},"end":{"line":104,"column":1}},"55":{"start":{"line":98,"column":2},"end":{"line":103,"column":3}},"56":{"start":{"line":99,"column":19},"end":{"line":99,"column":66}},"57":{"start":{"line":100,"column":4},"end":{"line":100,"column":21}},"58":{"start":{"line":102,"column":4},"end":{"line":102,"column":51}},"59":{"start":{"line":106,"column":28},"end":{"line":113,"column":1}},"60":{"start":{"line":107,"column":2},"end":{"line":112,"column":3}},"61":{"start":{"line":108,"column":19},"end":{"line":108,"column":71}},"62":{"start":{"line":109,"column":4},"end":{"line":109,"column":21}},"63":{"start":{"line":111,"column":4},"end":{"line":111,"column":51}}},"fnMap":{"0":{"name":"(anonymous_0)","decl":{"start":{"line":3,"column":14},"end":{"line":3,"column":15}},"loc":{"start":{"line":3,"column":34},"end":{"line":10,"column":1}},"line":3},"1":{"name":"(anonymous_1)","decl":{"start":{"line":12,"column":15},"end":{"line":12,"column":16}},"loc":{"start":{"line":12,"column":35},"end":{"line":19,"column":1}},"line":12},"2":{"name":"(anonymous_2)","decl":{"start":{"line":21,"column":13},"end":{"line":21,"column":14}},"loc":{"start":{"line":21,"column":33},"end":{"line":28,"column":1}},"line":21},"3":{"name":"(anonymous_3)","decl":{"start":{"line":30,"column":19},"end":{"line":30,"column":20}},"loc":{"start":{"line":30,"column":39},"end":{"line":38,"column":1}},"line":30},"4":{"name":"(anonymous_4)","decl":{"start":{"line":40,"column":15},"end":{"line":40,"column":16}},"loc":{"start":{"line":40,"column":35},"end":{"line":47,"column":1}},"line":40},"5":{"name":"(anonymous_5)","decl":{"start":{"line":49,"column":15},"end":{"line":49,"column":16}},"loc":{"start":{"line":49,"column":35},"end":{"line":56,"column":1}},"line":49},"6":{"name":"(anonymous_6)","decl":{"start":{"line":58,"column":25},"end":{"line":58,"column":26}},"loc":{"start":{"line":58,"column":45},"end":{"line":68,"column":1}},"line":58},"7":{"name":"(anonymous_7)","decl":{"start":{"line":70,"column":22},"end":{"line":70,"column":23}},"loc":{"start":{"line":70,"column":42},"end":{"line":77,"column":1}},"line":70},"8":{"name":"(anonymous_8)","decl":{"start":{"line":79,"column":26},"end":{"line":79,"column":27}},"loc":{"start":{"line":79,"column":46},"end":{"line":86,"column":1}},"line":79},"9":{"name":"(anonymous_9)","decl":{"start":{"line":88,"column":30},"end":{"line":88,"column":31}},"loc":{"start":{"line":88,"column":50},"end":{"line":95,"column":1}},"line":88},"10":{"name":"(anonymous_10)","decl":{"start":{"line":97,"column":23},"end":{"line":97,"column":24}},"loc":{"start":{"line":97,"column":43},"end":{"line":104,"column":1}},"line":97},"11":{"name":"(anonymous_11)","decl":{"start":{"line":106,"column":28},"end":{"line":106,"column":29}},"loc":{"start":{"line":106,"column":48},"end":{"line":113,"column":1}},"line":106}},"branchMap":{"0":{"loc":{"start":{"line":33,"column":4},"end":{"line":33,"column":76}},"type":"if","locations":[{"start":{"line":33,"column":4},"end":{"line":33,"column":76}},{"start":{},"end":{}}],"line":33}},"s":{"0":2,"1":2,"2":2,"3":1,"4":1,"5":2,"6":2,"7":2,"8":1,"9":1,"10":2,"11":2,"12":2,"13":1,"14":1,"15":2,"16":3,"17":3,"18":2,"19":1,"20":1,"21":1,"22":2,"23":2,"24":2,"25":1,"26":1,"27":2,"28":2,"29":2,"30":1,"31":1,"32":2,"33":2,"34":2,"35":2,"36":2,"37":1,"38":1,"39":2,"40":2,"41":2,"42":1,"43":1,"44":2,"45":2,"46":2,"47":1,"48":1,"49":2,"50":2,"51":2,"52":1,"53":1,"54":2,"55":2,"56":2,"57":1,"58":1,"59":2,"60":2,"61":2,"62":1,"63":1},"f":{"0":2,"1":2,"2":2,"3":3,"4":2,"5":2,"6":2,"7":2,"8":2,"9":2,"10":2,"11":2},"b":{"0":[1,1]},"inputSourceMap":null,"_coverageSchema":"1a1c01bbd47fc00a2c39e90264f33305004495a9","hash":"1956541db5e1bf345aa6f3acb6dd0f4ede76aa8e"}
,"D:\\ief2i\\Soutenance_Concepteur_Dev_FullStack\\DEV O23 (3-4) – G4 – Code source site internet\\DEVO23-G4-SAILINGLOC\\back\\controllers\\boatEquipment.controller.js": {"path":"D:\\ief2i\\Soutenance_Concepteur_Dev_FullStack\\DEV O23 (3-4) – G4 – Code source site internet\\DEVO23-G4-SAILINGLOC\\back\\controllers\\boatEquipment.controller.js","statementMap":{"0":{"start":{"line":3,"column":14},"end":{"line":10,"column":1}},"1":{"start":{"line":4,"column":2},"end":{"line":9,"column":3}},"2":{"start":{"line":5,"column":23},"end":{"line":5,"column":72}},"3":{"start":{"line":6,"column":4},"end":{"line":6,"column":25}},"4":{"start":{"line":8,"column":4},"end":{"line":8,"column":51}},"5":{"start":{"line":12,"column":15},"end":{"line":19,"column":1}},"6":{"start":{"line":13,"column":2},"end":{"line":18,"column":3}},"7":{"start":{"line":14,"column":19},"end":{"line":14,"column":75}},"8":{"start":{"line":15,"column":4},"end":{"line":15,"column":33}},"9":{"start":{"line":17,"column":4},"end":{"line":17,"column":51}},"10":{"start":{"line":21,"column":13},"end":{"line":28,"column":1}},"11":{"start":{"line":22,"column":2},"end":{"line":27,"column":3}},"12":{"start":{"line":23,"column":19},"end":{"line":23,"column":81}},"13":{"start":{"line":24,"column":4},"end":{"line":24,"column":21}},"14":{"start":{"line":26,"column":4},"end":{"line":26,"column":51}},"15":{"start":{"line":30,"column":15},"end":{"line":37,"column":1}},"16":{"start":{"line":31,"column":2},"end":{"line":36,"column":3}},"17":{"start":{"line":32,"column":19},"end":{"line":32,"column":90}},"18":{"start":{"line":33,"column":4},"end":{"line":33,"column":21}},"19":{"start":{"line":35,"column":4},"end":{"line":35,"column":51}},"20":{"start":{"line":39,"column":15},"end":{"line":46,"column":1}},"21":{"start":{"line":40,"column":2},"end":{"line":45,"column":3}},"22":{"start":{"line":41,"column":4},"end":{"line":41,"column":66}},"23":{"start":{"line":42,"column":4},"end":{"line":42,"column":27}},"24":{"start":{"line":44,"column":4},"end":{"line":44,"column":51}},"25":{"start":{"line":48,"column":26},"end":{"line":55,"column":1}},"26":{"start":{"line":49,"column":2},"end":{"line":54,"column":3}},"27":{"start":{"line":50,"column":19},"end":{"line":50,"column":78}},"28":{"start":{"line":51,"column":4},"end":{"line":51,"column":21}},"29":{"start":{"line":53,"column":4},"end":{"line":53,"column":51}}},"fnMap":{"0":{"name":"(anonymous_0)","decl":{"start":{"line":3,"column":14},"end":{"line":3,"column":15}},"loc":{"start":{"line":3,"column":34},"end":{"line":10,"column":1}},"line":3},"1":{"name":"(anonymous_1)","decl":{"start":{"line":12,"column":15},"end":{"line":12,"column":16}},"loc":{"start":{"line":12,"column":35},"end":{"line":19,"column":1}},"line":12},"2":{"name":"(anonymous_2)","decl":{"start":{"line":21,"column":13},"end":{"line":21,"column":14}},"loc":{"start":{"line":21,"column":33},"end":{"line":28,"column":1}},"line":21},"3":{"name":"(anonymous_3)","decl":{"start":{"line":30,"column":15},"end":{"line":30,"column":16}},"loc":{"start":{"line":30,"column":35},"end":{"line":37,"column":1}},"line":30},"4":{"name":"(anonymous_4)","decl":{"start":{"line":39,"column":15},"end":{"line":39,"column":16}},"loc":{"start":{"line":39,"column":35},"end":{"line":46,"column":1}},"line":39},"5":{"name":"(anonymous_5)","decl":{"start":{"line":48,"column":26},"end":{"line":48,"column":27}},"loc":{"start":{"line":48,"column":46},"end":{"line":55,"column":1}},"line":48}},"branchMap":{},"s":{"0":2,"1":2,"2":2,"3":1,"4":1,"5":2,"6":2,"7":2,"8":1,"9":1,"10":2,"11":2,"12":2,"13":1,"14":1,"15":2,"16":2,"17":2,"18":1,"19":1,"20":2,"21":2,"22":2,"23":1,"24":1,"25":2,"26":2,"27":2,"28":1,"29":1},"f":{"0":2,"1":2,"2":2,"3":2,"4":2,"5":2},"b":{},"inputSourceMap":null,"_coverageSchema":"1a1c01bbd47fc00a2c39e90264f33305004495a9","hash":"e1bcfd889c3a0bbb3c9555e1225b7a9fbf707ac7"}
,"D:\\ief2i\\Soutenance_Concepteur_Dev_FullStack\\DEV O23 (3-4) – G4 – Code source site internet\\DEVO23-G4-SAILINGLOC\\back\\controllers\\boatPhoto.controller.js": {"path":"D:\\ief2i\\Soutenance_Concepteur_Dev_FullStack\\DEV O23 (3-4) – G4 – Code source site internet\\DEVO23-G4-SAILINGLOC\\back\\controllers\\boatPhoto.controller.js","statementMap":{"0":{"start":{"line":3,"column":14},"end":{"line":10,"column":1}},"1":{"start":{"line":4,"column":2},"end":{"line":9,"column":3}},"2":{"start":{"line":5,"column":19},"end":{"line":5,"column":60}},"3":{"start":{"line":6,"column":4},"end":{"line":6,"column":21}},"4":{"start":{"line":8,"column":4},"end":{"line":8,"column":51}},"5":{"start":{"line":12,"column":15},"end":{"line":29,"column":1}},"6":{"start":{"line":13,"column":2},"end":{"line":28,"column":3}},"7":{"start":{"line":14,"column":35},"end":{"line":14,"column":43}},"8":{"start":{"line":16,"column":18},"end":{"line":18,"column":26}},"9":{"start":{"line":20,"column":19},"end":{"line":24,"column":5}},"10":{"start":{"line":25,"column":4},"end":{"line":25,"column":33}},"11":{"start":{"line":27,"column":4},"end":{"line":27,"column":51}},"12":{"start":{"line":32,"column":13},"end":{"line":39,"column":1}},"13":{"start":{"line":33,"column":2},"end":{"line":38,"column":3}},"14":{"start":{"line":34,"column":19},"end":{"line":34,"column":73}},"15":{"start":{"line":35,"column":4},"end":{"line":35,"column":21}},"16":{"start":{"line":37,"column":4},"end":{"line":37,"column":51}},"17":{"start":{"line":41,"column":15},"end":{"line":48,"column":1}},"18":{"start":{"line":42,"column":2},"end":{"line":47,"column":3}},"19":{"start":{"line":43,"column":19},"end":{"line":43,"column":82}},"20":{"start":{"line":44,"column":4},"end":{"line":44,"column":21}},"21":{"start":{"line":46,"column":4},"end":{"line":46,"column":51}},"22":{"start":{"line":50,"column":15},"end":{"line":57,"column":1}},"23":{"start":{"line":51,"column":2},"end":{"line":56,"column":3}},"24":{"start":{"line":52,"column":4},"end":{"line":52,"column":58}},"25":{"start":{"line":53,"column":4},"end":{"line":53,"column":27}},"26":{"start":{"line":55,"column":4},"end":{"line":55,"column":51}},"27":{"start":{"line":59,"column":22},"end":{"line":66,"column":1}},"28":{"start":{"line":60,"column":2},"end":{"line":65,"column":3}},"29":{"start":{"line":61,"column":19},"end":{"line":61,"column":70}},"30":{"start":{"line":62,"column":4},"end":{"line":62,"column":21}},"31":{"start":{"line":64,"column":4},"end":{"line":64,"column":51}}},"fnMap":{"0":{"name":"(anonymous_0)","decl":{"start":{"line":3,"column":14},"end":{"line":3,"column":15}},"loc":{"start":{"line":3,"column":34},"end":{"line":10,"column":1}},"line":3},"1":{"name":"(anonymous_1)","decl":{"start":{"line":12,"column":15},"end":{"line":12,"column":16}},"loc":{"start":{"line":12,"column":35},"end":{"line":29,"column":1}},"line":12},"2":{"name":"(anonymous_2)","decl":{"start":{"line":32,"column":13},"end":{"line":32,"column":14}},"loc":{"start":{"line":32,"column":33},"end":{"line":39,"column":1}},"line":32},"3":{"name":"(anonymous_3)","decl":{"start":{"line":41,"column":15},"end":{"line":41,"column":16}},"loc":{"start":{"line":41,"column":35},"end":{"line":48,"column":1}},"line":41},"4":{"name":"(anonymous_4)","decl":{"start":{"line":50,"column":15},"end":{"line":50,"column":16}},"loc":{"start":{"line":50,"column":35},"end":{"line":57,"column":1}},"line":50},"5":{"name":"(anonymous_5)","decl":{"start":{"line":59,"column":22},"end":{"line":59,"column":23}},"loc":{"start":{"line":59,"column":42},"end":{"line":66,"column":1}},"line":59}},"branchMap":{"0":{"loc":{"start":{"line":16,"column":18},"end":{"line":18,"column":26}},"type":"cond-expr","locations":[{"start":{"line":17,"column":8},"end":{"line":17,"column":24}},{"start":{"line":18,"column":8},"end":{"line":18,"column":26}}],"line":16}},"s":{"0":2,"1":2,"2":2,"3":1,"4":1,"5":2,"6":4,"7":4,"8":4,"9":4,"10":2,"11":2,"12":2,"13":2,"14":2,"15":1,"16":1,"17":2,"18":2,"19":2,"20":1,"21":1,"22":2,"23":2,"24":2,"25":1,"26":1,"27":2,"28":2,"29":2,"30":1,"31":1},"f":{"0":2,"1":4,"2":2,"3":2,"4":2,"5":2},"b":{"0":[1,3]},"inputSourceMap":null,"_coverageSchema":"1a1c01bbd47fc00a2c39e90264f33305004495a9","hash":"3f7107fe3b70a9c7ce808d4f500b221f49a01c96"}
,"D:\\ief2i\\Soutenance_Concepteur_Dev_FullStack\\DEV O23 (3-4) – G4 – Code source site internet\\DEVO23-G4-SAILINGLOC\\back\\controllers\\boatType.controller.js": {"path":"D:\\ief2i\\Soutenance_Concepteur_Dev_FullStack\\DEV O23 (3-4) – G4 – Code source site internet\\DEVO23-G4-SAILINGLOC\\back\\controllers\\boatType.controller.js","statementMap":{"0":{"start":{"line":3,"column":14},"end":{"line":10,"column":1}},"1":{"start":{"line":4,"column":2},"end":{"line":9,"column":3}},"2":{"start":{"line":5,"column":18},"end":{"line":5,"column":57}},"3":{"start":{"line":6,"column":4},"end":{"line":6,"column":20}},"4":{"start":{"line":8,"column":4},"end":{"line":8,"column":51}},"5":{"start":{"line":12,"column":15},"end":{"line":19,"column":1}},"6":{"start":{"line":13,"column":2},"end":{"line":18,"column":3}},"7":{"start":{"line":14,"column":19},"end":{"line":14,"column":65}},"8":{"start":{"line":15,"column":4},"end":{"line":15,"column":33}},"9":{"start":{"line":17,"column":4},"end":{"line":17,"column":51}},"10":{"start":{"line":21,"column":13},"end":{"line":28,"column":1}},"11":{"start":{"line":22,"column":2},"end":{"line":27,"column":3}},"12":{"start":{"line":23,"column":19},"end":{"line":23,"column":71}},"13":{"start":{"line":24,"column":4},"end":{"line":24,"column":21}},"14":{"start":{"line":26,"column":4},"end":{"line":26,"column":51}},"15":{"start":{"line":30,"column":15},"end":{"line":37,"column":1}},"16":{"start":{"line":31,"column":2},"end":{"line":36,"column":3}},"17":{"start":{"line":32,"column":19},"end":{"line":32,"column":80}},"18":{"start":{"line":33,"column":4},"end":{"line":33,"column":21}},"19":{"start":{"line":35,"column":4},"end":{"line":35,"column":51}},"20":{"start":{"line":39,"column":15},"end":{"line":46,"column":1}},"21":{"start":{"line":40,"column":2},"end":{"line":45,"column":3}},"22":{"start":{"line":41,"column":4},"end":{"line":41,"column":56}},"23":{"start":{"line":42,"column":4},"end":{"line":42,"column":27}},"24":{"start":{"line":44,"column":4},"end":{"line":44,"column":51}}},"fnMap":{"0":{"name":"(anonymous_0)","decl":{"start":{"line":3,"column":14},"end":{"line":3,"column":15}},"loc":{"start":{"line":3,"column":34},"end":{"line":10,"column":1}},"line":3},"1":{"name":"(anonymous_1)","decl":{"start":{"line":12,"column":15},"end":{"line":12,"column":16}},"loc":{"start":{"line":12,"column":35},"end":{"line":19,"column":1}},"line":12},"2":{"name":"(anonymous_2)","decl":{"start":{"line":21,"column":13},"end":{"line":21,"column":14}},"loc":{"start":{"line":21,"column":33},"end":{"line":28,"column":1}},"line":21},"3":{"name":"(anonymous_3)","decl":{"start":{"line":30,"column":15},"end":{"line":30,"column":16}},"loc":{"start":{"line":30,"column":35},"end":{"line":37,"column":1}},"line":30},"4":{"name":"(anonymous_4)","decl":{"start":{"line":39,"column":15},"end":{"line":39,"column":16}},"loc":{"start":{"line":39,"column":35},"end":{"line":46,"column":1}},"line":39}},"branchMap":{},"s":{"0":2,"1":2,"2":2,"3":1,"4":1,"5":2,"6":2,"7":2,"8":1,"9":1,"10":2,"11":2,"12":2,"13":1,"14":1,"15":2,"16":2,"17":2,"18":1,"19":1,"20":2,"21":2,"22":2,"23":1,"24":1},"f":{"0":2,"1":2,"2":2,"3":2,"4":2},"b":{},"inputSourceMap":null,"_coverageSchema":"1a1c01bbd47fc00a2c39e90264f33305004495a9","hash":"45c65c1c117d92dcdea512ec323893d64239e8c2"}
,"D:\\ief2i\\Soutenance_Concepteur_Dev_FullStack\\DEV O23 (3-4) – G4 – Code source site internet\\DEVO23-G4-SAILINGLOC\\back\\controllers\\contract.controller.js": {"path":"D:\\ief2i\\Soutenance_Concepteur_Dev_FullStack\\DEV O23 (3-4) – G4 – Code source site internet\\DEVO23-G4-SAILINGLOC\\back\\controllers\\contract.controller.js","statementMap":{"0":{"start":{"line":3,"column":14},"end":{"line":10,"column":1}},"1":{"start":{"line":4,"column":2},"end":{"line":9,"column":3}},"2":{"start":{"line":5,"column":22},"end":{"line":5,"column":61}},"3":{"start":{"line":6,"column":4},"end":{"line":6,"column":24}},"4":{"start":{"line":8,"column":4},"end":{"line":8,"column":51}},"5":{"start":{"line":12,"column":15},"end":{"line":19,"column":1}},"6":{"start":{"line":13,"column":2},"end":{"line":18,"column":3}},"7":{"start":{"line":14,"column":19},"end":{"line":14,"column":65}},"8":{"start":{"line":15,"column":4},"end":{"line":15,"column":33}},"9":{"start":{"line":17,"column":4},"end":{"line":17,"column":51}},"10":{"start":{"line":21,"column":13},"end":{"line":28,"column":1}},"11":{"start":{"line":22,"column":2},"end":{"line":27,"column":3}},"12":{"start":{"line":23,"column":19},"end":{"line":23,"column":71}},"13":{"start":{"line":24,"column":4},"end":{"line":24,"column":21}},"14":{"start":{"line":26,"column":4},"end":{"line":26,"column":51}},"15":{"start":{"line":30,"column":15},"end":{"line":37,"column":1}},"16":{"start":{"line":31,"column":2},"end":{"line":36,"column":3}},"17":{"start":{"line":32,"column":19},"end":{"line":32,"column":80}},"18":{"start":{"line":33,"column":4},"end":{"line":33,"column":21}},"19":{"start":{"line":35,"column":4},"end":{"line":35,"column":51}},"20":{"start":{"line":39,"column":15},"end":{"line":46,"column":1}},"21":{"start":{"line":40,"column":2},"end":{"line":45,"column":3}},"22":{"start":{"line":41,"column":4},"end":{"line":41,"column":56}},"23":{"start":{"line":42,"column":4},"end":{"line":42,"column":27}},"24":{"start":{"line":44,"column":4},"end":{"line":44,"column":51}},"25":{"start":{"line":48,"column":31},"end":{"line":55,"column":1}},"26":{"start":{"line":49,"column":2},"end":{"line":54,"column":3}},"27":{"start":{"line":50,"column":19},"end":{"line":50,"column":78}},"28":{"start":{"line":51,"column":4},"end":{"line":51,"column":21}},"29":{"start":{"line":53,"column":4},"end":{"line":53,"column":51}}},"fnMap":{"0":{"name":"(anonymous_0)","decl":{"start":{"line":3,"column":14},"end":{"line":3,"column":15}},"loc":{"start":{"line":3,"column":34},"end":{"line":10,"column":1}},"line":3},"1":{"name":"(anonymous_1)","decl":{"start":{"line":12,"column":15},"end":{"line":12,"column":16}},"loc":{"start":{"line":12,"column":35},"end":{"line":19,"column":1}},"line":12},"2":{"name":"(anonymous_2)","decl":{"start":{"line":21,"column":13},"end":{"line":21,"column":14}},"loc":{"start":{"line":21,"column":33},"end":{"line":28,"column":1}},"line":21},"3":{"name":"(anonymous_3)","decl":{"start":{"line":30,"column":15},"end":{"line":30,"column":16}},"loc":{"start":{"line":30,"column":35},"end":{"line":37,"column":1}},"line":30},"4":{"name":"(anonymous_4)","decl":{"start":{"line":39,"column":15},"end":{"line":39,"column":16}},"loc":{"start":{"line":39,"column":35},"end":{"line":46,"column":1}},"line":39},"5":{"name":"(anonymous_5)","decl":{"start":{"line":48,"column":31},"end":{"line":48,"column":32}},"loc":{"start":{"line":48,"column":51},"end":{"line":55,"column":1}},"line":48}},"branchMap":{},"s":{"0":2,"1":2,"2":2,"3":1,"4":1,"5":2,"6":2,"7":2,"8":1,"9":1,"10":2,"11":2,"12":2,"13":1,"14":1,"15":2,"16":2,"17":2,"18":1,"19":1,"20":2,"21":2,"22":2,"23":1,"24":1,"25":2,"26":2,"27":2,"28":1,"29":1},"f":{"0":2,"1":2,"2":2,"3":2,"4":2,"5":2},"b":{},"inputSourceMap":null,"_coverageSchema":"1a1c01bbd47fc00a2c39e90264f33305004495a9","hash":"3b09fafc9369dd3fff7ba9f8f88d637cd9439c85"}
,"D:\\ief2i\\Soutenance_Concepteur_Dev_FullStack\\DEV O23 (3-4) – G4 – Code source site internet\\DEVO23-G4-SAILINGLOC\\back\\controllers\\message.controller.js": {"path":"D:\\ief2i\\Soutenance_Concepteur_Dev_FullStack\\DEV O23 (3-4) – G4 – Code source site internet\\DEVO23-G4-SAILINGLOC\\back\\controllers\\message.controller.js","statementMap":{"0":{"start":{"line":3,"column":14},"end":{"line":10,"column":1}},"1":{"start":{"line":4,"column":2},"end":{"line":9,"column":3}},"2":{"start":{"line":5,"column":21},"end":{"line":5,"column":58}},"3":{"start":{"line":6,"column":4},"end":{"line":6,"column":23}},"4":{"start":{"line":8,"column":4},"end":{"line":8,"column":51}},"5":{"start":{"line":12,"column":15},"end":{"line":19,"column":1}},"6":{"start":{"line":13,"column":2},"end":{"line":18,"column":3}},"7":{"start":{"line":14,"column":19},"end":{"line":14,"column":63}},"8":{"start":{"line":15,"column":4},"end":{"line":15,"column":33}},"9":{"start":{"line":17,"column":4},"end":{"line":17,"column":51}},"10":{"start":{"line":21,"column":13},"end":{"line":28,"column":1}},"11":{"start":{"line":22,"column":2},"end":{"line":27,"column":3}},"12":{"start":{"line":23,"column":19},"end":{"line":23,"column":69}},"13":{"start":{"line":24,"column":4},"end":{"line":24,"column":21}},"14":{"start":{"line":26,"column":4},"end":{"line":26,"column":51}},"15":{"start":{"line":30,"column":15},"end":{"line":37,"column":1}},"16":{"start":{"line":31,"column":2},"end":{"line":36,"column":3}},"17":{"start":{"line":32,"column":19},"end":{"line":32,"column":78}},"18":{"start":{"line":33,"column":4},"end":{"line":33,"column":21}},"19":{"start":{"line":35,"column":4},"end":{"line":35,"column":51}},"20":{"start":{"line":39,"column":15},"end":{"line":46,"column":1}},"21":{"start":{"line":40,"column":2},"end":{"line":45,"column":3}},"22":{"start":{"line":41,"column":4},"end":{"line":41,"column":54}},"23":{"start":{"line":42,"column":4},"end":{"line":42,"column":27}},"24":{"start":{"line":44,"column":4},"end":{"line":44,"column":51}},"25":{"start":{"line":48,"column":24},"end":{"line":55,"column":1}},"26":{"start":{"line":49,"column":2},"end":{"line":54,"column":3}},"27":{"start":{"line":50,"column":19},"end":{"line":50,"column":70}},"28":{"start":{"line":51,"column":4},"end":{"line":51,"column":21}},"29":{"start":{"line":53,"column":4},"end":{"line":53,"column":51}},"30":{"start":{"line":57,"column":31},"end":{"line":64,"column":1}},"31":{"start":{"line":58,"column":2},"end":{"line":63,"column":3}},"32":{"start":{"line":59,"column":19},"end":{"line":59,"column":77}},"33":{"start":{"line":60,"column":4},"end":{"line":60,"column":21}},"34":{"start":{"line":62,"column":4},"end":{"line":62,"column":51}}},"fnMap":{"0":{"name":"(anonymous_0)","decl":{"start":{"line":3,"column":14},"end":{"line":3,"column":15}},"loc":{"start":{"line":3,"column":34},"end":{"line":10,"column":1}},"line":3},"1":{"name":"(anonymous_1)","decl":{"start":{"line":12,"column":15},"end":{"line":12,"column":16}},"loc":{"start":{"line":12,"column":35},"end":{"line":19,"column":1}},"line":12},"2":{"name":"(anonymous_2)","decl":{"start":{"line":21,"column":13},"end":{"line":21,"column":14}},"loc":{"start":{"line":21,"column":33},"end":{"line":28,"column":1}},"line":21},"3":{"name":"(anonymous_3)","decl":{"start":{"line":30,"column":15},"end":{"line":30,"column":16}},"loc":{"start":{"line":30,"column":35},"end":{"line":37,"column":1}},"line":30},"4":{"name":"(anonymous_4)","decl":{"start":{"line":39,"column":15},"end":{"line":39,"column":16}},"loc":{"start":{"line":39,"column":35},"end":{"line":46,"column":1}},"line":39},"5":{"name":"(anonymous_5)","decl":{"start":{"line":48,"column":24},"end":{"line":48,"column":25}},"loc":{"start":{"line":48,"column":44},"end":{"line":55,"column":1}},"line":48},"6":{"name":"(anonymous_6)","decl":{"start":{"line":57,"column":31},"end":{"line":57,"column":32}},"loc":{"start":{"line":57,"column":51},"end":{"line":64,"column":1}},"line":57}},"branchMap":{},"s":{"0":2,"1":2,"2":2,"3":1,"4":1,"5":2,"6":2,"7":2,"8":1,"9":1,"10":2,"11":2,"12":2,"13":1,"14":1,"15":2,"16":2,"17":2,"18":1,"19":1,"20":2,"21":2,"22":2,"23":1,"24":1,"25":2,"26":2,"27":2,"28":1,"29":1,"30":2,"31":2,"32":2,"33":1,"34":1},"f":{"0":2,"1":2,"2":2,"3":2,"4":2,"5":2,"6":2},"b":{},"inputSourceMap":null,"_coverageSchema":"1a1c01bbd47fc00a2c39e90264f33305004495a9","hash":"560bb0e2889ede9af02da1d91d1e223ba5936087"}
,"D:\\ief2i\\Soutenance_Concepteur_Dev_FullStack\\DEV O23 (3-4) – G4 – Code source site internet\\DEVO23-G4-SAILINGLOC\\back\\controllers\\payment.controller.js": {"path":"D:\\ief2i\\Soutenance_Concepteur_Dev_FullStack\\DEV O23 (3-4) – G4 – Code source site internet\\DEVO23-G4-SAILINGLOC\\back\\controllers\\payment.controller.js","statementMap":{"0":{"start":{"line":3,"column":14},"end":{"line":10,"column":1}},"1":{"start":{"line":4,"column":2},"end":{"line":9,"column":3}},"2":{"start":{"line":5,"column":21},"end":{"line":5,"column":58}},"3":{"start":{"line":6,"column":4},"end":{"line":6,"column":23}},"4":{"start":{"line":8,"column":4},"end":{"line":8,"column":51}},"5":{"start":{"line":12,"column":15},"end":{"line":19,"column":1}},"6":{"start":{"line":13,"column":2},"end":{"line":18,"column":3}},"7":{"start":{"line":14,"column":19},"end":{"line":14,"column":63}},"8":{"start":{"line":15,"column":4},"end":{"line":15,"column":33}},"9":{"start":{"line":17,"column":4},"end":{"line":17,"column":51}},"10":{"start":{"line":21,"column":13},"end":{"line":28,"column":1}},"11":{"start":{"line":22,"column":2},"end":{"line":27,"column":3}},"12":{"start":{"line":23,"column":19},"end":{"line":23,"column":69}},"13":{"start":{"line":24,"column":4},"end":{"line":24,"column":21}},"14":{"start":{"line":26,"column":4},"end":{"line":26,"column":51}},"15":{"start":{"line":30,"column":15},"end":{"line":37,"column":1}},"16":{"start":{"line":31,"column":2},"end":{"line":36,"column":3}},"17":{"start":{"line":32,"column":19},"end":{"line":32,"column":78}},"18":{"start":{"line":33,"column":4},"end":{"line":33,"column":21}},"19":{"start":{"line":35,"column":4},"end":{"line":35,"column":51}},"20":{"start":{"line":39,"column":15},"end":{"line":46,"column":1}},"21":{"start":{"line":40,"column":2},"end":{"line":45,"column":3}},"22":{"start":{"line":41,"column":4},"end":{"line":41,"column":54}},"23":{"start":{"line":42,"column":4},"end":{"line":42,"column":27}},"24":{"start":{"line":44,"column":4},"end":{"line":44,"column":51}},"25":{"start":{"line":48,"column":31},"end":{"line":55,"column":1}},"26":{"start":{"line":49,"column":2},"end":{"line":54,"column":3}},"27":{"start":{"line":50,"column":19},"end":{"line":50,"column":77}},"28":{"start":{"line":51,"column":4},"end":{"line":51,"column":21}},"29":{"start":{"line":53,"column":4},"end":{"line":53,"column":51}}},"fnMap":{"0":{"name":"(anonymous_0)","decl":{"start":{"line":3,"column":14},"end":{"line":3,"column":15}},"loc":{"start":{"line":3,"column":34},"end":{"line":10,"column":1}},"line":3},"1":{"name":"(anonymous_1)","decl":{"start":{"line":12,"column":15},"end":{"line":12,"column":16}},"loc":{"start":{"line":12,"column":35},"end":{"line":19,"column":1}},"line":12},"2":{"name":"(anonymous_2)","decl":{"start":{"line":21,"column":13},"end":{"line":21,"column":14}},"loc":{"start":{"line":21,"column":33},"end":{"line":28,"column":1}},"line":21},"3":{"name":"(anonymous_3)","decl":{"start":{"line":30,"column":15},"end":{"line":30,"column":16}},"loc":{"start":{"line":30,"column":35},"end":{"line":37,"column":1}},"line":30},"4":{"name":"(anonymous_4)","decl":{"start":{"line":39,"column":15},"end":{"line":39,"column":16}},"loc":{"start":{"line":39,"column":35},"end":{"line":46,"column":1}},"line":39},"5":{"name":"(anonymous_5)","decl":{"start":{"line":48,"column":31},"end":{"line":48,"column":32}},"loc":{"start":{"line":48,"column":51},"end":{"line":55,"column":1}},"line":48}},"branchMap":{},"s":{"0":2,"1":2,"2":2,"3":1,"4":1,"5":2,"6":2,"7":2,"8":1,"9":1,"10":2,"11":2,"12":2,"13":1,"14":1,"15":2,"16":2,"17":2,"18":1,"19":1,"20":2,"21":2,"22":2,"23":1,"24":1,"25":2,"26":2,"27":2,"28":1,"29":1},"f":{"0":2,"1":2,"2":2,"3":2,"4":2,"5":2},"b":{},"inputSourceMap":null,"_coverageSchema":"1a1c01bbd47fc00a2c39e90264f33305004495a9","hash":"34394ec23d870e68720883d8950d39442272c820"}
,"D:\\ief2i\\Soutenance_Concepteur_Dev_FullStack\\DEV O23 (3-4) – G4 – Code source site internet\\DEVO23-G4-SAILINGLOC\\back\\controllers\\port.controller.js": {"path":"D:\\ief2i\\Soutenance_Concepteur_Dev_FullStack\\DEV O23 (3-4) – G4 – Code source site internet\\DEVO23-G4-SAILINGLOC\\back\\controllers\\port.controller.js","statementMap":{"0":{"start":{"line":3,"column":14},"end":{"line":10,"column":1}},"1":{"start":{"line":4,"column":2},"end":{"line":9,"column":3}},"2":{"start":{"line":5,"column":18},"end":{"line":5,"column":49}},"3":{"start":{"line":6,"column":4},"end":{"line":6,"column":20}},"4":{"start":{"line":8,"column":4},"end":{"line":8,"column":51}},"5":{"start":{"line":12,"column":15},"end":{"line":19,"column":1}},"6":{"start":{"line":13,"column":2},"end":{"line":18,"column":3}},"7":{"start":{"line":14,"column":19},"end":{"line":14,"column":57}},"8":{"start":{"line":15,"column":4},"end":{"line":15,"column":33}},"9":{"start":{"line":17,"column":4},"end":{"line":17,"column":51}},"10":{"start":{"line":21,"column":13},"end":{"line":28,"column":1}},"11":{"start":{"line":22,"column":2},"end":{"line":27,"column":3}},"12":{"start":{"line":23,"column":19},"end":{"line":23,"column":63}},"13":{"start":{"line":24,"column":4},"end":{"line":24,"column":21}},"14":{"start":{"line":26,"column":4},"end":{"line":26,"column":51}},"15":{"start":{"line":30,"column":15},"end":{"line":37,"column":1}},"16":{"start":{"line":31,"column":2},"end":{"line":36,"column":3}},"17":{"start":{"line":32,"column":19},"end":{"line":32,"column":72}},"18":{"start":{"line":33,"column":4},"end":{"line":33,"column":21}},"19":{"start":{"line":35,"column":4},"end":{"line":35,"column":51}},"20":{"start":{"line":39,"column":15},"end":{"line":46,"column":1}},"21":{"start":{"line":40,"column":2},"end":{"line":45,"column":3}},"22":{"start":{"line":41,"column":4},"end":{"line":41,"column":48}},"23":{"start":{"line":42,"column":4},"end":{"line":42,"column":27}},"24":{"start":{"line":44,"column":4},"end":{"line":44,"column":51}}},"fnMap":{"0":{"name":"(anonymous_0)","decl":{"start":{"line":3,"column":14},"end":{"line":3,"column":15}},"loc":{"start":{"line":3,"column":34},"end":{"line":10,"column":1}},"line":3},"1":{"name":"(anonymous_1)","decl":{"start":{"line":12,"column":15},"end":{"line":12,"column":16}},"loc":{"start":{"line":12,"column":35},"end":{"line":19,"column":1}},"line":12},"2":{"name":"(anonymous_2)","decl":{"start":{"line":21,"column":13},"end":{"line":21,"column":14}},"loc":{"start":{"line":21,"column":33},"end":{"line":28,"column":1}},"line":21},"3":{"name":"(anonymous_3)","decl":{"start":{"line":30,"column":15},"end":{"line":30,"column":16}},"loc":{"start":{"line":30,"column":35},"end":{"line":37,"column":1}},"line":30},"4":{"name":"(anonymous_4)","decl":{"start":{"line":39,"column":15},"end":{"line":39,"column":16}},"loc":{"start":{"line":39,"column":35},"end":{"line":46,"column":1}},"line":39}},"branchMap":{},"s":{"0":2,"1":2,"2":2,"3":1,"4":1,"5":2,"6":2,"7":2,"8":1,"9":1,"10":2,"11":2,"12":2,"13":1,"14":1,"15":2,"16":2,"17":2,"18":1,"19":1,"20":2,"21":2,"22":2,"23":1,"24":1},"f":{"0":2,"1":2,"2":2,"3":2,"4":2},"b":{},"inputSourceMap":null,"_coverageSchema":"1a1c01bbd47fc00a2c39e90264f33305004495a9","hash":"99f33b63289d7d0480ced488ab7c6f301353ff62"}
,"D:\\ief2i\\Soutenance_Concepteur_Dev_FullStack\\DEV O23 (3-4) – G4 – Code source site internet\\DEVO23-G4-SAILINGLOC\\back\\controllers\\reservation.controller.js": {"path":"D:\\ief2i\\Soutenance_Concepteur_Dev_FullStack\\DEV O23 (3-4) – G4 – Code source site internet\\DEVO23-G4-SAILINGLOC\\back\\controllers\\reservation.controller.js","statementMap":{"0":{"start":{"line":3,"column":14},"end":{"line":10,"column":1}},"1":{"start":{"line":4,"column":2},"end":{"line":9,"column":3}},"2":{"start":{"line":5,"column":25},"end":{"line":5,"column":70}},"3":{"start":{"line":6,"column":4},"end":{"line":6,"column":27}},"4":{"start":{"line":8,"column":4},"end":{"line":8,"column":51}},"5":{"start":{"line":12,"column":15},"end":{"line":19,"column":1}},"6":{"start":{"line":13,"column":2},"end":{"line":18,"column":3}},"7":{"start":{"line":14,"column":19},"end":{"line":14,"column":71}},"8":{"start":{"line":15,"column":4},"end":{"line":15,"column":33}},"9":{"start":{"line":17,"column":4},"end":{"line":17,"column":51}},"10":{"start":{"line":21,"column":13},"end":{"line":28,"column":1}},"11":{"start":{"line":22,"column":2},"end":{"line":27,"column":3}},"12":{"start":{"line":23,"column":19},"end":{"line":23,"column":77}},"13":{"start":{"line":24,"column":4},"end":{"line":24,"column":21}},"14":{"start":{"line":26,"column":4},"end":{"line":26,"column":51}},"15":{"start":{"line":30,"column":15},"end":{"line":37,"column":1}},"16":{"start":{"line":31,"column":2},"end":{"line":36,"column":3}},"17":{"start":{"line":32,"column":19},"end":{"line":32,"column":86}},"18":{"start":{"line":33,"column":4},"end":{"line":33,"column":21}},"19":{"start":{"line":35,"column":4},"end":{"line":35,"column":51}},"20":{"start":{"line":39,"column":15},"end":{"line":46,"column":1}},"21":{"start":{"line":40,"column":2},"end":{"line":45,"column":3}},"22":{"start":{"line":41,"column":4},"end":{"line":41,"column":62}},"23":{"start":{"line":42,"column":4},"end":{"line":42,"column":27}},"24":{"start":{"line":44,"column":4},"end":{"line":44,"column":51}},"25":{"start":{"line":48,"column":24},"end":{"line":55,"column":1}},"26":{"start":{"line":49,"column":2},"end":{"line":54,"column":3}},"27":{"start":{"line":50,"column":19},"end":{"line":50,"column":74}},"28":{"start":{"line":51,"column":4},"end":{"line":51,"column":21}},"29":{"start":{"line":53,"column":4},"end":{"line":53,"column":51}},"30":{"start":{"line":57,"column":28},"end":{"line":64,"column":1}},"31":{"start":{"line":58,"column":2},"end":{"line":63,"column":3}},"32":{"start":{"line":59,"column":19},"end":{"line":59,"column":78}},"33":{"start":{"line":60,"column":4},"end":{"line":60,"column":21}},"34":{"start":{"line":62,"column":4},"end":{"line":62,"column":51}}},"fnMap":{"0":{"name":"(anonymous_0)","decl":{"start":{"line":3,"column":14},"end":{"line":3,"column":15}},"loc":{"start":{"line":3,"column":34},"end":{"line":10,"column":1}},"line":3},"1":{"name":"(anonymous_1)","decl":{"start":{"line":12,"column":15},"end":{"line":12,"column":16}},"loc":{"start":{"line":12,"column":35},"end":{"line":19,"column":1}},"line":12},"2":{"name":"(anonymous_2)","decl":{"start":{"line":21,"column":13},"end":{"line":21,"column":14}},"loc":{"start":{"line":21,"column":33},"end":{"line":28,"column":1}},"line":21},"3":{"name":"(anonymous_3)","decl":{"start":{"line":30,"column":15},"end":{"line":30,"column":16}},"loc":{"start":{"line":30,"column":35},"end":{"line":37,"column":1}},"line":30},"4":{"name":"(anonymous_4)","decl":{"start":{"line":39,"column":15},"end":{"line":39,"column":16}},"loc":{"start":{"line":39,"column":35},"end":{"line":46,"column":1}},"line":39},"5":{"name":"(anonymous_5)","decl":{"start":{"line":48,"column":24},"end":{"line":48,"column":25}},"loc":{"start":{"line":48,"column":44},"end":{"line":55,"column":1}},"line":48},"6":{"name":"(anonymous_6)","decl":{"start":{"line":57,"column":28},"end":{"line":57,"column":29}},"loc":{"start":{"line":57,"column":48},"end":{"line":64,"column":1}},"line":57}},"branchMap":{},"s":{"0":2,"1":2,"2":2,"3":1,"4":1,"5":2,"6":2,"7":2,"8":1,"9":1,"10":2,"11":2,"12":2,"13":1,"14":1,"15":2,"16":2,"17":2,"18":1,"19":1,"20":2,"21":2,"22":2,"23":1,"24":1,"25":2,"26":2,"27":2,"28":1,"29":1,"30":2,"31":2,"32":2,"33":1,"34":1},"f":{"0":2,"1":2,"2":2,"3":2,"4":2,"5":2,"6":2},"b":{},"inputSourceMap":null,"_coverageSchema":"1a1c01bbd47fc00a2c39e90264f33305004495a9","hash":"da413b104044a6a5580bd19e53069215d69416ed"}
,"D:\\ief2i\\Soutenance_Concepteur_Dev_FullStack\\DEV O23 (3-4) – G4 – Code source site internet\\DEVO23-G4-SAILINGLOC\\back\\controllers\\review.controller.js": {"path":"D:\\ief2i\\Soutenance_Concepteur_Dev_FullStack\\DEV O23 (3-4) – G4 – Code source site internet\\DEVO23-G4-SAILINGLOC\\back\\controllers\\review.controller.js","statementMap":{"0":{"start":{"line":3,"column":14},"end":{"line":10,"column":1}},"1":{"start":{"line":4,"column":2},"end":{"line":9,"column":3}},"2":{"start":{"line":5,"column":20},"end":{"line":5,"column":55}},"3":{"start":{"line":6,"column":4},"end":{"line":6,"column":22}},"4":{"start":{"line":8,"column":4},"end":{"line":8,"column":51}},"5":{"start":{"line":12,"column":15},"end":{"line":19,"column":1}},"6":{"start":{"line":13,"column":2},"end":{"line":18,"column":3}},"7":{"start":{"line":14,"column":19},"end":{"line":14,"column":61}},"8":{"start":{"line":15,"column":4},"end":{"line":15,"column":33}},"9":{"start":{"line":17,"column":4},"end":{"line":17,"column":51}},"10":{"start":{"line":21,"column":13},"end":{"line":28,"column":1}},"11":{"start":{"line":22,"column":2},"end":{"line":27,"column":3}},"12":{"start":{"line":23,"column":19},"end":{"line":23,"column":67}},"13":{"start":{"line":24,"column":4},"end":{"line":24,"column":21}},"14":{"start":{"line":26,"column":4},"end":{"line":26,"column":51}},"15":{"start":{"line":30,"column":15},"end":{"line":37,"column":1}},"16":{"start":{"line":31,"column":2},"end":{"line":36,"column":3}},"17":{"start":{"line":32,"column":19},"end":{"line":32,"column":76}},"18":{"start":{"line":33,"column":4},"end":{"line":33,"column":21}},"19":{"start":{"line":35,"column":4},"end":{"line":35,"column":51}},"20":{"start":{"line":39,"column":15},"end":{"line":46,"column":1}},"21":{"start":{"line":40,"column":2},"end":{"line":45,"column":3}},"22":{"start":{"line":41,"column":4},"end":{"line":41,"column":52}},"23":{"start":{"line":42,"column":4},"end":{"line":42,"column":27}},"24":{"start":{"line":44,"column":4},"end":{"line":44,"column":51}},"25":{"start":{"line":48,"column":23},"end":{"line":55,"column":1}},"26":{"start":{"line":49,"column":2},"end":{"line":54,"column":3}},"27":{"start":{"line":50,"column":19},"end":{"line":50,"column":68}},"28":{"start":{"line":51,"column":4},"end":{"line":51,"column":21}},"29":{"start":{"line":53,"column":4},"end":{"line":53,"column":51}},"30":{"start":{"line":57,"column":23},"end":{"line":64,"column":1}},"31":{"start":{"line":58,"column":2},"end":{"line":63,"column":3}},"32":{"start":{"line":59,"column":19},"end":{"line":59,"column":68}},"33":{"start":{"line":60,"column":4},"end":{"line":60,"column":21}},"34":{"start":{"line":62,"column":4},"end":{"line":62,"column":51}}},"fnMap":{"0":{"name":"(anonymous_0)","decl":{"start":{"line":3,"column":14},"end":{"line":3,"column":15}},"loc":{"start":{"line":3,"column":34},"end":{"line":10,"column":1}},"line":3},"1":{"name":"(anonymous_1)","decl":{"start":{"line":12,"column":15},"end":{"line":12,"column":16}},"loc":{"start":{"line":12,"column":35},"end":{"line":19,"column":1}},"line":12},"2":{"name":"(anonymous_2)","decl":{"start":{"line":21,"column":13},"end":{"line":21,"column":14}},"loc":{"start":{"line":21,"column":33},"end":{"line":28,"column":1}},"line":21},"3":{"name":"(anonymous_3)","decl":{"start":{"line":30,"column":15},"end":{"line":30,"column":16}},"loc":{"start":{"line":30,"column":35},"end":{"line":37,"column":1}},"line":30},"4":{"name":"(anonymous_4)","decl":{"start":{"line":39,"column":15},"end":{"line":39,"column":16}},"loc":{"start":{"line":39,"column":35},"end":{"line":46,"column":1}},"line":39},"5":{"name":"(anonymous_5)","decl":{"start":{"line":48,"column":23},"end":{"line":48,"column":24}},"loc":{"start":{"line":48,"column":43},"end":{"line":55,"column":1}},"line":48},"6":{"name":"(anonymous_6)","decl":{"start":{"line":57,"column":23},"end":{"line":57,"column":24}},"loc":{"start":{"line":57,"column":43},"end":{"line":64,"column":1}},"line":57}},"branchMap":{},"s":{"0":2,"1":2,"2":2,"3":1,"4":1,"5":2,"6":2,"7":2,"8":1,"9":1,"10":2,"11":2,"12":2,"13":1,"14":1,"15":2,"16":2,"17":2,"18":1,"19":1,"20":2,"21":2,"22":2,"23":1,"24":1,"25":2,"26":2,"27":2,"28":1,"29":1,"30":2,"31":2,"32":2,"33":1,"34":1},"f":{"0":2,"1":2,"2":2,"3":2,"4":2,"5":2,"6":2},"b":{},"inputSourceMap":null,"_coverageSchema":"1a1c01bbd47fc00a2c39e90264f33305004495a9","hash":"13dfc24ad4b9bb14c8f9d2daef3423e5dad80eb5"}
,"D:\\ief2i\\Soutenance_Concepteur_Dev_FullStack\\DEV O23 (3-4) – G4 – Code source site internet\\DEVO23-G4-SAILINGLOC\\back\\controllers\\user.controller.js": {"path":"D:\\ief2i\\Soutenance_Concepteur_Dev_FullStack\\DEV O23 (3-4) – G4 – Code source site internet\\DEVO23-G4-SAILINGLOC\\back\\controllers\\user.controller.js","statementMap":{"0":{"start":{"line":3,"column":14},"end":{"line":10,"column":1}},"1":{"start":{"line":4,"column":2},"end":{"line":9,"column":3}},"2":{"start":{"line":5,"column":18},"end":{"line":5,"column":49}},"3":{"start":{"line":6,"column":4},"end":{"line":6,"column":32}},"4":{"start":{"line":8,"column":4},"end":{"line":8,"column":51}},"5":{"start":{"line":12,"column":15},"end":{"line":19,"column":1}},"6":{"start":{"line":13,"column":2},"end":{"line":18,"column":3}},"7":{"start":{"line":14,"column":17},"end":{"line":14,"column":55}},"8":{"start":{"line":15,"column":4},"end":{"line":15,"column":31}},"9":{"start":{"line":17,"column":4},"end":{"line":17,"column":51}},"10":{"start":{"line":21,"column":13},"end":{"line":30,"column":1}},"11":{"start":{"line":22,"column":2},"end":{"line":29,"column":3}},"12":{"start":{"line":23,"column":17},"end":{"line":23,"column":58}},"13":{"start":{"line":24,"column":4},"end":{"line":25,"column":73}},"14":{"start":{"line":25,"column":6},"end":{"line":25,"column":73}},"15":{"start":{"line":26,"column":4},"end":{"line":26,"column":31}},"16":{"start":{"line":28,"column":4},"end":{"line":28,"column":51}},"17":{"start":{"line":32,"column":15},"end":{"line":41,"column":1}},"18":{"start":{"line":33,"column":2},"end":{"line":40,"column":3}},"19":{"start":{"line":34,"column":17},"end":{"line":34,"column":70}},"20":{"start":{"line":35,"column":4},"end":{"line":36,"column":73}},"21":{"start":{"line":36,"column":6},"end":{"line":36,"column":73}},"22":{"start":{"line":37,"column":4},"end":{"line":37,"column":31}},"23":{"start":{"line":39,"column":4},"end":{"line":39,"column":51}},"24":{"start":{"line":43,"column":15},"end":{"line":52,"column":1}},"25":{"start":{"line":44,"column":2},"end":{"line":51,"column":3}},"26":{"start":{"line":45,"column":19},"end":{"line":45,"column":62}},"27":{"start":{"line":46,"column":4},"end":{"line":47,"column":73}},"28":{"start":{"line":47,"column":6},"end":{"line":47,"column":73}},"29":{"start":{"line":48,"column":4},"end":{"line":48,"column":27}},"30":{"start":{"line":50,"column":4},"end":{"line":50,"column":51}},"31":{"start":{"line":54,"column":21},"end":{"line":61,"column":1}},"32":{"start":{"line":55,"column":2},"end":{"line":60,"column":3}},"33":{"start":{"line":56,"column":18},"end":{"line":56,"column":63}},"34":{"start":{"line":57,"column":4},"end":{"line":57,"column":32}},"35":{"start":{"line":59,"column":4},"end":{"line":59,"column":51}},"36":{"start":{"line":63,"column":28},"end":{"line":70,"column":1}},"37":{"start":{"line":64,"column":2},"end":{"line":69,"column":3}},"38":{"start":{"line":65,"column":25},"end":{"line":65,"column":77}},"39":{"start":{"line":66,"column":4},"end":{"line":66,"column":39}},"40":{"start":{"line":68,"column":4},"end":{"line":68,"column":51}},"41":{"start":{"line":72,"column":24},"end":{"line":79,"column":1}},"42":{"start":{"line":73,"column":2},"end":{"line":78,"column":3}},"43":{"start":{"line":74,"column":21},"end":{"line":74,"column":69}},"44":{"start":{"line":75,"column":4},"end":{"line":75,"column":35}},"45":{"start":{"line":77,"column":4},"end":{"line":77,"column":51}},"46":{"start":{"line":81,"column":23},"end":{"line":88,"column":1}},"47":{"start":{"line":82,"column":2},"end":{"line":87,"column":3}},"48":{"start":{"line":83,"column":20},"end":{"line":83,"column":67}},"49":{"start":{"line":84,"column":4},"end":{"line":84,"column":34}},"50":{"start":{"line":86,"column":4},"end":{"line":86,"column":51}},"51":{"start":{"line":90,"column":25},"end":{"line":97,"column":1}},"52":{"start":{"line":91,"column":2},"end":{"line":96,"column":3}},"53":{"start":{"line":92,"column":22},"end":{"line":92,"column":71}},"54":{"start":{"line":93,"column":4},"end":{"line":93,"column":36}},"55":{"start":{"line":95,"column":4},"end":{"line":95,"column":51}},"56":{"start":{"line":99,"column":20},"end":{"line":112,"column":1}},"57":{"start":{"line":100,"column":2},"end":{"line":111,"column":3}},"58":{"start":{"line":101,"column":4},"end":{"line":103,"column":5}},"59":{"start":{"line":102,"column":6},"end":{"line":102,"column":71}},"60":{"start":{"line":104,"column":18},"end":{"line":107,"column":5}},"61":{"start":{"line":108,"column":4},"end":{"line":108,"column":32}},"62":{"start":{"line":110,"column":4},"end":{"line":110,"column":51}}},"fnMap":{"0":{"name":"(anonymous_0)","decl":{"start":{"line":3,"column":14},"end":{"line":3,"column":15}},"loc":{"start":{"line":3,"column":34},"end":{"line":10,"column":1}},"line":3},"1":{"name":"(anonymous_1)","decl":{"start":{"line":12,"column":15},"end":{"line":12,"column":16}},"loc":{"start":{"line":12,"column":35},"end":{"line":19,"column":1}},"line":12},"2":{"name":"(anonymous_2)","decl":{"start":{"line":21,"column":13},"end":{"line":21,"column":14}},"loc":{"start":{"line":21,"column":33},"end":{"line":30,"column":1}},"line":21},"3":{"name":"(anonymous_3)","decl":{"start":{"line":32,"column":15},"end":{"line":32,"column":16}},"loc":{"start":{"line":32,"column":35},"end":{"line":41,"column":1}},"line":32},"4":{"name":"(anonymous_4)","decl":{"start":{"line":43,"column":15},"end":{"line":43,"column":16}},"loc":{"start":{"line":43,"column":35},"end":{"line":52,"column":1}},"line":43},"5":{"name":"(anonymous_5)","decl":{"start":{"line":54,"column":21},"end":{"line":54,"column":22}},"loc":{"start":{"line":54,"column":41},"end":{"line":61,"column":1}},"line":54},"6":{"name":"(anonymous_6)","decl":{"start":{"line":63,"column":28},"end":{"line":63,"column":29}},"loc":{"start":{"line":63,"column":48},"end":{"line":70,"column":1}},"line":63},"7":{"name":"(anonymous_7)","decl":{"start":{"line":72,"column":24},"end":{"line":72,"column":25}},"loc":{"start":{"line":72,"column":44},"end":{"line":79,"column":1}},"line":72},"8":{"name":"(anonymous_8)","decl":{"start":{"line":81,"column":23},"end":{"line":81,"column":24}},"loc":{"start":{"line":81,"column":43},"end":{"line":88,"column":1}},"line":81},"9":{"name":"(anonymous_9)","decl":{"start":{"line":90,"column":25},"end":{"line":90,"column":26}},"loc":{"start":{"line":90,"column":45},"end":{"line":97,"column":1}},"line":90},"10":{"name":"(anonymous_10)","decl":{"start":{"line":99,"column":20},"end":{"line":99,"column":21}},"loc":{"start":{"line":99,"column":40},"end":{"line":112,"column":1}},"line":99}},"branchMap":{"0":{"loc":{"start":{"line":24,"column":4},"end":{"line":25,"column":73}},"type":"if","locations":[{"start":{"line":24,"column":4},"end":{"line":25,"column":73}},{"start":{},"end":{}}],"line":24},"1":{"loc":{"start":{"line":35,"column":4},"end":{"line":36,"column":73}},"type":"if","locations":[{"start":{"line":35,"column":4},"end":{"line":36,"column":73}},{"start":{},"end":{}}],"line":35},"2":{"loc":{"start":{"line":46,"column":4},"end":{"line":47,"column":73}},"type":"if","locations":[{"start":{"line":46,"column":4},"end":{"line":47,"column":73}},{"start":{},"end":{}}],"line":46},"3":{"loc":{"start":{"line":101,"column":4},"end":{"line":103,"column":5}},"type":"if","locations":[{"start":{"line":101,"column":4},"end":{"line":103,"column":5}},{"start":{},"end":{}}],"line":101},"4":{"loc":{"start":{"line":101,"column":8},"end":{"line":101,"column":38}},"type":"binary-expr","locations":[{"start":{"line":101,"column":8},"end":{"line":101,"column":18}},{"start":{"line":101,"column":22},"end":{"line":101,"column":38}}],"line":101}},"s":{"0":2,"1":2,"2":2,"3":1,"4":1,"5":2,"6":2,"7":2,"8":1,"9":1,"10":2,"11":3,"12":3,"13":2,"14":1,"15":1,"16":1,"17":2,"18":3,"19":3,"20":2,"21":1,"22":1,"23":1,"24":2,"25":3,"26":3,"27":2,"28":1,"29":1,"30":1,"31":2,"32":2,"33":2,"34":1,"35":1,"36":2,"37":2,"38":2,"39":1,"40":1,"41":2,"42":2,"43":2,"44":1,"45":1,"46":2,"47":2,"48":2,"49":1,"50":1,"51":2,"52":2,"53":2,"54":1,"55":1,"56":2,"57":3,"58":3,"59":1,"60":2,"61":1,"62":1},"f":{"0":2,"1":2,"2":3,"3":3,"4":3,"5":2,"6":2,"7":2,"8":2,"9":2,"10":3},"b":{"0":[1,1],"1":[1,1],"2":[1,1],"3":[1,2],"4":[3,3]},"inputSourceMap":null,"_coverageSchema":"1a1c01bbd47fc00a2c39e90264f33305004495a9","hash":"b433ef32e8f0ee03dd64dedd637f96e73fb73354"}
,"D:\\ief2i\\Soutenance_Concepteur_Dev_FullStack\\DEV O23 (3-4) – G4 – Code source site internet\\DEVO23-G4-SAILINGLOC\\back\\controllers\\userDocument.controller.js": {"path":"D:\\ief2i\\Soutenance_Concepteur_Dev_FullStack\\DEV O23 (3-4) – G4 – Code source site internet\\DEVO23-G4-SAILINGLOC\\back\\controllers\\userDocument.controller.js","statementMap":{"0":{"start":{"line":3,"column":14},"end":{"line":10,"column":1}},"1":{"start":{"line":4,"column":2},"end":{"line":9,"column":3}},"2":{"start":{"line":5,"column":22},"end":{"line":5,"column":69}},"3":{"start":{"line":6,"column":4},"end":{"line":6,"column":24}},"4":{"start":{"line":8,"column":4},"end":{"line":8,"column":51}},"5":{"start":{"line":12,"column":15},"end":{"line":19,"column":1}},"6":{"start":{"line":13,"column":2},"end":{"line":18,"column":3}},"7":{"start":{"line":14,"column":19},"end":{"line":14,"column":73}},"8":{"start":{"line":15,"column":4},"end":{"line":15,"column":33}},"9":{"start":{"line":17,"column":4},"end":{"line":17,"column":51}},"10":{"start":{"line":21,"column":13},"end":{"line":28,"column":1}},"11":{"start":{"line":22,"column":2},"end":{"line":27,"column":3}},"12":{"start":{"line":23,"column":19},"end":{"line":23,"column":79}},"13":{"start":{"line":24,"column":4},"end":{"line":24,"column":21}},"14":{"start":{"line":26,"column":4},"end":{"line":26,"column":51}},"15":{"start":{"line":30,"column":15},"end":{"line":37,"column":1}},"16":{"start":{"line":31,"column":2},"end":{"line":36,"column":3}},"17":{"start":{"line":32,"column":19},"end":{"line":32,"column":88}},"18":{"start":{"line":33,"column":4},"end":{"line":33,"column":21}},"19":{"start":{"line":35,"column":4},"end":{"line":35,"column":51}},"20":{"start":{"line":39,"column":15},"end":{"line":46,"column":1}},"21":{"start":{"line":40,"column":2},"end":{"line":45,"column":3}},"22":{"start":{"line":41,"column":4},"end":{"line":41,"column":64}},"23":{"start":{"line":42,"column":4},"end":{"line":42,"column":27}},"24":{"start":{"line":44,"column":4},"end":{"line":44,"column":51}},"25":{"start":{"line":48,"column":25},"end":{"line":55,"column":1}},"26":{"start":{"line":49,"column":2},"end":{"line":54,"column":3}},"27":{"start":{"line":50,"column":19},"end":{"line":50,"column":76}},"28":{"start":{"line":51,"column":4},"end":{"line":51,"column":21}},"29":{"start":{"line":53,"column":4},"end":{"line":53,"column":51}}},"fnMap":{"0":{"name":"(anonymous_0)","decl":{"start":{"line":3,"column":14},"end":{"line":3,"column":15}},"loc":{"start":{"line":3,"column":34},"end":{"line":10,"column":1}},"line":3},"1":{"name":"(anonymous_1)","decl":{"start":{"line":12,"column":15},"end":{"line":12,"column":16}},"loc":{"start":{"line":12,"column":35},"end":{"line":19,"column":1}},"line":12},"2":{"name":"(anonymous_2)","decl":{"start":{"line":21,"column":13},"end":{"line":21,"column":14}},"loc":{"start":{"line":21,"column":33},"end":{"line":28,"column":1}},"line":21},"3":{"name":"(anonymous_3)","decl":{"start":{"line":30,"column":15},"end":{"line":30,"column":16}},"loc":{"start":{"line":30,"column":35},"end":{"line":37,"column":1}},"line":30},"4":{"name":"(anonymous_4)","decl":{"start":{"line":39,"column":15},"end":{"line":39,"column":16}},"loc":{"start":{"line":39,"column":35},"end":{"line":46,"column":1}},"line":39},"5":{"name":"(anonymous_5)","decl":{"start":{"line":48,"column":25},"end":{"line":48,"column":26}},"loc":{"start":{"line":48,"column":45},"end":{"line":55,"column":1}},"line":48}},"branchMap":{},"s":{"0":2,"1":2,"2":2,"3":1,"4":1,"5":2,"6":2,"7":2,"8":1,"9":1,"10":2,"11":2,"12":2,"13":1,"14":1,"15":2,"16":2,"17":2,"18":1,"19":1,"20":2,"21":2,"22":2,"23":1,"24":1,"25":2,"26":2,"27":2,"28":1,"29":1},"f":{"0":2,"1":2,"2":2,"3":2,"4":2,"5":2},"b":{},"inputSourceMap":null,"_coverageSchema":"1a1c01bbd47fc00a2c39e90264f33305004495a9","hash":"61e092506cc771ed28e84300fcfc23df4a5ee46a"}
,"D:\\ief2i\\Soutenance_Concepteur_Dev_FullStack\\DEV O23 (3-4) – G4 – Code source site internet\\DEVO23-G4-SAILINGLOC\\back\\routes\\auth.routes.js": {"path":"D:\\ief2i\\Soutenance_Concepteur_Dev_FullStack\\DEV O23 (3-4) – G4 – Code source site internet\\DEVO23-G4-SAILINGLOC\\back\\routes\\auth.routes.js","statementMap":{"0":{"start":{"line":8,"column":15},"end":{"line":8,"column":31}},"1":{"start":{"line":10,"column":23},"end":{"line":10,"column":46}},"2":{"start":{"line":217,"column":0},"end":{"line":217,"column":85}},"3":{"start":{"line":218,"column":0},"end":{"line":218,"column":94}},"4":{"start":{"line":219,"column":0},"end":{"line":219,"column":49}},"5":{"start":{"line":220,"column":0},"end":{"line":220,"column":64}},"6":{"start":{"line":221,"column":0},"end":{"line":221,"column":129}},"7":{"start":{"line":222,"column":0},"end":{"line":222,"column":124}},"8":{"start":{"line":223,"column":0},"end":{"line":223,"column":110}}},"fnMap":{},"branchMap":{},"s":{"0":1,"1":1,"2":1,"3":1,"4":1,"5":1,"6":1,"7":1,"8":1},"f":{},"b":{},"inputSourceMap":null,"_coverageSchema":"1a1c01bbd47fc00a2c39e90264f33305004495a9","hash":"2b8aa4e4c97f5a1c54bbc83c157b72c34f528f59"}
,"D:\\ief2i\\Soutenance_Concepteur_Dev_FullStack\\DEV O23 (3-4) – G4 – Code source site internet\\DEVO23-G4-SAILINGLOC\\back\\routes\\availability.routes.js": {"path":"D:\\ief2i\\Soutenance_Concepteur_Dev_FullStack\\DEV O23 (3-4) – G4 – Code source site internet\\DEVO23-G4-SAILINGLOC\\back\\routes\\availability.routes.js","statementMap":{"0":{"start":{"line":13,"column":15},"end":{"line":13,"column":31}},"1":{"start":{"line":142,"column":0},"end":{"line":142,"column":46}},"2":{"start":{"line":170,"column":0},"end":{"line":170,"column":89}},"3":{"start":{"line":196,"column":0},"end":{"line":196,"column":121}},"4":{"start":{"line":233,"column":0},"end":{"line":233,"column":110}},"5":{"start":{"line":258,"column":0},"end":{"line":264,"column":2}},"6":{"start":{"line":292,"column":0},"end":{"line":292,"column":100}}},"fnMap":{},"branchMap":{},"s":{"0":1,"1":1,"2":1,"3":1,"4":1,"5":1,"6":1},"f":{},"b":{},"inputSourceMap":null,"_coverageSchema":"1a1c01bbd47fc00a2c39e90264f33305004495a9","hash":"031bbf439f0e66bb160060b914944eb176cffed9"}
,"D:\\ief2i\\Soutenance_Concepteur_Dev_FullStack\\DEV O23 (3-4) – G4 – Code source site internet\\DEVO23-G4-SAILINGLOC\\back\\routes\\boat.routes.js": {"path":"D:\\ief2i\\Soutenance_Concepteur_Dev_FullStack\\DEV O23 (3-4) – G4 – Code source site internet\\DEVO23-G4-SAILINGLOC\\back\\routes\\boat.routes.js","statementMap":{"0":{"start":{"line":12,"column":15},"end":{"line":12,"column":31}},"1":{"start":{"line":169,"column":0},"end":{"line":169,"column":38}},"2":{"start":{"line":197,"column":0},"end":{"line":197,"column":73}},"3":{"start":{"line":223,"column":0},"end":{"line":223,"column":71}},"4":{"start":{"line":262,"column":0},"end":{"line":270,"column":2}},"5":{"start":{"line":295,"column":0},"end":{"line":302,"column":2}},"6":{"start":{"line":320,"column":0},"end":{"line":320,"column":82}},"7":{"start":{"line":338,"column":0},"end":{"line":338,"column":90}},"8":{"start":{"line":356,"column":0},"end":{"line":356,"column":98}},"9":{"start":{"line":374,"column":0},"end":{"line":374,"column":84}},"10":{"start":{"line":392,"column":0},"end":{"line":392,"column":94}},"11":{"start":{"line":393,"column":0},"end":{"line":393,"column":56}}},"fnMap":{},"branchMap":{},"s":{"0":1,"1":1,"2":1,"3":1,"4":1,"5":1,"6":1,"7":1,"8":1,"9":1,"10":1,"11":1},"f":{},"b":{},"inputSourceMap":null,"_coverageSchema":"1a1c01bbd47fc00a2c39e90264f33305004495a9","hash":"b20b2fd00074242ceeb2956ad774edfafa9cd6b3"}
,"D:\\ief2i\\Soutenance_Concepteur_Dev_FullStack\\DEV O23 (3-4) – G4 – Code source site internet\\DEVO23-G4-SAILINGLOC\\back\\routes\\boatEquipment.routes.js": {"path":"D:\\ief2i\\Soutenance_Concepteur_Dev_FullStack\\DEV O23 (3-4) – G4 – Code source site internet\\DEVO23-G4-SAILINGLOC\\back\\routes\\boatEquipment.routes.js","statementMap":{"0":{"start":{"line":12,"column":15},"end":{"line":12,"column":31}},"1":{"start":{"line":127,"column":0},"end":{"line":127,"column":47}},"2":{"start":{"line":152,"column":0},"end":{"line":152,"column":91}},"3":{"start":{"line":176,"column":0},"end":{"line":176,"column":89}},"4":{"start":{"line":212,"column":0},"end":{"line":220,"column":2}},"5":{"start":{"line":245,"column":0},"end":{"line":252,"column":2}},"6":{"start":{"line":278,"column":0},"end":{"line":278,"column":97}}},"fnMap":{},"branchMap":{},"s":{"0":1,"1":1,"2":1,"3":1,"4":1,"5":1,"6":1},"f":{},"b":{},"inputSourceMap":null,"_coverageSchema":"1a1c01bbd47fc00a2c39e90264f33305004495a9","hash":"286a80e0c7ab6d60db793ae844da1bab0e20f9c0"}
,"D:\\ief2i\\Soutenance_Concepteur_Dev_FullStack\\DEV O23 (3-4) – G4 – Code source site internet\\DEVO23-G4-SAILINGLOC\\back\\routes\\boatPhoto.routes.js": {"path":"D:\\ief2i\\Soutenance_Concepteur_Dev_FullStack\\DEV O23 (3-4) – G4 – Code source site internet\\DEVO23-G4-SAILINGLOC\\back\\routes\\boatPhoto.routes.js","statementMap":{"0":{"start":{"line":12,"column":15},"end":{"line":12,"column":31}},"1":{"start":{"line":31,"column":0},"end":{"line":31,"column":43}},"2":{"start":{"line":60,"column":0},"end":{"line":60,"column":84}},"3":{"start":{"line":81,"column":0},"end":{"line":81,"column":81}},"4":{"start":{"line":123,"column":0},"end":{"line":131,"column":2}},"5":{"start":{"line":159,"column":0},"end":{"line":166,"column":2}},"6":{"start":{"line":187,"column":0},"end":{"line":187,"column":89}}},"fnMap":{},"branchMap":{},"s":{"0":1,"1":1,"2":1,"3":1,"4":1,"5":1,"6":1},"f":{},"b":{},"inputSourceMap":null,"_coverageSchema":"1a1c01bbd47fc00a2c39e90264f33305004495a9","hash":"96893e3d653b0a7c7e26a45ae3f8130287563d08"}
,"D:\\ief2i\\Soutenance_Concepteur_Dev_FullStack\\DEV O23 (3-4) – G4 – Code source site internet\\DEVO23-G4-SAILINGLOC\\back\\routes\\boatType.routes.js": {"path":"D:\\ief2i\\Soutenance_Concepteur_Dev_FullStack\\DEV O23 (3-4) – G4 – Code source site internet\\DEVO23-G4-SAILINGLOC\\back\\routes\\boatType.routes.js","statementMap":{"0":{"start":{"line":11,"column":15},"end":{"line":11,"column":31}},"1":{"start":{"line":30,"column":0},"end":{"line":30,"column":42}},"2":{"start":{"line":60,"column":0},"end":{"line":60,"column":81}},"3":{"start":{"line":88,"column":0},"end":{"line":95,"column":2}},"4":{"start":{"line":138,"column":0},"end":{"line":146,"column":2}},"5":{"start":{"line":167,"column":0},"end":{"line":172,"column":2}}},"fnMap":{},"branchMap":{},"s":{"0":1,"1":1,"2":1,"3":1,"4":1,"5":1},"f":{},"b":{},"inputSourceMap":null,"_coverageSchema":"1a1c01bbd47fc00a2c39e90264f33305004495a9","hash":"684215f6813800984e2142f6d019b2cd6ed0b246"}
,"D:\\ief2i\\Soutenance_Concepteur_Dev_FullStack\\DEV O23 (3-4) – G4 – Code source site internet\\DEVO23-G4-SAILINGLOC\\back\\routes\\contact.routes.js": {"path":"D:\\ief2i\\Soutenance_Concepteur_Dev_FullStack\\DEV O23 (3-4) – G4 – Code source site internet\\DEVO23-G4-SAILINGLOC\\back\\routes\\contact.routes.js","statementMap":{"0":{"start":{"line":6,"column":15},"end":{"line":6,"column":31}},"1":{"start":{"line":48,"column":0},"end":{"line":48,"column":83}}},"fnMap":{},"branchMap":{},"s":{"0":1,"1":1},"f":{},"b":{},"inputSourceMap":null,"_coverageSchema":"1a1c01bbd47fc00a2c39e90264f33305004495a9","hash":"3e9a8a100433e7b3e964685a1ce5643e5e11138d"}
,"D:\\ief2i\\Soutenance_Concepteur_Dev_FullStack\\DEV O23 (3-4) – G4 – Code source site internet\\DEVO23-G4-SAILINGLOC\\back\\routes\\contract.routes.js": {"path":"D:\\ief2i\\Soutenance_Concepteur_Dev_FullStack\\DEV O23 (3-4) – G4 – Code source site internet\\DEVO23-G4-SAILINGLOC\\back\\routes\\contract.routes.js","statementMap":{"0":{"start":{"line":12,"column":15},"end":{"line":12,"column":31}},"1":{"start":{"line":38,"column":0},"end":{"line":38,"column":85}},"2":{"start":{"line":71,"column":0},"end":{"line":71,"column":98}},"3":{"start":{"line":96,"column":0},"end":{"line":96,"column":96}},"4":{"start":{"line":134,"column":0},"end":{"line":134,"column":122}},"5":{"start":{"line":159,"column":0},"end":{"line":159,"column":103}},"6":{"start":{"line":184,"column":0},"end":{"line":184,"column":135}}},"fnMap":{},"branchMap":{},"s":{"0":1,"1":1,"2":1,"3":1,"4":1,"5":1,"6":1},"f":{},"b":{},"inputSourceMap":null,"_coverageSchema":"1a1c01bbd47fc00a2c39e90264f33305004495a9","hash":"7c5e89efb7a9f282507b382b0e3edabe29f503cf"}
,"D:\\ief2i\\Soutenance_Concepteur_Dev_FullStack\\DEV O23 (3-4) – G4 – Code source site internet\\DEVO23-G4-SAILINGLOC\\back\\routes\\message.routes.js": {"path":"D:\\ief2i\\Soutenance_Concepteur_Dev_FullStack\\DEV O23 (3-4) – G4 – Code source site internet\\DEVO23-G4-SAILINGLOC\\back\\routes\\message.routes.js","statementMap":{"0":{"start":{"line":12,"column":15},"end":{"line":12,"column":31}},"1":{"start":{"line":36,"column":0},"end":{"line":36,"column":58}},"2":{"start":{"line":75,"column":0},"end":{"line":75,"column":96}},"3":{"start":{"line":101,"column":0},"end":{"line":101,"column":94}},"4":{"start":{"line":137,"column":0},"end":{"line":137,"column":96}},"5":{"start":{"line":163,"column":0},"end":{"line":163,"column":101}},"6":{"start":{"line":187,"column":0},"end":{"line":187,"column":106}},"7":{"start":{"line":213,"column":0},"end":{"line":213,"column":134}}},"fnMap":{},"branchMap":{},"s":{"0":1,"1":1,"2":1,"3":1,"4":1,"5":1,"6":1,"7":1},"f":{},"b":{},"inputSourceMap":null,"_coverageSchema":"1a1c01bbd47fc00a2c39e90264f33305004495a9","hash":"6cda3ca2c7842eda82c452b0583ab8e05bc57ec7"}
,"D:\\ief2i\\Soutenance_Concepteur_Dev_FullStack\\DEV O23 (3-4) – G4 – Code source site internet\\DEVO23-G4-SAILINGLOC\\back\\routes\\payment.routes.js": {"path":"D:\\ief2i\\Soutenance_Concepteur_Dev_FullStack\\DEV O23 (3-4) – G4 – Code source site internet\\DEVO23-G4-SAILINGLOC\\back\\routes\\payment.routes.js","statementMap":{"0":{"start":{"line":12,"column":15},"end":{"line":12,"column":31}},"1":{"start":{"line":36,"column":0},"end":{"line":36,"column":58}},"2":{"start":{"line":78,"column":0},"end":{"line":78,"column":96}},"3":{"start":{"line":104,"column":0},"end":{"line":104,"column":94}},"4":{"start":{"line":141,"column":0},"end":{"line":141,"column":119}},"5":{"start":{"line":169,"column":0},"end":{"line":169,"column":127}},"6":{"start":{"line":195,"column":0},"end":{"line":195,"column":134}}},"fnMap":{},"branchMap":{},"s":{"0":1,"1":1,"2":1,"3":1,"4":1,"5":1,"6":1},"f":{},"b":{},"inputSourceMap":null,"_coverageSchema":"1a1c01bbd47fc00a2c39e90264f33305004495a9","hash":"acd595d38b3451e1620e3da3be3c0a5040e52bcb"}
,"D:\\ief2i\\Soutenance_Concepteur_Dev_FullStack\\DEV O23 (3-4) – G4 – Code source site internet\\DEVO23-G4-SAILINGLOC\\back\\routes\\port.routes.js": {"path":"D:\\ief2i\\Soutenance_Concepteur_Dev_FullStack\\DEV O23 (3-4) – G4 – Code source site internet\\DEVO23-G4-SAILINGLOC\\back\\routes\\port.routes.js","statementMap":{"0":{"start":{"line":11,"column":15},"end":{"line":11,"column":31}},"1":{"start":{"line":30,"column":0},"end":{"line":30,"column":38}},"2":{"start":{"line":79,"column":0},"end":{"line":86,"column":2}},"3":{"start":{"line":107,"column":0},"end":{"line":107,"column":71}},"4":{"start":{"line":150,"column":0},"end":{"line":158,"column":2}},"5":{"start":{"line":186,"column":0},"end":{"line":193,"column":2}}},"fnMap":{},"branchMap":{},"s":{"0":1,"1":1,"2":1,"3":1,"4":1,"5":1},"f":{},"b":{},"inputSourceMap":null,"_coverageSchema":"1a1c01bbd47fc00a2c39e90264f33305004495a9","hash":"ccfc365e71364f5b42891e49162e6c3edbe17d26"}
,"D:\\ief2i\\Soutenance_Concepteur_Dev_FullStack\\DEV O23 (3-4) – G4 – Code source site internet\\DEVO23-G4-SAILINGLOC\\back\\routes\\reservation.routes.js": {"path":"D:\\ief2i\\Soutenance_Concepteur_Dev_FullStack\\DEV O23 (3-4) – G4 – Code source site internet\\DEVO23-G4-SAILINGLOC\\back\\routes\\reservation.routes.js","statementMap":{"0":{"start":{"line":13,"column":15},"end":{"line":13,"column":31}},"1":{"start":{"line":37,"column":0},"end":{"line":37,"column":62}},"2":{"start":{"line":69,"column":0},"end":{"line":69,"column":104}},"3":{"start":{"line":95,"column":0},"end":{"line":95,"column":102}},"4":{"start":{"line":132,"column":0},"end":{"line":132,"column":131}},"5":{"start":{"line":158,"column":0},"end":{"line":158,"column":109}},"6":{"start":{"line":182,"column":0},"end":{"line":182,"column":110}},"7":{"start":{"line":208,"column":0},"end":{"line":208,"column":114}}},"fnMap":{},"branchMap":{},"s":{"0":1,"1":1,"2":1,"3":1,"4":1,"5":1,"6":1,"7":1},"f":{},"b":{},"inputSourceMap":null,"_coverageSchema":"1a1c01bbd47fc00a2c39e90264f33305004495a9","hash":"482852d50ce4ed69d6949c60b307e78da6a81c5e"}
,"D:\\ief2i\\Soutenance_Concepteur_Dev_FullStack\\DEV O23 (3-4) – G4 – Code source site internet\\DEVO23-G4-SAILINGLOC\\back\\routes\\review.routes.js": {"path":"D:\\ief2i\\Soutenance_Concepteur_Dev_FullStack\\DEV O23 (3-4) – G4 – Code source site internet\\DEVO23-G4-SAILINGLOC\\back\\routes\\review.routes.js","statementMap":{"0":{"start":{"line":13,"column":15},"end":{"line":13,"column":31}},"1":{"start":{"line":37,"column":0},"end":{"line":37,"column":57}},"2":{"start":{"line":75,"column":0},"end":{"line":75,"column":94}},"3":{"start":{"line":101,"column":0},"end":{"line":101,"column":92}},"4":{"start":{"line":137,"column":0},"end":{"line":137,"column":116}},"5":{"start":{"line":163,"column":0},"end":{"line":163,"column":99}},"6":{"start":{"line":189,"column":0},"end":{"line":189,"column":104}},"7":{"start":{"line":213,"column":0},"end":{"line":213,"column":104}}},"fnMap":{},"branchMap":{},"s":{"0":1,"1":1,"2":1,"3":1,"4":1,"5":1,"6":1,"7":1},"f":{},"b":{},"inputSourceMap":null,"_coverageSchema":"1a1c01bbd47fc00a2c39e90264f33305004495a9","hash":"eeba8eefe4d60574501e620832e8a416ef3cfd69"}
[...]
,"D:\\ief2i\\Soutenance_Concepteur_Dev_FullStack\\DEV O23 (3-4) – G4 – Code source site internet\\DEVO23-G4-SAILINGLOC\\back\\services\\reservation.services.js": {"path":"D:\\ief2i\\Soutenance_Concepteur_Dev_FullStack\\DEV O23 (3-4) – G4 – Code source site internet\\DEVO23-G4-SAILINGLOC\\back\\services\\reservation.services.js","statementMap":{"0":{"start":{"line":2,"column":55},"end":{"line":2,"column":57}},"1":{"start":{"line":4,"column":27},"end":{"line":8,"column":1}},"2":{"start":{"line":5,"column":4},"end":{"line":7,"column":7}},"3":{"start":{"line":10,"column":26},"end":{"line":12,"column":1}},"4":{"start":{"line":11,"column":4},"end":{"line":11,"column":42}},"5":{"start":{"line":14,"column":27},"end":{"line":18,"column":1}},"6":{"start":{"line":15,"column":4},"end":{"line":17,"column":7}},"7":{"start":{"line":20,"column":26},"end":{"line":24,"column":1}},"8":{"start":{"line":21,"column":24},"end":{"line":21,"column":54}},"9":{"start":{"line":22,"column":4},"end":{"line":22,"column":34}},"10":{"start":{"line":22,"column":22},"end":{"line":22,"column":34}},"11":{"start":{"line":23,"column":4},"end":{"line":23,"column":42}},"12":{"start":{"line":26,"column":26},"end":{"line":31,"column":1}},"13":{"start":{"line":27,"column":24},"end":{"line":27,"column":54}},"14":{"start":{"line":28,"column":4},"end":{"line":28,"column":34}},"15":{"start":{"line":28,"column":22},"end":{"line":28,"column":34}},"16":{"start":{"line":29,"column":4},"end":{"line":29,"column":32}},"17":{"start":{"line":30,"column":4},"end":{"line":30,"column":16}},"18":{"start":{"line":33,"column":24},"end":{"line":38,"column":1}},"19":{"start":{"line":34,"column":4},"end":{"line":37,"column":7}},"20":{"start":{"line":40,"column":28},"end":{"line":45,"column":1}},"21":{"start":{"line":41,"column":4},"end":{"line":44,"column":7}}},"fnMap":{"0":{"name":"(anonymous_0)","decl":{"start":{"line":4,"column":27},"end":{"line":4,"column":28}},"loc":{"start":{"line":4,"column":39},"end":{"line":8,"column":1}},"line":4},"1":{"name":"(anonymous_1)","decl":{"start":{"line":10,"column":26},"end":{"line":10,"column":27}},"loc":{"start":{"line":10,"column":42},"end":{"line":12,"column":1}},"line":10},"2":{"name":"(anonymous_2)","decl":{"start":{"line":14,"column":27},"end":{"line":14,"column":28}},"loc":{"start":{"line":14,"column":41},"end":{"line":18,"column":1}},"line":14},"3":{"name":"(anonymous_3)","decl":{"start":{"line":20,"column":26},"end":{"line":20,"column":27}},"loc":{"start":{"line":20,"column":46},"end":{"line":24,"column":1}},"line":20},"4":{"name":"(anonymous_4)","decl":{"start":{"line":26,"column":26},"end":{"line":26,"column":27}},"loc":{"start":{"line":26,"column":40},"end":{"line":31,"column":1}},"line":26},"5":{"name":"(anonymous_5)","decl":{"start":{"line":33,"column":24},"end":{"line":33,"column":25}},"loc":{"start":{"line":33,"column":42},"end":{"line":38,"column":1}},"line":33},"6":{"name":"(anonymous_6)","decl":{"start":{"line":40,"column":28},"end":{"line":40,"column":29}},"loc":{"start":{"line":40,"column":46},"end":{"line":45,"column":1}},"line":40}},"branchMap":{"0":{"loc":{"start":{"line":22,"column":4},"end":{"line":22,"column":34}},"type":"if","locations":[{"start":{"line":22,"column":4},"end":{"line":22,"column":34}},{"start":{},"end":{}}],"line":22},"1":{"loc":{"start":{"line":28,"column":4},"end":{"line":28,"column":34}},"type":"if","locations":[{"start":{"line":28,"column":4},"end":{"line":28,"column":34}},{"start":{},"end":{}}],"line":28}},"s":{"0":3,"1":3,"2":1,"3":3,"4":1,"5":3,"6":2,"7":3,"8":2,"9":2,"10":1,"11":1,"12":3,"13":2,"14":2,"15":1,"16":1,"17":1,"18":3,"19":2,"20":3,"21":2},"f":{"0":1,"1":1,"2":2,"3":2,"4":2,"5":2,"6":2},"b":{"0":[1,1],"1":[1,1]},"inputSourceMap":null,"_coverageSchema":"1a1c01bbd47fc00a2c39e90264f33305004495a9","hash":"efef651091f50105e3475fabdce18dd545f66c0f"}
,"D:\\ief2i\\Soutenance_Concepteur_Dev_FullStack\\DEV O23 (3-4) – G4 – Code source site internet\\DEVO23-G4-SAILINGLOC\\back\\services\\review.services.js": {"path":"D:\\ief2i\\Soutenance_Concepteur_Dev_FullStack\\DEV O23 (3-4) – G4 – Code source site internet\\DEVO23-G4-SAILINGLOC\\back\\services\\review.services.js","statementMap":{"0":{"start":{"line":2,"column":44},"end":{"line":2,"column":46}},"1":{"start":{"line":4,"column":22},"end":{"line":8,"column":1}},"2":{"start":{"line":5,"column":4},"end":{"line":7,"column":7}},"3":{"start":{"line":10,"column":21},"end":{"line":12,"column":1}},"4":{"start":{"line":11,"column":4},"end":{"line":11,"column":37}},"5":{"start":{"line":14,"column":22},"end":{"line":18,"column":1}},"6":{"start":{"line":15,"column":4},"end":{"line":17,"column":7}},"7":{"start":{"line":20,"column":21},"end":{"line":24,"column":1}},"8":{"start":{"line":21,"column":19},"end":{"line":21,"column":44}},"9":{"start":{"line":22,"column":4},"end":{"line":22,"column":29}},"10":{"start":{"line":22,"column":17},"end":{"line":22,"column":29}},"11":{"start":{"line":23,"column":4},"end":{"line":23,"column":37}},"12":{"start":{"line":26,"column":21},"end":{"line":31,"column":1}},"13":{"start":{"line":27,"column":19},"end":{"line":27,"column":44}},"14":{"start":{"line":28,"column":4},"end":{"line":28,"column":29}},"15":{"start":{"line":28,"column":17},"end":{"line":28,"column":29}},"16":{"start":{"line":29,"column":4},"end":{"line":29,"column":27}},"17":{"start":{"line":30,"column":4},"end":{"line":30,"column":16}},"18":{"start":{"line":33,"column":23},"end":{"line":38,"column":1}},"19":{"start":{"line":34,"column":4},"end":{"line":37,"column":7}},"20":{"start":{"line":40,"column":23},"end":{"line":45,"column":1}},"21":{"start":{"line":41,"column":4},"end":{"line":44,"column":7}}},"fnMap":{"0":{"name":"(anonymous_0)","decl":{"start":{"line":4,"column":22},"end":{"line":4,"column":23}},"loc":{"start":{"line":4,"column":34},"end":{"line":8,"column":1}},"line":4},"1":{"name":"(anonymous_1)","decl":{"start":{"line":10,"column":21},"end":{"line":10,"column":22}},"loc":{"start":{"line":10,"column":37},"end":{"line":12,"column":1}},"line":10},"2":{"name":"(anonymous_2)","decl":{"start":{"line":14,"column":22},"end":{"line":14,"column":23}},"loc":{"start":{"line":14,"column":36},"end":{"line":18,"column":1}},"line":14},"3":{"name":"(anonymous_3)","decl":{"start":{"line":20,"column":21},"end":{"line":20,"column":22}},"loc":{"start":{"line":20,"column":41},"end":{"line":24,"column":1}},"line":20},"4":{"name":"(anonymous_4)","decl":{"start":{"line":26,"column":21},"end":{"line":26,"column":22}},"loc":{"start":{"line":26,"column":35},"end":{"line":31,"column":1}},"line":26},"5":{"name":"(anonymous_5)","decl":{"start":{"line":33,"column":23},"end":{"line":33,"column":24}},"loc":{"start":{"line":33,"column":41},"end":{"line":38,"column":1}},"line":33},"6":{"name":"(anonymous_6)","decl":{"start":{"line":40,"column":23},"end":{"line":40,"column":24}},"loc":{"start":{"line":40,"column":41},"end":{"line":45,"column":1}},"line":40}},"branchMap":{"0":{"loc":{"start":{"line":22,"column":4},"end":{"line":22,"column":29}},"type":"if","locations":[{"start":{"line":22,"column":4},"end":{"line":22,"column":29}},{"start":{},"end":{}}],"line":22},"1":{"loc":{"start":{"line":28,"column":4},"end":{"line":28,"column":29}},"type":"if","locations":[{"start":{"line":28,"column":4},"end":{"line":28,"column":29}},{"start":{},"end":{}}],"line":28}},"s":{"0":3,"1":3,"2":1,"3":3,"4":1,"5":3,"6":2,"7":3,"8":2,"9":2,"10":1,"11":1,"12":3,"13":2,"14":2,"15":1,"16":1,"17":1,"18":3,"19":2,"20":3,"21":2},"f":{"0":1,"1":1,"2":2,"3":2,"4":2,"5":2,"6":2},"b":{"0":[1,1],"1":[1,1]},"inputSourceMap":null,"_coverageSchema":"1a1c01bbd47fc00a2c39e90264f33305004495a9","hash":"ad5be25fd87db2e9a0feed3391e98fcaa6342400"}
,"D:\\ief2i\\Soutenance_Concepteur_Dev_FullStack\\DEV O23 (3-4) – G4 – Code source site internet\\DEVO23-G4-SAILINGLOC\\back\\services\\user.services.js": {"path":"D:\\ief2i\\Soutenance_Concepteur_Dev_FullStack\\DEV O23 (3-4) – G4 – Code source site internet\\DEVO23-G4-SAILINGLOC\\back\\services\\user.services.js","statementMap":{"0":{"start":{"line":2,"column":67},"end":{"line":2,"column":69}},"1":{"start":{"line":7,"column":20},"end":{"line":9,"column":1}},"2":{"start":{"line":8,"column":4},"end":{"line":8,"column":32}},"3":{"start":{"line":11,"column":19},"end":{"line":13,"column":1}},"4":{"start":{"line":12,"column":4},"end":{"line":12,"column":35}},"5":{"start":{"line":15,"column":17},"end":{"line":17,"column":1}},"6":{"start":{"line":16,"column":4},"end":{"line":16,"column":35}},"7":{"start":{"line":19,"column":19},"end":{"line":23,"column":1}},"8":{"start":{"line":20,"column":17},"end":{"line":20,"column":40}},"9":{"start":{"line":21,"column":4},"end":{"line":21,"column":27}},"10":{"start":{"line":21,"column":15},"end":{"line":21,"column":27}},"11":{"start":{"line":22,"column":4},"end":{"line":22,"column":35}},"12":{"start":{"line":25,"column":19},"end":{"line":30,"column":1}},"13":{"start":{"line":26,"column":17},"end":{"line":26,"column":40}},"14":{"start":{"line":27,"column":4},"end":{"line":27,"column":27}},"15":{"start":{"line":27,"column":15},"end":{"line":27,"column":27}},"16":{"start":{"line":28,"column":4},"end":{"line":28,"column":25}},"17":{"start":{"line":29,"column":4},"end":{"line":29,"column":16}},"18":{"start":{"line":32,"column":21},"end":{"line":37,"column":1}},"19":{"start":{"line":33,"column":17},"end":{"line":35,"column":6}},"20":{"start":{"line":36,"column":4},"end":{"line":36,"column":36}},"21":{"start":{"line":39,"column":28},"end":{"line":44,"column":1}},"22":{"start":{"line":40,"column":17},"end":{"line":42,"column":6}},"23":{"start":{"line":43,"column":4},"end":{"line":43,"column":43}},"24":{"start":{"line":46,"column":24},"end":{"line":51,"column":1}},"25":{"start":{"line":47,"column":17},"end":{"line":49,"column":6}},"26":{"start":{"line":50,"column":4},"end":{"line":50,"column":39}},"27":{"start":{"line":53,"column":23},"end":{"line":58,"column":1}},"28":{"start":{"line":54,"column":17},"end":{"line":56,"column":6}},"29":{"start":{"line":57,"column":4},"end":{"line":57,"column":38}},"30":{"start":{"line":60,"column":25},"end":{"line":65,"column":1}},"31":{"start":{"line":61,"column":17},"end":{"line":63,"column":6}},"32":{"start":{"line":64,"column":4},"end":{"line":64,"column":44}},"33":{"start":{"line":67,"column":24},"end":{"line":91,"column":1}},"34":{"start":{"line":69,"column":17},"end":{"line":69,"column":44}},"35":{"start":{"line":70,"column":4},"end":{"line":70,"column":57}},"36":{"start":{"line":70,"column":15},"end":{"line":70,"column":57}},"37":{"start":{"line":72,"column":4},"end":{"line":76,"column":5}},"38":{"start":{"line":73,"column":28},"end":{"line":73,"column":64}},"39":{"start":{"line":75,"column":8},"end":{"line":75,"column":67}},"40":{"start":{"line":75,"column":40},"end":{"line":75,"column":67}},"41":{"start":{"line":78,"column":21},"end":{"line":85,"column":5}},"42":{"start":{"line":87,"column":4},"end":{"line":87,"column":43}},"43":{"start":{"line":89,"column":4},"end":{"line":89,"column":16}}},"fnMap":{"0":{"name":"(anonymous_0)","decl":{"start":{"line":7,"column":20},"end":{"line":7,"column":21}},"loc":{"start":{"line":7,"column":32},"end":{"line":9,"column":1}},"line":7},"1":{"name":"(anonymous_1)","decl":{"start":{"line":11,"column":19},"end":{"line":11,"column":20}},"loc":{"start":{"line":11,"column":35},"end":{"line":13,"column":1}},"line":11},"2":{"name":"(anonymous_2)","decl":{"start":{"line":15,"column":17},"end":{"line":15,"column":18}},"loc":{"start":{"line":15,"column":31},"end":{"line":17,"column":1}},"line":15},"3":{"name":"(anonymous_3)","decl":{"start":{"line":19,"column":19},"end":{"line":19,"column":20}},"loc":{"start":{"line":19,"column":39},"end":{"line":23,"column":1}},"line":19},"4":{"name":"(anonymous_4)","decl":{"start":{"line":25,"column":19},"end":{"line":25,"column":20}},"loc":{"start":{"line":25,"column":33},"end":{"line":30,"column":1}},"line":25},"5":{"name":"(anonymous_5)","decl":{"start":{"line":32,"column":21},"end":{"line":32,"column":22}},"loc":{"start":{"line":32,"column":39},"end":{"line":37,"column":1}},"line":32},"6":{"name":"(anonymous_6)","decl":{"start":{"line":39,"column":28},"end":{"line":39,"column":29}},"loc":{"start":{"line":39,"column":46},"end":{"line":44,"column":1}},"line":39},"7":{"name":"(anonymous_7)","decl":{"start":{"line":46,"column":24},"end":{"line":46,"column":25}},"loc":{"start":{"line":46,"column":42},"end":{"line":51,"column":1}},"line":46},"8":{"name":"(anonymous_8)","decl":{"start":{"line":53,"column":23},"end":{"line":53,"column":24}},"loc":{"start":{"line":53,"column":41},"end":{"line":58,"column":1}},"line":53},"9":{"name":"(anonymous_9)","decl":{"start":{"line":60,"column":25},"end":{"line":60,"column":26}},"loc":{"start":{"line":60,"column":43},"end":{"line":65,"column":1}},"line":60},"10":{"name":"(anonymous_10)","decl":{"start":{"line":67,"column":24},"end":{"line":67,"column":25}},"loc":{"start":{"line":67,"column":48},"end":{"line":91,"column":1}},"line":67}},"branchMap":{"0":{"loc":{"start":{"line":21,"column":4},"end":{"line":21,"column":27}},"type":"if","locations":[{"start":{"line":21,"column":4},"end":{"line":21,"column":27}},{"start":{},"end":{}}],"line":21},"1":{"loc":{"start":{"line":27,"column":4},"end":{"line":27,"column":27}},"type":"if","locations":[{"start":{"line":27,"column":4},"end":{"line":27,"column":27}},{"start":{},"end":{}}],"line":27},"2":{"loc":{"start":{"line":36,"column":11},"end":{"line":36,"column":35}},"type":"cond-expr","locations":[{"start":{"line":36,"column":18},"end":{"line":36,"column":28}},{"start":{"line":36,"column":31},"end":{"line":36,"column":35}}],"line":36},"3":{"loc":{"start":{"line":43,"column":11},"end":{"line":43,"column":42}},"type":"cond-expr","locations":[{"start":{"line":43,"column":18},"end":{"line":43,"column":35}},{"start":{"line":43,"column":38},"end":{"line":43,"column":42}}],"line":43},"4":{"loc":{"start":{"line":50,"column":11},"end":{"line":50,"column":38}},"type":"cond-expr","locations":[{"start":{"line":50,"column":18},"end":{"line":50,"column":31}},{"start":{"line":50,"column":34},"end":{"line":50,"column":38}}],"line":50},"5":{"loc":{"start":{"line":57,"column":11},"end":{"line":57,"column":37}},"type":"cond-expr","locations":[{"start":{"line":57,"column":18},"end":{"line":57,"column":30}},{"start":{"line":57,"column":33},"end":{"line":57,"column":37}}],"line":57},"6":{"loc":{"start":{"line":64,"column":11},"end":{"line":64,"column":43}},"type":"cond-expr","locations":[{"start":{"line":64,"column":18},"end":{"line":64,"column":36}},{"start":{"line":64,"column":39},"end":{"line":64,"column":43}}],"line":64},"7":{"loc":{"start":{"line":70,"column":4},"end":{"line":70,"column":57}},"type":"if","locations":[{"start":{"line":70,"column":4},"end":{"line":70,"column":57}},{"start":{},"end":{}}],"line":70},"8":{"loc":{"start":{"line":72,"column":4},"end":{"line":76,"column":5}},"type":"if","locations":[{"start":{"line":72,"column":4},"end":{"line":76,"column":5}},{"start":{},"end":{}}],"line":72},"9":{"loc":{"start":{"line":72,"column":8},"end":{"line":72,"column":54}},"type":"binary-expr","locations":[{"start":{"line":72,"column":8},"end":{"line":72,"column":18}},{"start":{"line":72,"column":22},"end":{"line":72,"column":54}}],"line":72},"10":{"loc":{"start":{"line":75,"column":8},"end":{"line":75,"column":67}},"type":"if","locations":[{"start":{"line":75,"column":8},"end":{"line":75,"column":67}},{"start":{},"end":{}}],"line":75}},"s":{"0":3,"1":3,"2":1,"3":3,"4":1,"5":3,"6":2,"7":3,"8":2,"9":2,"10":1,"11":1,"12":3,"13":2,"14":2,"15":1,"16":1,"17":1,"18":3,"19":2,"20":2,"21":3,"22":2,"23":2,"24":3,"25":2,"26":2,"27":3,"28":2,"29":2,"30":3,"31":2,"32":2,"33":3,"34":3,"35":3,"36":1,"37":2,"38":1,"39":1,"40":1,"41":2,"42":2,"43":2},"f":{"0":1,"1":1,"2":2,"3":2,"4":2,"5":2,"6":2,"7":2,"8":2,"9":2,"10":3},"b":{"0":[1,1],"1":[1,1],"2":[1,1],"3":[1,1],"4":[1,1],"5":[1,1],"6":[1,1],"7":[1,2],"8":[1,1],"9":[2,2],"10":[1,0]},"inputSourceMap":null,"_coverageSchema":"1a1c01bbd47fc00a2c39e90264f33305004495a9","hash":"83c52e5b228f0d6d07fdef5c022fdc16fd9442a4"}
,"D:\\ief2i\\Soutenance_Concepteur_Dev_FullStack\\DEV O23 (3-4) – G4 – Code source site internet\\DEVO23-G4-SAILINGLOC\\back\\services\\userDocument.services.js": {"path":"D:\\ief2i\\Soutenance_Concepteur_Dev_FullStack\\DEV O23 (3-4) – G4 – Code source site internet\\DEVO23-G4-SAILINGLOC\\back\\services\\userDocument.services.js","statementMap":{"0":{"start":{"line":2,"column":31},"end":{"line":2,"column":33}},"1":{"start":{"line":4,"column":28},"end":{"line":8,"column":1}},"2":{"start":{"line":5,"column":4},"end":{"line":7,"column":7}},"3":{"start":{"line":10,"column":27},"end":{"line":12,"column":1}},"4":{"start":{"line":11,"column":4},"end":{"line":11,"column":43}},"5":{"start":{"line":14,"column":28},"end":{"line":18,"column":1}},"6":{"start":{"line":15,"column":4},"end":{"line":17,"column":7}},"7":{"start":{"line":20,"column":27},"end":{"line":24,"column":1}},"8":{"start":{"line":21,"column":21},"end":{"line":21,"column":52}},"9":{"start":{"line":22,"column":4},"end":{"line":22,"column":31}},"10":{"start":{"line":22,"column":19},"end":{"line":22,"column":31}},"11":{"start":{"line":23,"column":4},"end":{"line":23,"column":39}},"12":{"start":{"line":26,"column":27},"end":{"line":31,"column":1}},"13":{"start":{"line":27,"column":21},"end":{"line":27,"column":52}},"14":{"start":{"line":28,"column":4},"end":{"line":28,"column":31}},"15":{"start":{"line":28,"column":19},"end":{"line":28,"column":31}},"16":{"start":{"line":29,"column":4},"end":{"line":29,"column":29}},"17":{"start":{"line":30,"column":4},"end":{"line":30,"column":16}},"18":{"start":{"line":33,"column":25},"end":{"line":37,"column":1}},"19":{"start":{"line":34,"column":4},"end":{"line":36,"column":7}}},"fnMap":{"0":{"name":"(anonymous_0)","decl":{"start":{"line":4,"column":28},"end":{"line":4,"column":29}},"loc":{"start":{"line":4,"column":40},"end":{"line":8,"column":1}},"line":4},"1":{"name":"(anonymous_1)","decl":{"start":{"line":10,"column":27},"end":{"line":10,"column":28}},"loc":{"start":{"line":10,"column":43},"end":{"line":12,"column":1}},"line":10},"2":{"name":"(anonymous_2)","decl":{"start":{"line":14,"column":28},"end":{"line":14,"column":29}},"loc":{"start":{"line":14,"column":42},"end":{"line":18,"column":1}},"line":14},"3":{"name":"(anonymous_3)","decl":{"start":{"line":20,"column":27},"end":{"line":20,"column":28}},"loc":{"start":{"line":20,"column":47},"end":{"line":24,"column":1}},"line":20},"4":{"name":"(anonymous_4)","decl":{"start":{"line":26,"column":27},"end":{"line":26,"column":28}},"loc":{"start":{"line":26,"column":41},"end":{"line":31,"column":1}},"line":26},"5":{"name":"(anonymous_5)","decl":{"start":{"line":33,"column":25},"end":{"line":33,"column":26}},"loc":{"start":{"line":33,"column":43},"end":{"line":37,"column":1}},"line":33}},"branchMap":{"0":{"loc":{"start":{"line":22,"column":4},"end":{"line":22,"column":31}},"type":"if","locations":[{"start":{"line":22,"column":4},"end":{"line":22,"column":31}},{"start":{},"end":{}}],"line":22},"1":{"loc":{"start":{"line":28,"column":4},"end":{"line":28,"column":31}},"type":"if","locations":[{"start":{"line":28,"column":4},"end":{"line":28,"column":31}},{"start":{},"end":{}}],"line":28}},"s":{"0":3,"1":3,"2":1,"3":3,"4":1,"5":3,"6":2,"7":3,"8":2,"9":2,"10":1,"11":1,"12":3,"13":2,"14":2,"15":1,"16":1,"17":1,"18":3,"19":2},"f":{"0":1,"1":1,"2":2,"3":2,"4":2,"5":2},"b":{"0":[1,1],"1":[1,1]},"inputSourceMap":null,"_coverageSchema":"1a1c01bbd47fc00a2c39e90264f33305004495a9","hash":"ad15b60bf367f3ff36e620237486d65a7d81273b"}
}
