TN:
SF:controllers\auth.controller.js
FN:4,(anonymous_0)
FN:13,(anonymous_1)
FN:22,(anonymous_2)
FN:31,(anonymous_3)
FN:35,(anonymous_4)
FN:44,(anonymous_5)
FN:53,(anonymous_6)
FN:63,(anonymous_7)
FNF:8
FNH:8
FNDA:2,(anonymous_0)
FNDA:2,(anonymous_1)
FNDA:2,(anonymous_2)
FNDA:1,(anonymous_3)
FNDA:2,(anonymous_4)
FNDA:2,(anonymous_5)
FNDA:2,(anonymous_6)
FNDA:2,(anonymous_7)
DA:4,2
DA:5,2
DA:6,2
DA:7,1
DA:9,1
DA:13,2
DA:14,2
DA:15,2
DA:16,1
DA:18,1
DA:22,2
DA:23,2
DA:24,2
DA:25,1
DA:27,1
DA:31,2
DA:32,1
DA:35,2
DA:36,2
DA:37,2
DA:38,1
DA:40,1
DA:44,2
DA:45,2
DA:46,2
DA:47,1
DA:49,1
DA:53,2
DA:54,2
DA:55,2
DA:56,2
DA:57,1
DA:59,1
DA:63,2
DA:64,2
DA:65,2
DA:66,2
DA:67,1
DA:69,1
LF:39
LH:39
BRF:0
BRH:0
end_of_record
TN:
SF:controllers\availability.controller.js
FN:3,(anonymous_0)
FN:12,(anonymous_1)
FN:21,(anonymous_2)
FN:30,(anonymous_3)
FN:39,(anonymous_4)
FN:48,(anonymous_5)
FNF:6
FNH:6
FNDA:2,(anonymous_0)
FNDA:2,(anonymous_1)
FNDA:2,(anonymous_2)
FNDA:2,(anonymous_3)
FNDA:2,(anonymous_4)
FNDA:2,(anonymous_5)
DA:3,2
DA:4,2
DA:5,2
DA:6,1
DA:8,1
DA:12,2
DA:13,2
DA:14,2
DA:15,1
DA:17,1
DA:21,2
DA:22,2
DA:23,2
DA:24,1
DA:26,1
DA:30,2
DA:31,2
DA:32,2
DA:33,1
DA:35,1
DA:39,2
DA:40,2
DA:41,2
DA:42,1
DA:44,1
DA:48,2
DA:49,2
DA:50,2
DA:51,1
DA:53,1
LF:30
LH:30
BRF:0
BRH:0
end_of_record
TN:
SF:controllers\boat.controller.js
FN:3,(anonymous_0)
FN:12,(anonymous_1)
FN:21,(anonymous_2)
FN:30,(anonymous_3)
FN:40,(anonymous_4)
FN:49,(anonymous_5)
FN:58,(anonymous_6)
FN:70,(anonymous_7)
FN:79,(anonymous_8)
FN:88,(anonymous_9)
FN:97,(anonymous_10)
FN:106,(anonymous_11)
FNF:12
FNH:12
FNDA:2,(anonymous_0)
FNDA:2,(anonymous_1)
FNDA:2,(anonymous_2)
FNDA:3,(anonymous_3)
FNDA:2,(anonymous_4)
FNDA:2,(anonymous_5)
FNDA:2,(anonymous_6)
FNDA:2,(anonymous_7)
FNDA:2,(anonymous_8)
FNDA:2,(anonymous_9)
FNDA:2,(anonymous_10)
FNDA:2,(anonymous_11)
DA:3,2
DA:4,2
DA:5,2
DA:6,1
DA:8,1
DA:12,2
DA:13,2
DA:14,2
DA:15,1
DA:17,1
DA:21,2
DA:22,2
DA:23,2
DA:24,1
DA:26,1
DA:30,2
DA:31,3
DA:32,3
DA:33,2
DA:34,1
DA:36,1
DA:40,2
DA:41,2
DA:42,2
DA:43,1
DA:45,1
DA:49,2
DA:50,2
DA:51,2
DA:52,1
DA:54,1
DA:58,2
DA:59,2
DA:60,2
DA:61,2
DA:63,2
DA:64,1
DA:66,1
DA:70,2
DA:71,2
DA:72,2
DA:73,1
DA:75,1
DA:79,2
DA:80,2
DA:81,2
DA:82,1
DA:84,1
DA:88,2
DA:89,2
DA:90,2
DA:91,1
DA:93,1
DA:97,2
DA:98,2
DA:99,2
DA:100,1
DA:102,1
DA:106,2
DA:107,2
DA:108,2
DA:109,1
DA:111,1
LF:63
LH:63
BRDA:33,0,0,1
BRDA:33,0,1,1
BRF:2
BRH:2
end_of_record
TN:
SF:controllers\boatEquipment.controller.js
FN:3,(anonymous_0)
FN:12,(anonymous_1)
FN:21,(anonymous_2)
FN:30,(anonymous_3)
FN:39,(anonymous_4)
FN:48,(anonymous_5)
FNF:6
FNH:6
FNDA:2,(anonymous_0)
FNDA:2,(anonymous_1)
FNDA:2,(anonymous_2)
FNDA:2,(anonymous_3)
FNDA:2,(anonymous_4)
FNDA:2,(anonymous_5)
DA:3,2
DA:4,2
DA:5,2
DA:6,1
DA:8,1
DA:12,2
DA:13,2
DA:14,2
DA:15,1
DA:17,1
DA:21,2
DA:22,2
DA:23,2
DA:24,1
DA:26,1
DA:30,2
DA:31,2
DA:32,2
DA:33,1
DA:35,1
DA:39,2
DA:40,2
DA:41,2
DA:42,1
DA:44,1
DA:48,2
DA:49,2
DA:50,2
DA:51,1
DA:53,1
LF:30
LH:30
BRF:0
BRH:0
end_of_record
TN:
SF:controllers\boatPhoto.controller.js
FN:3,(anonymous_0)
FN:12,(anonymous_1)
FN:32,(anonymous_2)
FN:41,(anonymous_3)
FN:50,(anonymous_4)
FN:59,(anonymous_5)
FNF:6
FNH:6
FNDA:2,(anonymous_0)
FNDA:4,(anonymous_1)
FNDA:2,(anonymous_2)
FNDA:2,(anonymous_3)
FNDA:2,(anonymous_4)
FNDA:2,(anonymous_5)
DA:3,2
DA:4,2
DA:5,2
DA:6,1
DA:8,1
DA:12,2
DA:13,4
DA:14,4
DA:16,4
DA:20,4
DA:25,2
DA:27,2
DA:32,2
DA:33,2
DA:34,2
DA:35,1
DA:37,1
DA:41,2
DA:42,2
DA:43,2
DA:44,1
DA:46,1
DA:50,2
DA:51,2
DA:52,2
DA:53,1
DA:55,1
DA:59,2
DA:60,2
DA:61,2
DA:62,1
DA:64,1
LF:32
LH:32
BRDA:16,0,0,1
BRDA:16,0,1,3
BRF:2
BRH:2
end_of_record
TN:
SF:controllers\boatType.controller.js
FN:3,(anonymous_0)
FN:12,(anonymous_1)
FN:21,(anonymous_2)
FN:30,(anonymous_3)
FN:39,(anonymous_4)
FNF:5
FNH:5
FNDA:2,(anonymous_0)
FNDA:2,(anonymous_1)
FNDA:2,(anonymous_2)
FNDA:2,(anonymous_3)
FNDA:2,(anonymous_4)
DA:3,2
DA:4,2
DA:5,2
DA:6,1
DA:8,1
DA:12,2
DA:13,2
DA:14,2
DA:15,1
DA:17,1
DA:21,2
DA:22,2
DA:23,2
DA:24,1
DA:26,1
DA:30,2
DA:31,2
DA:32,2
DA:33,1
DA:35,1
DA:39,2
DA:40,2
DA:41,2
DA:42,1
DA:44,1
LF:25
LH:25
BRF:0
BRH:0
end_of_record
TN:
SF:controllers\contract.controller.js
FN:3,(anonymous_0)
FN:12,(anonymous_1)
FN:21,(anonymous_2)
FN:30,(anonymous_3)
FN:39,(anonymous_4)
FN:48,(anonymous_5)
FNF:6
FNH:6
FNDA:2,(anonymous_0)
FNDA:2,(anonymous_1)
FNDA:2,(anonymous_2)
FNDA:2,(anonymous_3)
FNDA:2,(anonymous_4)
FNDA:2,(anonymous_5)
DA:3,2
DA:4,2
DA:5,2
DA:6,1
DA:8,1
DA:12,2
DA:13,2
DA:14,2
DA:15,1
DA:17,1
DA:21,2
DA:22,2
DA:23,2
DA:24,1
DA:26,1
DA:30,2
DA:31,2
DA:32,2
DA:33,1
DA:35,1
DA:39,2
DA:40,2
DA:41,2
DA:42,1
DA:44,1
DA:48,2
DA:49,2
DA:50,2
DA:51,1
DA:53,1
LF:30
LH:30
BRF:0
BRH:0
end_of_record
TN:
SF:controllers\message.controller.js
FN:3,(anonymous_0)
FN:12,(anonymous_1)
FN:21,(anonymous_2)
FN:30,(anonymous_3)
FN:39,(anonymous_4)
FN:48,(anonymous_5)
FN:57,(anonymous_6)
FNF:7
FNH:7
FNDA:2,(anonymous_0)
FNDA:2,(anonymous_1)
FNDA:2,(anonymous_2)
FNDA:2,(anonymous_3)
FNDA:2,(anonymous_4)
FNDA:2,(anonymous_5)
FNDA:2,(anonymous_6)
DA:3,2
DA:4,2
DA:5,2
DA:6,1
DA:8,1
DA:12,2
DA:13,2
DA:14,2
DA:15,1
DA:17,1
DA:21,2
DA:22,2
DA:23,2
DA:24,1
DA:26,1
DA:30,2
DA:31,2
DA:32,2
DA:33,1
DA:35,1
DA:39,2
DA:40,2
DA:41,2
DA:42,1
DA:44,1
DA:48,2
DA:49,2
DA:50,2
DA:51,1
DA:53,1
DA:57,2
DA:58,2
DA:59,2
DA:60,1
DA:62,1
LF:35
LH:35
BRF:0
BRH:0
end_of_record
TN:
SF:controllers\payment.controller.js
FN:3,(anonymous_0)
FN:12,(anonymous_1)
FN:21,(anonymous_2)
FN:30,(anonymous_3)
FN:39,(anonymous_4)
FN:48,(anonymous_5)
FNF:6
FNH:6
FNDA:2,(anonymous_0)
FNDA:2,(anonymous_1)
FNDA:2,(anonymous_2)
FNDA:2,(anonymous_3)
FNDA:2,(anonymous_4)
FNDA:2,(anonymous_5)
DA:3,2
DA:4,2
DA:5,2
DA:6,1
DA:8,1
DA:12,2
DA:13,2
DA:14,2
DA:15,1
DA:17,1
DA:21,2
DA:22,2
DA:23,2
DA:24,1
DA:26,1
DA:30,2
DA:31,2
DA:32,2
DA:33,1
DA:35,1
DA:39,2
DA:40,2
DA:41,2
DA:42,1
DA:44,1
DA:48,2
DA:49,2
DA:50,2
DA:51,1
DA:53,1
LF:30
LH:30
BRF:0
BRH:0
end_of_record
TN:
SF:controllers\port.controller.js
FN:3,(anonymous_0)
FN:12,(anonymous_1)
FN:21,(anonymous_2)
FN:30,(anonymous_3)
FN:39,(anonymous_4)
FNF:5
FNH:5
FNDA:2,(anonymous_0)
FNDA:2,(anonymous_1)
FNDA:2,(anonymous_2)
FNDA:2,(anonymous_3)
FNDA:2,(anonymous_4)
DA:3,2
DA:4,2
DA:5,2
DA:6,1
DA:8,1
DA:12,2
DA:13,2
DA:14,2
DA:15,1
DA:17,1
DA:21,2
DA:22,2
DA:23,2
DA:24,1
DA:26,1
DA:30,2
DA:31,2
DA:32,2
DA:33,1
DA:35,1
DA:39,2
DA:40,2
DA:41,2
DA:42,1
DA:44,1
LF:25
LH:25
BRF:0
BRH:0
end_of_record
TN:
SF:controllers\reservation.controller.js
FN:3,(anonymous_0)
FN:12,(anonymous_1)
FN:21,(anonymous_2)
FN:30,(anonymous_3)
FN:39,(anonymous_4)
FN:48,(anonymous_5)
FN:57,(anonymous_6)
FNF:7
FNH:7
FNDA:2,(anonymous_0)
FNDA:2,(anonymous_1)
FNDA:2,(anonymous_2)
FNDA:2,(anonymous_3)
FNDA:2,(anonymous_4)
FNDA:2,(anonymous_5)
FNDA:2,(anonymous_6)
DA:3,2
DA:4,2
DA:5,2
DA:6,1
DA:8,1
DA:12,2
DA:13,2
DA:14,2
DA:15,1
DA:17,1
DA:21,2
DA:22,2
DA:23,2
DA:24,1
DA:26,1
DA:30,2
DA:31,2
DA:32,2
DA:33,1
DA:35,1
DA:39,2
DA:40,2
DA:41,2
DA:42,1
DA:44,1
DA:48,2
DA:49,2
DA:50,2
DA:51,1
DA:53,1
DA:57,2
DA:58,2
DA:59,2
DA:60,1
DA:62,1
LF:35
LH:35
BRF:0
BRH:0
end_of_record
TN:
SF:controllers\review.controller.js
FN:3,(anonymous_0)
FN:12,(anonymous_1)
FN:21,(anonymous_2)
FN:30,(anonymous_3)
FN:39,(anonymous_4)
FN:48,(anonymous_5)
FN:57,(anonymous_6)
FNF:7
FNH:7
FNDA:2,(anonymous_0)
FNDA:2,(anonymous_1)
FNDA:2,(anonymous_2)
FNDA:2,(anonymous_3)
FNDA:2,(anonymous_4)
FNDA:2,(anonymous_5)
FNDA:2,(anonymous_6)
DA:3,2
DA:4,2
DA:5,2
DA:6,1
DA:8,1
DA:12,2
DA:13,2
DA:14,2
DA:15,1
DA:17,1
DA:21,2
DA:22,2
DA:23,2
DA:24,1
DA:26,1
DA:30,2
DA:31,2
DA:32,2
DA:33,1
DA:35,1
DA:39,2
DA:40,2
DA:41,2
DA:42,1
DA:44,1
DA:48,2
DA:49,2
DA:50,2
DA:51,1
DA:53,1
DA:57,2
DA:58,2
DA:59,2
DA:60,1
DA:62,1
LF:35
LH:35
BRF:0
BRH:0
end_of_record
TN:
SF:controllers\user.controller.js
FN:3,(anonymous_0)
FN:12,(anonymous_1)
FN:21,(anonymous_2)
FN:32,(anonymous_3)
FN:43,(anonymous_4)
FN:54,(anonymous_5)
FN:63,(anonymous_6)
FN:72,(anonymous_7)
FN:81,(anonymous_8)
FN:90,(anonymous_9)
FN:99,(anonymous_10)
FNF:11
FNH:11
FNDA:2,(anonymous_0)
FNDA:2,(anonymous_1)
FNDA:3,(anonymous_2)
FNDA:3,(anonymous_3)
FNDA:3,(anonymous_4)
FNDA:2,(anonymous_5)
FNDA:2,(anonymous_6)
FNDA:2,(anonymous_7)
FNDA:2,(anonymous_8)
FNDA:2,(anonymous_9)
FNDA:3,(anonymous_10)
DA:3,2
DA:4,2
DA:5,2
DA:6,1
DA:8,1
DA:12,2
DA:13,2
DA:14,2
DA:15,1
DA:17,1
DA:21,2
DA:22,3
DA:23,3
DA:24,2
DA:25,1
DA:26,1
DA:28,1
DA:32,2
DA:33,3
DA:34,3
DA:35,2
DA:36,1
DA:37,1
DA:39,1
DA:43,2
DA:44,3
DA:45,3
DA:46,2
DA:47,1
DA:48,1
DA:50,1
DA:54,2
DA:55,2
DA:56,2
DA:57,1
DA:59,1
DA:63,2
DA:64,2
DA:65,2
DA:66,1
DA:68,1
DA:72,2
DA:73,2
DA:74,2
DA:75,1
DA:77,1
DA:81,2
DA:82,2
DA:83,2
DA:84,1
DA:86,1
DA:90,2
DA:91,2
DA:92,2
DA:93,1
DA:95,1
DA:99,2
DA:100,3
DA:101,3
DA:102,1
DA:104,2
DA:108,1
DA:110,1
LF:63
LH:63
BRDA:24,0,0,1
BRDA:24,0,1,1
BRDA:35,1,0,1
BRDA:35,1,1,1
BRDA:46,2,0,1
BRDA:46,2,1,1
BRDA:101,3,0,1
BRDA:101,3,1,2
BRDA:101,4,0,3
BRDA:101,4,1,3
BRF:10
BRH:10
end_of_record
TN:
SF:controllers\userDocument.controller.js
FN:3,(anonymous_0)
FN:12,(anonymous_1)
FN:21,(anonymous_2)
FN:30,(anonymous_3)
FN:39,(anonymous_4)
FN:48,(anonymous_5)
FNF:6
FNH:6
FNDA:2,(anonymous_0)
FNDA:2,(anonymous_1)
FNDA:2,(anonymous_2)
FNDA:2,(anonymous_3)
FNDA:2,(anonymous_4)
FNDA:2,(anonymous_5)
DA:3,2
DA:4,2
DA:5,2
DA:6,1
DA:8,1
DA:12,2
DA:13,2
DA:14,2
DA:15,1
DA:17,1
DA:21,2
DA:22,2
DA:23,2
DA:24,1
DA:26,1
DA:30,2
DA:31,2
DA:32,2
DA:33,1
DA:35,1
DA:39,2
DA:40,2
DA:41,2
DA:42,1
DA:44,1
DA:48,2
DA:49,2
DA:50,2
DA:51,1
DA:53,1
LF:30
LH:30
BRF:0
BRH:0
end_of_record
TN:
SF:routes\auth.routes.js
FNF:0
FNH:0
DA:8,1
DA:10,1
DA:217,1
DA:218,1
DA:219,1
DA:220,1
DA:221,1
DA:222,1
DA:223,1
LF:9
LH:9
BRF:0
BRH:0
end_of_record
TN:
SF:routes\availability.routes.js
FNF:0
FNH:0
DA:13,1
DA:142,1
DA:170,1
DA:196,1
DA:233,1
DA:258,1
DA:292,1
LF:7
LH:7
BRF:0
BRH:0
end_of_record
TN:
SF:routes\boat.routes.js
FNF:0
FNH:0
DA:12,1
DA:169,1
DA:197,1
DA:223,1
DA:262,1
DA:295,1
DA:320,1
DA:338,1
DA:356,1
DA:374,1
DA:392,1
DA:393,1
LF:12
LH:12
BRF:0
BRH:0
end_of_record
TN:
SF:routes\boatEquipment.routes.js
FNF:0
FNH:0
DA:12,1
DA:127,1
DA:152,1
DA:176,1
DA:212,1
DA:245,1
DA:278,1
LF:7
LH:7
BRF:0
BRH:0
end_of_record
TN:
SF:routes\boatPhoto.routes.js
FNF:0
FNH:0
DA:12,1
DA:31,1
DA:60,1
DA:81,1
DA:123,1
DA:159,1
DA:187,1
LF:7
LH:7
BRF:0
BRH:0
end_of_record
TN:
SF:routes\boatType.routes.js
FNF:0
FNH:0
DA:11,1
DA:30,1
DA:60,1
DA:88,1
DA:138,1
DA:167,1
LF:6
LH:6
BRF:0
BRH:0
end_of_record
TN:
SF:routes\contact.routes.js
FNF:0
FNH:0
DA:6,1
DA:48,1
LF:2
LH:2
BRF:0
BRH:0
end_of_record
TN:
SF:routes\contract.routes.js
FNF:0
FNH:0
DA:12,1
DA:38,1
DA:71,1
DA:96,1
DA:134,1
DA:159,1
DA:184,1
LF:7
LH:7
BRF:0
BRH:0
end_of_record
TN:
SF:routes\message.routes.js
FNF:0
FNH:0
DA:12,1
DA:36,1
DA:75,1
DA:101,1
DA:137,1
DA:163,1
DA:187,1
DA:213,1
LF:8
LH:8
BRF:0
BRH:0
end_of_record
TN:
SF:routes\payment.routes.js
FNF:0
FNH:0
DA:12,1
DA:36,1
DA:78,1
DA:104,1
DA:141,1
DA:169,1
DA:195,1
LF:7
LH:7
BRF:0
BRH:0
end_of_record
TN:
SF:routes\port.routes.js
FNF:0
FNH:0
DA:11,1
DA:30,1
DA:79,1
DA:107,1
DA:150,1
DA:186,1
LF:6
LH:6
BRF:0
BRH:0
end_of_record
TN:
SF:routes\reservation.routes.js
FNF:0
FNH:0
DA:13,1
DA:37,1
DA:69,1
DA:95,1
DA:132,1
DA:158,1
DA:182,1
DA:208,1
LF:8
LH:8
BRF:0
BRH:0
end_of_record
TN:
SF:routes\review.routes.js
FNF:0
FNH:0
DA:13,1
DA:37,1
DA:75,1
DA:101,1
DA:137,1
DA:163,1
DA:189,1
DA:213,1
LF:8
LH:8
BRF:0
BRH:0
end_of_record
TN:
SF:routes\routes.js
FN:37,(anonymous_0)
FNF:1
FNH:1
FNDA:1,(anonymous_0)
DA:19,1
DA:21,1
DA:22,1
DA:23,1
DA:24,1
DA:25,1
DA:26,1
DA:27,1
DA:28,1
DA:29,1
DA:30,1
DA:31,1
DA:32,1
DA:33,1
DA:34,1
DA:35,1
DA:37,1
DA:38,1
LF:18
LH:18
BRF:0
BRH:0
end_of_record
TN:
SF:routes\user.routes.js
FNF:0
FNH:0
DA:10,1
DA:29,1
DA:63,1
DA:84,1
DA:124,1
DA:145,1
DA:176,1
DA:197,1
DA:218,1
DA:239,1
DA:260,1
DA:281,1
LF:12
LH:12
BRF:0
BRH:0
end_of_record
TN:
SF:routes\userDocument.routes.js
FNF:0
FNH:0
DA:12,1
DA:36,1
DA:74,1
DA:100,1
DA:139,1
DA:165,1
DA:191,1
LF:7
LH:7
BRF:0
BRH:0
end_of_record
TN:
SF:services\auth.services.js
FN:16,(anonymous_0)
FN:19,(anonymous_1)
FN:21,(anonymous_2)
FN:31,(anonymous_3)
FN:44,(anonymous_4)
FN:58,(anonymous_5)
FN:68,(anonymous_6)
FN:80,(anonymous_7)
FN:91,(anonymous_8)
FNF:9
FNH:7
FNDA:0,(anonymous_0)
FNDA:3,(anonymous_1)
FNDA:2,(anonymous_2)
FNDA:0,(anonymous_3)
FNDA:1,(anonymous_4)
FNDA:1,(anonymous_5)
FNDA:1,(anonymous_6)
FNDA:2,(anonymous_7)
FNDA:1,(anonymous_8)
DA:10,3
DA:12,3
DA:13,3
DA:14,3
DA:16,3
DA:17,0
DA:19,3
DA:21,3
DA:22,2
DA:23,2
DA:24,2
DA:27,0
DA:28,0
DA:31,3
DA:32,0
DA:37,0
DA:38,0
DA:40,0
DA:41,0
DA:44,3
DA:45,1
DA:46,1
DA:47,0
DA:48,0
DA:51,0
DA:52,0
DA:54,1
DA:58,3
DA:59,1
DA:60,1
DA:62,0
DA:63,0
DA:65,0
DA:68,3
DA:69,1
DA:70,1
DA:71,0
DA:72,0
DA:74,0
DA:76,1
DA:80,3
DA:81,2
DA:82,2
DA:83,1
DA:86,1
DA:87,1
DA:88,1
DA:91,3
DA:92,1
DA:93,1
DA:94,0
DA:95,0
DA:97,0
DA:98,0
DA:99,0
DA:101,1
LF:56
LH:33
BRDA:16,0,0,0
BRDA:23,1,0,2
BRDA:23,1,1,0
BRDA:23,2,0,2
BRDA:23,2,1,1
BRDA:34,3,0,0
BRDA:34,3,1,0
BRDA:48,4,0,0
BRDA:48,4,1,0
BRDA:60,5,0,1
BRDA:60,5,1,0
BRDA:72,6,0,0
BRDA:72,6,1,0
BRDA:82,7,0,1
BRDA:82,7,1,1
BRDA:82,8,0,2
BRDA:82,8,1,1
BRDA:95,9,0,0
BRDA:95,9,1,0
BRF:19
BRH:8
end_of_record
TN:
SF:services\availability.services.js
FN:4,(anonymous_0)
FN:8,(anonymous_1)
FN:12,(anonymous_2)
FN:16,(anonymous_3)
FN:22,(anonymous_4)
FN:29,(anonymous_5)
FNF:6
FNH:6
FNDA:1,(anonymous_0)
FNDA:1,(anonymous_1)
FNDA:2,(anonymous_2)
FNDA:2,(anonymous_3)
FNDA:2,(anonymous_4)
FNDA:2,(anonymous_5)
DA:2,3
DA:4,3
DA:5,1
DA:8,3
DA:9,1
DA:12,3
DA:13,2
DA:16,3
DA:17,2
DA:18,2
DA:19,1
DA:22,3
DA:23,2
DA:24,2
DA:25,1
DA:26,1
DA:29,3
DA:30,2
LF:18
LH:18
BRDA:18,0,0,1
BRDA:18,0,1,1
BRDA:24,1,0,1
BRDA:24,1,1,1
BRF:4
BRH:4
end_of_record
TN:
SF:services\boat.services.js
FN:5,(anonymous_0)
FN:11,(anonymous_1)
FN:15,(anonymous_2)
FN:21,(anonymous_3)
FN:41,(anonymous_4)
FN:47,(anonymous_5)
FN:54,(anonymous_6)
FN:60,(anonymous_7)
FN:66,(anonymous_8)
FN:72,(anonymous_9)
FN:79,(anonymous_10)
FN:86,(anonymous_11)
FNF:12
FNH:12
FNDA:1,(anonymous_0)
FNDA:1,(anonymous_1)
FNDA:2,(anonymous_2)
FNDA:1,(anonymous_3)
FNDA:2,(anonymous_4)
FNDA:2,(anonymous_5)
FNDA:1,(anonymous_6)
FNDA:1,(anonymous_7)
FNDA:1,(anonymous_8)
FNDA:1,(anonymous_9)
FNDA:1,(anonymous_10)
FNDA:2,(anonymous_11)
DA:3,3
DA:5,3
DA:6,1
DA:11,3
DA:12,1
DA:15,3
DA:16,2
DA:21,3
DA:22,1
DA:41,3
DA:42,2
DA:43,2
DA:44,1
DA:47,3
DA:48,2
DA:49,2
DA:50,1
DA:51,1
DA:54,3
DA:55,1
DA:60,3
DA:61,1
DA:66,3
DA:67,1
DA:72,3
DA:73,1
DA:79,3
DA:80,1
DA:86,3
DA:98,2
DA:100,2
DA:102,2
DA:103,1
DA:107,2
DA:108,2
DA:109,1
DA:116,2
DA:119,2
DA:122,2
DA:126,2
DA:138,2
DA:144,2
DA:153,2
LF:43
LH:43
BRDA:43,0,0,1
BRDA:43,0,1,1
BRDA:49,1,0,1
BRDA:49,1,1,1
BRDA:95,2,0,0
BRDA:96,3,0,0
BRDA:102,4,0,1
BRDA:102,4,1,1
BRDA:107,5,0,1
BRDA:107,5,1,1
BRDA:108,6,0,1
BRDA:108,6,1,1
BRDA:116,7,0,1
BRDA:116,7,1,1
BRDA:119,8,0,2
BRDA:119,8,1,0
BRDA:122,9,0,2
BRDA:122,9,1,0
BRDA:122,10,0,2
BRDA:122,10,1,2
BRDA:126,11,0,1
BRDA:126,11,1,1
BRDA:126,12,0,2
BRDA:126,12,1,1
BRDA:141,13,0,1
BRDA:141,13,1,1
BRF:26
BRH:22
end_of_record
TN:
SF:services\boatEquipment.services.js
FN:4,(anonymous_0)
FN:10,(anonymous_1)
FN:14,(anonymous_2)
FN:20,(anonymous_3)
FN:26,(anonymous_4)
FN:33,(anonymous_5)
FNF:6
FNH:6
FNDA:1,(anonymous_0)
FNDA:1,(anonymous_1)
FNDA:2,(anonymous_2)
FNDA:2,(anonymous_3)
FNDA:2,(anonymous_4)
FNDA:2,(anonymous_5)
DA:2,3
DA:4,3
DA:5,1
DA:10,3
DA:11,1
DA:14,3
DA:15,2
DA:20,3
DA:21,2
DA:22,2
DA:23,1
DA:26,3
DA:27,2
DA:28,2
DA:29,1
DA:30,1
DA:33,3
DA:34,2
LF:18
LH:18
BRDA:22,0,0,1
BRDA:22,0,1,1
BRDA:28,1,0,1
BRDA:28,1,1,1
BRF:4
BRH:4
end_of_record
TN:
SF:services\boatPhoto.services.js
FN:6,(anonymous_0)
FN:12,(anonymous_1)
FN:26,(anonymous_2)
FN:56,(anonymous_3)
FN:62,(anonymous_4)
FN:68,(anonymous_5)
FN:75,(anonymous_6)
FNF:7
FNH:0
FNDA:0,(anonymous_0)
FNDA:0,(anonymous_1)
FNDA:0,(anonymous_2)
FNDA:0,(anonymous_3)
FNDA:0,(anonymous_4)
FNDA:0,(anonymous_5)
FNDA:0,(anonymous_6)
DA:2,3
DA:6,3
DA:7,0
DA:12,3
DA:14,0
DA:16,0
DA:17,0
DA:22,0
DA:24,0
DA:25,0
DA:27,0
DA:36,0
DA:47,0
DA:48,0
DA:50,0
DA:51,0
DA:56,3
DA:57,0
DA:62,3
DA:63,0
DA:64,0
DA:65,0
DA:68,3
DA:69,0
DA:70,0
DA:71,0
DA:72,0
DA:75,3
DA:76,0
LF:29
LH:7
BRDA:12,0,0,0
BRDA:14,1,0,0
BRDA:14,1,1,0
BRDA:16,2,0,0
BRDA:16,2,1,0
BRDA:16,3,0,0
BRDA:16,3,1,0
BRDA:64,4,0,0
BRDA:64,4,1,0
BRDA:70,5,0,0
BRDA:70,5,1,0
BRF:11
BRH:0
end_of_record
TN:
SF:services\boatType.services.js
FN:4,(anonymous_0)
FN:8,(anonymous_1)
FN:12,(anonymous_2)
FN:16,(anonymous_3)
FN:22,(anonymous_4)
FNF:5
FNH:5
FNDA:1,(anonymous_0)
FNDA:1,(anonymous_1)
FNDA:2,(anonymous_2)
FNDA:2,(anonymous_3)
FNDA:2,(anonymous_4)
DA:2,3
DA:4,3
DA:5,1
DA:8,3
DA:9,1
DA:12,3
DA:13,2
DA:16,3
DA:17,2
DA:18,2
DA:19,1
DA:22,3
DA:23,2
DA:24,2
DA:25,1
DA:26,1
LF:16
LH:16
BRDA:18,0,0,1
BRDA:18,0,1,1
BRDA:24,1,0,1
BRDA:24,1,1,1
BRF:4
BRH:4
end_of_record
TN:
SF:services\contact.services.js
FN:3,(anonymous_0)
FNF:1
FNH:0
FNDA:0,(anonymous_0)
DA:3,3
DA:4,0
DA:5,0
DA:6,0
DA:7,0
DA:9,0
LF:6
LH:1
BRF:0
BRH:0
end_of_record
TN:
SF:services\contract.services.js
FN:4,(anonymous_0)
FN:10,(anonymous_1)
FN:14,(anonymous_2)
FN:20,(anonymous_3)
FN:26,(anonymous_4)
FN:33,(anonymous_5)
FNF:6
FNH:6
FNDA:1,(anonymous_0)
FNDA:1,(anonymous_1)
FNDA:2,(anonymous_2)
FNDA:2,(anonymous_3)
FNDA:2,(anonymous_4)
FNDA:2,(anonymous_5)
DA:2,3
DA:4,3
DA:5,1
DA:10,3
DA:11,1
DA:14,3
DA:15,2
DA:20,3
DA:21,2
DA:22,2
DA:23,1
DA:26,3
DA:27,2
DA:28,2
DA:29,1
DA:30,1
DA:33,3
DA:34,2
LF:18
LH:18
BRDA:22,0,0,1
BRDA:22,0,1,1
BRDA:28,1,0,1
BRDA:28,1,1,1
BRF:4
BRH:4
end_of_record
TN:
SF:services\message.services.js
FN:4,(anonymous_0)
FN:14,(anonymous_1)
FN:18,(anonymous_2)
FN:24,(anonymous_3)
FN:30,(anonymous_4)
FN:37,(anonymous_5)
FN:44,(anonymous_6)
FNF:7
FNH:0
FNDA:0,(anonymous_0)
FNDA:0,(anonymous_1)
FNDA:0,(anonymous_2)
FNDA:0,(anonymous_3)
FNDA:0,(anonymous_4)
FNDA:0,(anonymous_5)
FNDA:0,(anonymous_6)
DA:2,2
DA:4,2
DA:5,0
DA:14,2
DA:15,0
DA:18,2
DA:19,0
DA:24,2
DA:25,0
DA:26,0
DA:27,0
DA:30,2
DA:31,0
DA:32,0
DA:33,0
DA:34,0
DA:37,2
DA:38,0
DA:44,2
DA:45,0
LF:20
LH:8
BRDA:26,0,0,0
BRDA:26,0,1,0
BRDA:32,1,0,0
BRDA:32,1,1,0
BRF:4
BRH:0
end_of_record
TN:
SF:services\payment.services.js
FN:4,(anonymous_0)
FN:10,(anonymous_1)
FN:14,(anonymous_2)
FN:20,(anonymous_3)
FN:26,(anonymous_4)
FN:33,(anonymous_5)
FNF:6
FNH:6
FNDA:1,(anonymous_0)
FNDA:1,(anonymous_1)
FNDA:2,(anonymous_2)
FNDA:2,(anonymous_3)
FNDA:2,(anonymous_4)
FNDA:2,(anonymous_5)
DA:2,3
DA:4,3
DA:5,1
DA:10,3
DA:11,1
DA:14,3
DA:15,2
DA:20,3
DA:21,2
DA:22,2
DA:23,1
DA:26,3
DA:27,2
DA:28,2
DA:29,1
DA:30,1
DA:33,3
DA:34,2
LF:18
LH:18
BRDA:22,0,0,1
BRDA:22,0,1,1
BRDA:28,1,0,1
BRDA:28,1,1,1
BRF:4
BRH:4
end_of_record
TN:
SF:services\port.services.js
FN:4,(anonymous_0)
FN:10,(anonymous_1)
FN:14,(anonymous_2)
FN:20,(anonymous_3)
FN:26,(anonymous_4)
FNF:5
FNH:5
FNDA:1,(anonymous_0)
FNDA:1,(anonymous_1)
FNDA:2,(anonymous_2)
FNDA:2,(anonymous_3)
FNDA:2,(anonymous_4)
DA:2,3
DA:4,3
DA:5,1
DA:10,3
DA:11,1
DA:14,3
DA:15,2
DA:20,3
DA:21,2
DA:22,2
DA:23,1
DA:26,3
DA:27,2
DA:28,2
DA:29,1
DA:30,1
LF:16
LH:16
BRDA:22,0,0,1
BRDA:22,0,1,1
BRDA:28,1,0,1
BRDA:28,1,1,1
BRF:4
BRH:4
end_of_record
TN:
SF:services\reservation.services.js
FN:4,(anonymous_0)
FN:10,(anonymous_1)
FN:14,(anonymous_2)
FN:20,(anonymous_3)
FN:26,(anonymous_4)
FN:33,(anonymous_5)
FN:40,(anonymous_6)
FNF:7
FNH:7
FNDA:1,(anonymous_0)
FNDA:1,(anonymous_1)
FNDA:2,(anonymous_2)
FNDA:2,(anonymous_3)
FNDA:2,(anonymous_4)
FNDA:2,(anonymous_5)
FNDA:2,(anonymous_6)
DA:2,3
DA:4,3
DA:5,1
DA:10,3
DA:11,1
DA:14,3
DA:15,2
DA:20,3
DA:21,2
DA:22,2
DA:23,1
DA:26,3
DA:27,2
DA:28,2
DA:29,1
DA:30,1
DA:33,3
DA:34,2
DA:40,3
DA:41,2
LF:20
LH:20
BRDA:22,0,0,1
BRDA:22,0,1,1
BRDA:28,1,0,1
BRDA:28,1,1,1
BRF:4
BRH:4
end_of_record
TN:
SF:services\review.services.js
FN:4,(anonymous_0)
FN:10,(anonymous_1)
FN:14,(anonymous_2)
FN:20,(anonymous_3)
FN:26,(anonymous_4)
FN:33,(anonymous_5)
FN:40,(anonymous_6)
FNF:7
FNH:7
FNDA:1,(anonymous_0)
FNDA:1,(anonymous_1)
FNDA:2,(anonymous_2)
FNDA:2,(anonymous_3)
FNDA:2,(anonymous_4)
FNDA:2,(anonymous_5)
FNDA:2,(anonymous_6)
DA:2,3
DA:4,3
DA:5,1
DA:10,3
DA:11,1
DA:14,3
DA:15,2
DA:20,3
DA:21,2
DA:22,2
DA:23,1
DA:26,3
DA:27,2
DA:28,2
DA:29,1
DA:30,1
DA:33,3
DA:34,2
DA:40,3
DA:41,2
LF:20
LH:20
BRDA:22,0,0,1
BRDA:22,0,1,1
BRDA:28,1,0,1
BRDA:28,1,1,1
BRF:4
BRH:4
end_of_record
TN:
SF:services\user.services.js
FN:7,(anonymous_0)
FN:11,(anonymous_1)
FN:15,(anonymous_2)
FN:19,(anonymous_3)
FN:25,(anonymous_4)
FN:32,(anonymous_5)
FN:39,(anonymous_6)
FN:46,(anonymous_7)
FN:53,(anonymous_8)
FN:60,(anonymous_9)
FN:67,(anonymous_10)
FNF:11
FNH:11
FNDA:1,(anonymous_0)
FNDA:1,(anonymous_1)
FNDA:2,(anonymous_2)
FNDA:2,(anonymous_3)
FNDA:2,(anonymous_4)
FNDA:2,(anonymous_5)
FNDA:2,(anonymous_6)
FNDA:2,(anonymous_7)
FNDA:2,(anonymous_8)
FNDA:2,(anonymous_9)
FNDA:3,(anonymous_10)
DA:2,3
DA:7,3
DA:8,1
DA:11,3
DA:12,1
DA:15,3
DA:16,2
DA:19,3
DA:20,2
DA:21,2
DA:22,1
DA:25,3
DA:26,2
DA:27,2
DA:28,1
DA:29,1
DA:32,3
DA:33,2
DA:36,2
DA:39,3
DA:40,2
DA:43,2
DA:46,3
DA:47,2
DA:50,2
DA:53,3
DA:54,2
DA:57,2
DA:60,3
DA:61,2
DA:64,2
DA:67,3
DA:69,3
DA:70,3
DA:72,2
DA:73,1
DA:75,1
DA:78,2
DA:87,2
DA:89,2
LF:40
LH:40
BRDA:21,0,0,1
BRDA:21,0,1,1
BRDA:27,1,0,1
BRDA:27,1,1,1
BRDA:36,2,0,1
BRDA:36,2,1,1
BRDA:43,3,0,1
BRDA:43,3,1,1
BRDA:50,4,0,1
BRDA:50,4,1,1
BRDA:57,5,0,1
BRDA:57,5,1,1
BRDA:64,6,0,1
BRDA:64,6,1,1
BRDA:70,7,0,1
BRDA:70,7,1,2
BRDA:72,8,0,1
BRDA:72,8,1,1
BRDA:72,9,0,2
BRDA:72,9,1,2
BRDA:75,10,0,1
BRDA:75,10,1,0
BRF:22
BRH:21
end_of_record
TN:
SF:services\userDocument.services.js
FN:4,(anonymous_0)
FN:10,(anonymous_1)
FN:14,(anonymous_2)
FN:20,(anonymous_3)
FN:26,(anonymous_4)
FN:33,(anonymous_5)
FNF:6
FNH:6
FNDA:1,(anonymous_0)
FNDA:1,(anonymous_1)
FNDA:2,(anonymous_2)
FNDA:2,(anonymous_3)
FNDA:2,(anonymous_4)
FNDA:2,(anonymous_5)
DA:2,3
DA:4,3
DA:5,1
DA:10,3
DA:11,1
DA:14,3
DA:15,2
DA:20,3
DA:21,2
DA:22,2
DA:23,1
DA:26,3
DA:27,2
DA:28,2
DA:29,1
DA:30,1
DA:33,3
DA:34,2
LF:18
LH:18
BRDA:22,0,0,1
BRDA:22,0,1,1
BRDA:28,1,0,1
BRDA:28,1,1,1
BRF:4
BRH:4
end_of_record
