TN:
SF:controllers\auth.controller.js
FN:4,(anonymous_0)
FN:13,(anonymous_1)
FN:22,(anonymous_2)
FN:31,(anonymous_3)
FN:35,(anonymous_4)
FN:44,(anonymous_5)
FN:53,(anonymous_6)
FN:63,(anonymous_7)
FNF:8
FNH:8
FNDA:2,(anonymous_0)
FNDA:2,(anonymous_1)
FNDA:2,(anonymous_2)
FNDA:1,(anonymous_3)
FNDA:2,(anonymous_4)
FNDA:2,(anonymous_5)
FNDA:2,(anonymous_6)
FNDA:2,(anonymous_7)
DA:4,1
DA:5,2
DA:6,2
DA:7,1
DA:9,1
DA:13,1
DA:14,2
DA:15,2
DA:16,1
DA:18,1
DA:22,1
DA:23,2
DA:24,2
DA:25,1
DA:27,1
DA:31,1
DA:32,1
DA:35,1
DA:36,2
DA:37,2
DA:38,1
DA:40,1
DA:44,1
DA:45,2
DA:46,2
DA:47,1
DA:49,1
DA:53,1
DA:54,2
DA:55,2
DA:56,2
DA:57,1
DA:59,1
DA:63,1
DA:64,2
DA:65,2
DA:66,2
DA:67,1
DA:69,1
LF:39
LH:39
BRF:0
BRH:0
end_of_record
TN:
SF:controllers\availability.controller.js
FN:3,(anonymous_0)
FN:12,(anonymous_1)
FN:23,(anonymous_2)
FN:32,(anonymous_3)
FN:41,(anonymous_4)
FN:50,(anonymous_5)
FNF:6
FNH:6
FNDA:2,(anonymous_0)
FNDA:2,(anonymous_1)
FNDA:2,(anonymous_2)
FNDA:2,(anonymous_3)
FNDA:2,(anonymous_4)
FNDA:2,(anonymous_5)
DA:3,1
DA:4,2
DA:5,2
DA:6,1
DA:8,1
DA:12,1
DA:13,2
DA:14,2
DA:16,2
DA:17,1
DA:19,1
DA:23,1
DA:24,2
DA:25,2
DA:26,1
DA:28,1
DA:32,1
DA:33,2
DA:34,2
DA:35,1
DA:37,1
DA:41,1
DA:42,2
DA:43,2
DA:44,1
DA:46,1
DA:50,1
DA:51,2
DA:52,2
DA:53,1
DA:55,1
LF:31
LH:31
BRF:0
BRH:0
end_of_record
TN:
SF:controllers\boat.controller.js
FN:5,(anonymous_0)
FN:14,(anonymous_1)
FN:32,(anonymous_2)
FN:58,(anonymous_3)
FN:67,(anonymous_4)
FN:78,(anonymous_5)
FN:87,(anonymous_6)
FN:96,(anonymous_7)
FN:107,(anonymous_8)
FN:116,(anonymous_9)
FN:125,(anonymous_10)
FN:134,(anonymous_11)
FN:143,(anonymous_12)
FNF:13
FNH:12
FNDA:2,(anonymous_0)
FNDA:2,(anonymous_1)
FNDA:0,(anonymous_2)
FNDA:2,(anonymous_3)
FNDA:3,(anonymous_4)
FNDA:2,(anonymous_5)
FNDA:2,(anonymous_6)
FNDA:2,(anonymous_7)
FNDA:2,(anonymous_8)
FNDA:2,(anonymous_9)
FNDA:2,(anonymous_10)
FNDA:2,(anonymous_11)
FNDA:2,(anonymous_12)
DA:5,1
DA:6,2
DA:7,2
DA:8,1
DA:10,1
DA:14,1
DA:15,2
DA:17,2
DA:18,2
DA:19,0
DA:20,0
DA:22,0
DA:25,2
DA:29,0
DA:32,0
DA:33,0
DA:34,0
DA:35,0
DA:39,0
DA:40,0
DA:42,0
DA:43,0
DA:47,0
DA:52,0
DA:54,0
DA:58,1
DA:59,2
DA:60,2
DA:61,1
DA:63,1
DA:67,1
DA:68,3
DA:69,3
DA:70,3
DA:71,2
DA:72,1
DA:74,1
DA:78,1
DA:79,2
DA:80,2
DA:81,1
DA:83,1
DA:87,1
DA:88,2
DA:89,2
DA:90,1
DA:92,1
DA:96,1
DA:97,2
DA:98,2
DA:100,2
DA:101,1
DA:103,1
DA:107,1
DA:108,2
DA:109,2
DA:110,1
DA:112,1
DA:116,1
DA:117,2
DA:118,2
DA:119,1
DA:121,1
DA:125,1
DA:126,2
DA:127,2
DA:128,1
DA:130,1
DA:134,1
DA:135,2
DA:136,2
DA:137,1
DA:139,1
DA:143,1
DA:144,2
DA:145,2
DA:146,1
DA:148,1
LF:78
LH:63
BRDA:18,0,0,0
BRDA:18,0,1,2
BRDA:34,1,0,0
BRDA:34,1,1,0
BRDA:42,2,0,0
BRDA:42,2,1,0
BRDA:42,3,0,0
BRDA:42,3,1,0
BRDA:71,4,0,1
BRDA:71,4,1,1
BRF:10
BRH:3
end_of_record
TN:
SF:controllers\boatEquipment.controller.js
FN:3,(anonymous_0)
FN:12,(anonymous_1)
FN:21,(anonymous_2)
FN:30,(anonymous_3)
FN:39,(anonymous_4)
FN:48,(anonymous_5)
FN:57,(anonymous_6)
FNF:7
FNH:6
FNDA:2,(anonymous_0)
FNDA:2,(anonymous_1)
FNDA:2,(anonymous_2)
FNDA:2,(anonymous_3)
FNDA:2,(anonymous_4)
FNDA:2,(anonymous_5)
FNDA:0,(anonymous_6)
DA:3,1
DA:4,2
DA:5,2
DA:6,1
DA:8,1
DA:12,1
DA:13,2
DA:14,2
DA:15,1
DA:17,1
DA:21,1
DA:22,2
DA:23,2
DA:24,1
DA:26,1
DA:30,1
DA:31,2
DA:32,2
DA:33,1
DA:35,1
DA:39,1
DA:40,2
DA:41,2
DA:42,1
DA:44,1
DA:48,1
DA:49,2
DA:50,2
DA:51,1
DA:53,1
DA:57,1
DA:58,0
DA:60,0
DA:61,0
DA:62,0
DA:63,0
DA:65,0
DA:66,0
LF:38
LH:31
BRF:0
BRH:0
end_of_record
TN:
SF:controllers\boatPhoto.controller.js
FN:3,(anonymous_0)
FN:12,(anonymous_1)
FN:31,(anonymous_2)
FN:40,(anonymous_3)
FN:64,(anonymous_4)
FN:73,(anonymous_5)
FN:82,(anonymous_6)
FN:100,(anonymous_7)
FNF:8
FNH:6
FNDA:2,(anonymous_0)
FNDA:4,(anonymous_1)
FNDA:2,(anonymous_2)
FNDA:2,(anonymous_3)
FNDA:2,(anonymous_4)
FNDA:2,(anonymous_5)
FNDA:0,(anonymous_6)
FNDA:0,(anonymous_7)
DA:3,1
DA:4,2
DA:5,2
DA:6,1
DA:8,1
DA:12,1
DA:13,4
DA:14,4
DA:16,4
DA:20,4
DA:25,2
DA:27,2
DA:31,1
DA:32,2
DA:33,2
DA:34,1
DA:36,1
DA:40,1
DA:41,2
DA:42,2
DA:43,2
DA:46,2
DA:48,2
DA:54,1
DA:55,0
DA:58,1
DA:60,1
DA:64,1
DA:65,2
DA:66,2
DA:67,1
DA:69,1
DA:73,1
DA:74,2
DA:75,2
DA:76,1
DA:78,1
DA:82,1
DA:83,0
DA:84,0
DA:86,0
DA:90,0
DA:91,0
DA:94,0
DA:96,0
DA:100,1
DA:101,0
DA:102,0
DA:103,0
DA:105,0
DA:107,0
DA:109,0
DA:110,0
DA:112,0
LF:54
LH:38
BRDA:16,0,0,1
BRDA:16,0,1,3
BRDA:46,1,0,0
BRDA:46,1,1,2
BRDA:54,2,0,0
BRDA:54,2,1,1
BRDA:90,3,0,0
BRDA:90,3,1,0
BRDA:105,4,0,0
BRDA:105,4,1,0
BRDA:105,5,0,0
BRDA:105,5,1,0
BRDA:107,6,0,0
BRDA:107,6,1,0
BRF:14
BRH:4
end_of_record
TN:
SF:controllers\boatType.controller.js
FN:3,(anonymous_0)
FN:12,(anonymous_1)
FN:21,(anonymous_2)
FN:30,(anonymous_3)
FN:39,(anonymous_4)
FNF:5
FNH:5
FNDA:2,(anonymous_0)
FNDA:2,(anonymous_1)
FNDA:2,(anonymous_2)
FNDA:2,(anonymous_3)
FNDA:2,(anonymous_4)
DA:3,1
DA:4,2
DA:5,2
DA:6,1
DA:8,1
DA:12,1
DA:13,2
DA:14,2
DA:15,1
DA:17,1
DA:21,1
DA:22,2
DA:23,2
DA:24,1
DA:26,1
DA:30,1
DA:31,2
DA:32,2
DA:33,1
DA:35,1
DA:39,1
DA:40,2
DA:41,2
DA:42,1
DA:44,1
LF:25
LH:25
BRF:0
BRH:0
end_of_record
TN:
SF:controllers\contract.controller.js
FN:3,(anonymous_0)
FN:12,(anonymous_1)
FN:39,(anonymous_2)
FN:48,(anonymous_3)
FN:57,(anonymous_4)
FN:66,(anonymous_5)
FNF:6
FNH:6
FNDA:2,(anonymous_0)
FNDA:2,(anonymous_1)
FNDA:2,(anonymous_2)
FNDA:2,(anonymous_3)
FNDA:2,(anonymous_4)
FNDA:2,(anonymous_5)
DA:3,1
DA:4,2
DA:5,2
DA:6,1
DA:8,1
DA:12,1
DA:14,2
DA:16,2
DA:17,2
DA:18,0
DA:19,0
DA:21,0
DA:24,2
DA:27,0
DA:29,0
DA:30,0
DA:33,0
DA:35,0
DA:39,1
DA:40,2
DA:41,2
DA:42,1
DA:44,1
DA:48,1
DA:49,2
DA:50,2
DA:51,1
DA:53,1
DA:57,1
DA:58,2
DA:59,2
DA:60,1
DA:62,1
DA:66,1
DA:67,2
DA:68,2
DA:69,1
DA:71,1
LF:38
LH:30
BRDA:17,0,0,0
BRDA:17,0,1,2
BRF:2
BRH:1
end_of_record
TN:
SF:controllers\message.controller.js
FN:3,(anonymous_0)
FN:12,(anonymous_1)
FN:21,(anonymous_2)
FN:30,(anonymous_3)
FN:39,(anonymous_4)
FN:48,(anonymous_5)
FN:57,(anonymous_6)
FNF:7
FNH:7
FNDA:2,(anonymous_0)
FNDA:2,(anonymous_1)
FNDA:2,(anonymous_2)
FNDA:2,(anonymous_3)
FNDA:2,(anonymous_4)
FNDA:2,(anonymous_5)
FNDA:2,(anonymous_6)
DA:3,1
DA:4,2
DA:5,2
DA:6,1
DA:8,1
DA:12,1
DA:13,2
DA:14,2
DA:15,1
DA:17,1
DA:21,1
DA:22,2
DA:23,2
DA:24,1
DA:26,1
DA:30,1
DA:31,2
DA:32,2
DA:33,1
DA:35,1
DA:39,1
DA:40,2
DA:41,2
DA:42,1
DA:44,1
DA:48,1
DA:49,2
DA:50,2
DA:51,1
DA:53,1
DA:57,1
DA:58,2
DA:59,2
DA:60,1
DA:62,1
LF:35
LH:35
BRF:0
BRH:0
end_of_record
TN:
SF:controllers\payment.controller.js
FN:3,(anonymous_0)
FN:12,(anonymous_1)
FN:21,(anonymous_2)
FN:30,(anonymous_3)
FN:39,(anonymous_4)
FN:48,(anonymous_5)
FN:57,(anonymous_6)
FNF:7
FNH:0
FNDA:0,(anonymous_0)
FNDA:0,(anonymous_1)
FNDA:0,(anonymous_2)
FNDA:0,(anonymous_3)
FNDA:0,(anonymous_4)
FNDA:0,(anonymous_5)
FNDA:0,(anonymous_6)
DA:3,0
DA:4,0
DA:5,0
DA:6,0
DA:8,0
DA:12,0
DA:13,0
DA:14,0
DA:15,0
DA:17,0
DA:21,0
DA:22,0
DA:23,0
DA:24,0
DA:26,0
DA:30,0
DA:31,0
DA:32,0
DA:33,0
DA:35,0
DA:39,0
DA:40,0
DA:41,0
DA:42,0
DA:44,0
DA:48,0
DA:49,0
DA:50,0
DA:51,0
DA:53,0
DA:57,0
DA:58,0
DA:59,0
DA:60,0
DA:61,0
DA:63,0
LF:36
LH:0
BRF:0
BRH:0
end_of_record
TN:
SF:controllers\port.controller.js
FN:3,(anonymous_0)
FN:12,(anonymous_1)
FN:21,(anonymous_2)
FN:30,(anonymous_3)
FN:39,(anonymous_4)
FNF:5
FNH:5
FNDA:2,(anonymous_0)
FNDA:2,(anonymous_1)
FNDA:2,(anonymous_2)
FNDA:2,(anonymous_3)
FNDA:2,(anonymous_4)
DA:3,1
DA:4,2
DA:5,2
DA:6,1
DA:8,1
DA:12,1
DA:13,2
DA:14,2
DA:15,1
DA:17,1
DA:21,1
DA:22,2
DA:23,2
DA:24,1
DA:26,1
DA:30,1
DA:31,2
DA:32,2
DA:33,1
DA:35,1
DA:39,1
DA:40,2
DA:41,2
DA:42,1
DA:44,1
LF:25
LH:25
BRF:0
BRH:0
end_of_record
TN:
SF:controllers\reservation.controller.js
FN:3,(anonymous_0)
FN:12,(anonymous_1)
FN:21,(anonymous_2)
FN:30,(anonymous_3)
FN:39,(anonymous_4)
FN:48,(anonymous_5)
FN:57,(anonymous_6)
FN:66,(anonymous_7)
FNF:8
FNH:7
FNDA:2,(anonymous_0)
FNDA:2,(anonymous_1)
FNDA:2,(anonymous_2)
FNDA:0,(anonymous_3)
FNDA:2,(anonymous_4)
FNDA:2,(anonymous_5)
FNDA:2,(anonymous_6)
FNDA:2,(anonymous_7)
DA:3,1
DA:4,2
DA:5,2
DA:6,1
DA:8,1
DA:12,1
DA:13,2
DA:14,2
DA:15,1
DA:17,1
DA:21,1
DA:22,2
DA:23,2
DA:24,1
DA:26,1
DA:30,1
DA:31,0
DA:32,0
DA:33,0
DA:35,0
DA:39,1
DA:40,2
DA:41,2
DA:42,1
DA:44,1
DA:48,1
DA:49,2
DA:50,2
DA:51,1
DA:53,1
DA:57,1
DA:58,2
DA:59,2
DA:60,1
DA:62,1
DA:66,1
DA:67,2
DA:68,2
DA:69,1
DA:71,1
LF:40
LH:36
BRF:0
BRH:0
end_of_record
TN:
SF:controllers\review.controller.js
FN:3,(anonymous_0)
FN:12,(anonymous_1)
FN:21,(anonymous_2)
FN:30,(anonymous_3)
FN:39,(anonymous_4)
FN:48,(anonymous_5)
FN:57,(anonymous_6)
FNF:7
FNH:7
FNDA:2,(anonymous_0)
FNDA:2,(anonymous_1)
FNDA:2,(anonymous_2)
FNDA:2,(anonymous_3)
FNDA:2,(anonymous_4)
FNDA:2,(anonymous_5)
FNDA:2,(anonymous_6)
DA:3,1
DA:4,2
DA:5,2
DA:6,1
DA:8,1
DA:12,1
DA:13,2
DA:14,2
DA:15,1
DA:17,1
DA:21,1
DA:22,2
DA:23,2
DA:24,1
DA:26,1
DA:30,1
DA:31,2
DA:32,2
DA:33,1
DA:35,1
DA:39,1
DA:40,2
DA:41,2
DA:42,1
DA:44,1
DA:48,1
DA:49,2
DA:50,2
DA:51,1
DA:53,1
DA:57,1
DA:58,2
DA:59,2
DA:60,1
DA:62,1
LF:35
LH:35
BRF:0
BRH:0
end_of_record
TN:
SF:controllers\user.controller.js
FN:3,(anonymous_0)
FN:12,(anonymous_1)
FN:21,(anonymous_2)
FN:32,(anonymous_3)
FN:43,(anonymous_4)
FN:54,(anonymous_5)
FN:63,(anonymous_6)
FN:72,(anonymous_7)
FN:81,(anonymous_8)
FN:90,(anonymous_9)
FN:99,(anonymous_10)
FNF:11
FNH:11
FNDA:2,(anonymous_0)
FNDA:2,(anonymous_1)
FNDA:3,(anonymous_2)
FNDA:3,(anonymous_3)
FNDA:3,(anonymous_4)
FNDA:2,(anonymous_5)
FNDA:2,(anonymous_6)
FNDA:2,(anonymous_7)
FNDA:2,(anonymous_8)
FNDA:2,(anonymous_9)
FNDA:3,(anonymous_10)
DA:3,1
DA:4,2
DA:5,2
DA:6,1
DA:8,1
DA:12,1
DA:13,2
DA:14,2
DA:15,1
DA:17,1
DA:21,1
DA:22,3
DA:23,3
DA:24,2
DA:25,1
DA:26,1
DA:28,1
DA:32,1
DA:33,3
DA:34,3
DA:35,2
DA:36,1
DA:37,1
DA:39,1
DA:43,1
DA:44,3
DA:45,3
DA:46,2
DA:47,1
DA:48,1
DA:50,1
DA:54,1
DA:55,2
DA:56,2
DA:57,1
DA:59,1
DA:63,1
DA:64,2
DA:65,2
DA:66,1
DA:68,1
DA:72,1
DA:73,2
DA:74,2
DA:75,1
DA:77,1
DA:81,1
DA:82,2
DA:83,2
DA:84,1
DA:86,1
DA:90,1
DA:91,2
DA:92,2
DA:93,1
DA:95,1
DA:99,1
DA:100,3
DA:101,3
DA:102,1
DA:104,2
DA:108,1
DA:110,1
LF:63
LH:63
BRDA:24,0,0,1
BRDA:24,0,1,1
BRDA:35,1,0,1
BRDA:35,1,1,1
BRDA:46,2,0,1
BRDA:46,2,1,1
BRDA:101,3,0,1
BRDA:101,3,1,2
BRDA:101,4,0,3
BRDA:101,4,1,3
BRF:10
BRH:10
end_of_record
TN:
SF:controllers\userDocument.controller.js
FN:3,(anonymous_0)
FN:12,(anonymous_1)
FN:31,(anonymous_2)
FN:40,(anonymous_3)
FN:64,(anonymous_4)
FN:73,(anonymous_5)
FN:83,(anonymous_6)
FN:105,(anonymous_7)
FN:126,(anonymous_8)
FN:142,(anonymous_9)
FNF:10
FNH:6
FNDA:2,(anonymous_0)
FNDA:2,(anonymous_1)
FNDA:2,(anonymous_2)
FNDA:2,(anonymous_3)
FNDA:2,(anonymous_4)
FNDA:2,(anonymous_5)
FNDA:0,(anonymous_6)
FNDA:0,(anonymous_7)
FNDA:0,(anonymous_8)
FNDA:0,(anonymous_9)
DA:3,1
DA:4,2
DA:5,2
DA:6,1
DA:8,1
DA:12,1
DA:13,2
DA:14,2
DA:16,2
DA:20,2
DA:25,1
DA:27,1
DA:31,1
DA:32,2
DA:33,2
DA:34,1
DA:36,1
DA:40,1
DA:41,2
DA:42,2
DA:43,2
DA:46,2
DA:48,2
DA:54,1
DA:55,0
DA:58,1
DA:60,1
DA:64,1
DA:65,2
DA:66,2
DA:67,1
DA:69,1
DA:73,1
DA:74,2
DA:75,2
DA:76,1
DA:78,1
DA:83,1
DA:84,0
DA:85,0
DA:86,0
DA:88,0
DA:94,0
DA:95,0
DA:98,0
DA:100,0
DA:105,1
DA:106,0
DA:107,0
DA:108,0
DA:110,0
DA:115,0
DA:116,0
DA:119,0
DA:121,0
DA:126,1
DA:127,0
DA:128,0
DA:130,0
DA:135,0
DA:137,0
DA:142,1
DA:143,0
DA:144,0
DA:145,0
DA:147,0
LF:66
LH:40
BRDA:16,0,0,0
BRDA:16,0,1,2
BRDA:46,1,0,0
BRDA:46,1,1,2
BRDA:54,2,0,0
BRDA:54,2,1,1
BRDA:94,3,0,0
BRDA:94,3,1,0
BRDA:115,4,0,0
BRDA:115,4,1,0
BRF:10
BRH:3
end_of_record
TN:
SF:routes\auth.routes.js
FNF:0
FNH:0
DA:8,0
DA:10,0
DA:217,0
DA:218,0
DA:219,0
DA:220,0
DA:221,0
DA:222,0
DA:223,0
LF:9
LH:0
BRF:0
BRH:0
end_of_record
TN:
SF:routes\availability.routes.js
FNF:0
FNH:0
DA:13,0
DA:142,0
DA:170,0
DA:196,0
DA:233,0
DA:258,0
DA:292,0
LF:7
LH:0
BRF:0
BRH:0
end_of_record
TN:
SF:routes\boat.routes.js
FNF:0
FNH:0
DA:12,0
DA:14,0
DA:170,0
DA:198,0
DA:224,0
DA:263,0
DA:296,0
DA:321,0
DA:339,0
DA:357,0
DA:375,0
DA:393,0
DA:394,0
LF:13
LH:0
BRF:0
BRH:0
end_of_record
TN:
SF:routes\boatEquipment.routes.js
FNF:0
FNH:0
DA:12,0
DA:127,0
DA:152,0
DA:176,0
DA:212,0
DA:245,0
DA:278,0
DA:279,0
LF:8
LH:0
BRF:0
BRH:0
end_of_record
TN:
SF:routes\boatPhoto.routes.js
FNF:0
FNH:0
DA:12,0
DA:31,0
DA:60,0
DA:81,0
DA:123,0
DA:159,0
DA:187,0
DA:188,0
LF:8
LH:0
BRF:0
BRH:0
end_of_record
TN:
SF:routes\boatType.routes.js
FNF:0
FNH:0
DA:11,0
DA:30,0
DA:60,0
DA:88,0
DA:138,0
DA:167,0
LF:6
LH:0
BRF:0
BRH:0
end_of_record
TN:
SF:routes\contact.routes.js
FNF:0
FNH:0
DA:6,0
DA:48,0
LF:2
LH:0
BRF:0
BRH:0
end_of_record
TN:
SF:routes\contract.routes.js
FNF:0
FNH:0
DA:11,0
DA:37,0
DA:70,0
DA:95,0
DA:133,0
DA:158,0
DA:183,0
LF:7
LH:0
BRF:0
BRH:0
end_of_record
TN:
SF:routes\message.routes.js
FNF:0
FNH:0
DA:12,0
DA:36,0
DA:75,0
DA:101,0
DA:137,0
DA:163,0
DA:187,0
DA:213,0
LF:8
LH:0
BRF:0
BRH:0
end_of_record
TN:
SF:routes\payment.routes.js
FNF:0
FNH:0
DA:12,0
DA:36,0
DA:78,0
DA:104,0
DA:141,0
DA:169,0
DA:195,0
DA:196,0
LF:8
LH:0
BRF:0
BRH:0
end_of_record
TN:
SF:routes\port.routes.js
FNF:0
FNH:0
DA:11,0
DA:30,0
DA:79,0
DA:107,0
DA:150,0
DA:186,0
LF:6
LH:0
BRF:0
BRH:0
end_of_record
TN:
SF:routes\reservation.routes.js
FNF:0
FNH:0
DA:13,0
DA:37,0
DA:69,0
DA:95,0
DA:96,0
DA:133,0
DA:159,0
DA:183,0
DA:209,0
LF:9
LH:0
BRF:0
BRH:0
end_of_record
TN:
SF:routes\review.routes.js
FNF:0
FNH:0
DA:13,0
DA:37,0
DA:75,0
DA:101,0
DA:137,0
DA:163,0
DA:189,0
DA:213,0
LF:8
LH:0
BRF:0
BRH:0
end_of_record
TN:
SF:routes\routes.js
FN:37,(anonymous_0)
FNF:1
FNH:0
FNDA:0,(anonymous_0)
DA:19,0
DA:21,0
DA:22,0
DA:23,0
DA:24,0
DA:25,0
DA:26,0
DA:27,0
DA:28,0
DA:29,0
DA:30,0
DA:31,0
DA:32,0
DA:33,0
DA:34,0
DA:35,0
DA:37,0
DA:38,0
LF:18
LH:0
BRF:0
BRH:0
end_of_record
TN:
SF:routes\user.routes.js
FNF:0
FNH:0
DA:10,0
DA:29,0
DA:63,0
DA:84,0
DA:124,0
DA:145,0
DA:176,0
DA:197,0
DA:218,0
DA:239,0
DA:260,0
DA:281,0
LF:12
LH:0
BRF:0
BRH:0
end_of_record
TN:
SF:routes\userDocument.routes.js
FNF:0
FNH:0
DA:12,0
DA:36,0
DA:74,0
DA:100,0
DA:139,0
DA:165,0
DA:191,0
LF:7
LH:0
BRF:0
BRH:0
end_of_record
TN:
SF:services\auth.services.js
FN:16,(anonymous_0)
FN:19,(anonymous_1)
FN:21,(anonymous_2)
FN:31,(anonymous_3)
FN:44,(anonymous_4)
FN:58,(anonymous_5)
FN:68,(anonymous_6)
FN:80,(anonymous_7)
FN:91,(anonymous_8)
FNF:9
FNH:7
FNDA:0,(anonymous_0)
FNDA:3,(anonymous_1)
FNDA:2,(anonymous_2)
FNDA:0,(anonymous_3)
FNDA:1,(anonymous_4)
FNDA:1,(anonymous_5)
FNDA:1,(anonymous_6)
FNDA:2,(anonymous_7)
FNDA:1,(anonymous_8)
DA:10,2
DA:12,2
DA:13,2
DA:14,2
DA:16,2
DA:17,0
DA:19,3
DA:21,2
DA:22,2
DA:23,2
DA:24,2
DA:27,0
DA:28,0
DA:31,2
DA:32,0
DA:37,0
DA:38,0
DA:40,0
DA:41,0
DA:44,2
DA:45,1
DA:46,1
DA:47,0
DA:48,0
DA:51,0
DA:52,0
DA:54,1
DA:58,2
DA:59,1
DA:60,1
DA:62,0
DA:63,0
DA:65,0
DA:68,2
DA:69,1
DA:70,1
DA:71,0
DA:72,0
DA:74,0
DA:76,1
DA:80,2
DA:81,2
DA:82,2
DA:83,1
DA:86,1
DA:87,1
DA:88,1
DA:91,2
DA:92,1
DA:93,1
DA:94,0
DA:95,0
DA:97,0
DA:98,0
DA:99,0
DA:101,1
LF:56
LH:33
BRDA:16,0,0,0
BRDA:23,1,0,2
BRDA:23,1,1,0
BRDA:23,2,0,2
BRDA:23,2,1,1
BRDA:34,3,0,0
BRDA:34,3,1,0
BRDA:48,4,0,0
BRDA:48,4,1,0
BRDA:60,5,0,1
BRDA:60,5,1,0
BRDA:72,6,0,0
BRDA:72,6,1,0
BRDA:82,7,0,1
BRDA:82,7,1,1
BRDA:82,8,0,2
BRDA:82,8,1,1
BRDA:95,9,0,0
BRDA:95,9,1,0
BRF:19
BRH:8
end_of_record
TN:
SF:services\availability.services.js
FN:4,(anonymous_0)
FN:8,(anonymous_1)
FN:19,(anonymous_2)
FN:23,(anonymous_3)
FN:29,(anonymous_4)
FN:36,(anonymous_5)
FNF:6
FNH:6
FNDA:1,(anonymous_0)
FNDA:1,(anonymous_1)
FNDA:2,(anonymous_2)
FNDA:2,(anonymous_3)
FNDA:2,(anonymous_4)
FNDA:2,(anonymous_5)
DA:2,2
DA:4,2
DA:5,1
DA:8,2
DA:9,1
DA:11,1
DA:13,0
DA:15,0
DA:19,2
DA:20,2
DA:23,2
DA:24,2
DA:25,2
DA:26,1
DA:29,2
DA:30,2
DA:31,2
DA:32,1
DA:33,1
DA:36,2
DA:37,2
LF:21
LH:19
BRDA:25,0,0,1
BRDA:25,0,1,1
BRDA:31,1,0,1
BRDA:31,1,1,1
BRF:4
BRH:4
end_of_record
TN:
SF:services\boat.services.js
FN:6,(anonymous_0)
FN:12,(anonymous_1)
FN:47,(anonymous_2)
FN:53,(anonymous_3)
FN:73,(anonymous_4)
FN:79,(anonymous_5)
FN:86,(anonymous_6)
FN:92,(anonymous_7)
FN:98,(anonymous_8)
FN:104,(anonymous_9)
FN:111,(anonymous_10)
FN:118,(anonymous_11)
FNF:12
FNH:12
FNDA:1,(anonymous_0)
FNDA:1,(anonymous_1)
FNDA:2,(anonymous_2)
FNDA:1,(anonymous_3)
FNDA:2,(anonymous_4)
FNDA:2,(anonymous_5)
FNDA:1,(anonymous_6)
FNDA:1,(anonymous_7)
FNDA:1,(anonymous_8)
FNDA:1,(anonymous_9)
FNDA:1,(anonymous_10)
FNDA:2,(anonymous_11)
DA:3,2
DA:6,2
DA:7,1
DA:12,2
DA:13,1
DA:15,1
DA:17,1
DA:26,0
DA:35,0
DA:40,0
DA:42,1
DA:43,1
DA:47,2
DA:48,2
DA:53,2
DA:54,1
DA:73,2
DA:74,2
DA:75,2
DA:76,1
DA:79,2
DA:80,2
DA:81,2
DA:82,1
DA:83,1
DA:86,2
DA:87,1
DA:92,2
DA:93,1
DA:98,2
DA:99,1
DA:104,2
DA:105,1
DA:111,2
DA:112,1
DA:118,2
DA:130,2
DA:132,2
DA:134,2
DA:135,1
DA:139,2
DA:140,2
DA:141,1
DA:148,2
DA:151,2
DA:154,2
DA:158,2
DA:170,2
DA:177,2
DA:186,2
LF:50
LH:47
BRDA:75,0,0,1
BRDA:75,0,1,1
BRDA:81,1,0,1
BRDA:81,1,1,1
BRDA:127,2,0,0
BRDA:128,3,0,0
BRDA:134,4,0,1
BRDA:134,4,1,1
BRDA:139,5,0,1
BRDA:139,5,1,1
BRDA:140,6,0,1
BRDA:140,6,1,1
BRDA:148,7,0,1
BRDA:148,7,1,1
BRDA:151,8,0,2
BRDA:151,8,1,0
BRDA:154,9,0,2
BRDA:154,9,1,0
BRDA:154,10,0,2
BRDA:154,10,1,2
BRDA:158,11,0,1
BRDA:158,11,1,1
BRDA:158,12,0,2
BRDA:158,12,1,1
BRDA:174,13,0,1
BRDA:174,13,1,1
BRF:26
BRH:22
end_of_record
TN:
SF:services\boatEquipment.services.js
FN:5,(anonymous_0)
FN:11,(anonymous_1)
FN:15,(anonymous_2)
FN:21,(anonymous_3)
FN:27,(anonymous_4)
FN:34,(anonymous_5)
FN:40,(anonymous_6)
FN:56,(anonymous_7)
FN:58,(anonymous_8)
FN:61,(anonymous_9)
FNF:10
FNH:6
FNDA:1,(anonymous_0)
FNDA:1,(anonymous_1)
FNDA:2,(anonymous_2)
FNDA:2,(anonymous_3)
FNDA:2,(anonymous_4)
FNDA:2,(anonymous_5)
FNDA:0,(anonymous_6)
FNDA:0,(anonymous_7)
FNDA:0,(anonymous_8)
FNDA:0,(anonymous_9)
DA:3,2
DA:5,2
DA:6,1
DA:11,2
DA:12,1
DA:15,2
DA:16,2
DA:21,2
DA:22,2
DA:23,2
DA:24,1
DA:27,2
DA:28,2
DA:29,2
DA:30,1
DA:31,1
DA:34,2
DA:35,2
DA:40,2
DA:41,0
DA:43,0
DA:44,0
DA:52,0
DA:56,0
DA:58,0
DA:60,0
DA:61,0
DA:65,0
DA:68,0
DA:69,0
DA:71,0
DA:72,0
LF:32
LH:19
BRDA:23,0,0,1
BRDA:23,0,1,1
BRDA:29,1,0,1
BRDA:29,1,1,1
BRDA:60,2,0,0
BRDA:60,2,1,0
BRF:6
BRH:4
end_of_record
TN:
SF:services\boatPhoto.services.js
FN:9,(anonymous_0)
FN:15,(anonymous_1)
FN:30,(anonymous_2)
FN:59,(anonymous_3)
FN:65,(anonymous_4)
FN:127,(anonymous_5)
FN:156,(anonymous_6)
FN:162,(anonymous_7)
FN:187,(anonymous_8)
FNF:9
FNH:0
FNDA:0,(anonymous_0)
FNDA:0,(anonymous_1)
FNDA:0,(anonymous_2)
FNDA:0,(anonymous_3)
FNDA:0,(anonymous_4)
FNDA:0,(anonymous_5)
FNDA:0,(anonymous_6)
FNDA:0,(anonymous_7)
FNDA:0,(anonymous_8)
DA:7,2
DA:9,2
DA:10,0
DA:15,2
DA:16,0
DA:18,0
DA:19,0
DA:26,0
DA:28,0
DA:29,0
DA:31,0
DA:40,0
DA:51,0
DA:52,0
DA:54,0
DA:55,0
DA:59,2
DA:60,0
DA:65,2
DA:66,0
DA:68,0
DA:69,0
DA:70,0
DA:71,0
DA:72,0
DA:76,0
DA:78,0
DA:79,0
DA:84,0
DA:85,0
DA:90,0
DA:99,0
DA:103,0
DA:106,0
DA:107,0
DA:119,0
DA:120,0
DA:122,0
DA:123,0
DA:127,2
DA:128,0
DA:130,0
DA:131,0
DA:132,0
DA:133,0
DA:134,0
DA:138,0
DA:139,0
DA:140,0
DA:141,0
DA:146,0
DA:148,0
DA:149,0
DA:151,0
DA:152,0
DA:156,2
DA:157,0
DA:162,2
DA:163,0
DA:165,0
DA:167,0
DA:172,0
DA:173,0
DA:174,0
DA:175,0
DA:179,0
DA:185,0
DA:186,0
DA:188,0
DA:197,0
DA:210,0
DA:211,0
DA:217,0
DA:218,0
DA:220,0
DA:221,0
LF:76
LH:8
BRDA:15,0,0,0
BRDA:16,1,0,0
BRDA:16,1,1,0
BRDA:18,2,0,0
BRDA:18,2,1,0
BRDA:18,3,0,0
BRDA:18,3,1,0
BRDA:70,4,0,0
BRDA:70,4,1,0
BRDA:76,5,0,0
BRDA:76,5,1,0
BRDA:78,6,0,0
BRDA:78,6,1,0
BRDA:84,7,0,0
BRDA:84,7,1,0
BRDA:106,8,0,0
BRDA:106,8,1,0
BRDA:132,9,0,0
BRDA:132,9,1,0
BRDA:138,10,0,0
BRDA:138,10,1,0
BRDA:140,11,0,0
BRDA:140,11,1,0
BRDA:174,12,0,0
BRDA:174,12,1,0
BRDA:185,13,0,0
BRDA:185,13,1,0
BRDA:210,14,0,0
BRDA:210,14,1,0
BRF:29
BRH:0
end_of_record
TN:
SF:services\boatType.services.js
FN:4,(anonymous_0)
FN:8,(anonymous_1)
FN:12,(anonymous_2)
FN:16,(anonymous_3)
FN:22,(anonymous_4)
FNF:5
FNH:5
FNDA:1,(anonymous_0)
FNDA:1,(anonymous_1)
FNDA:2,(anonymous_2)
FNDA:2,(anonymous_3)
FNDA:2,(anonymous_4)
DA:2,2
DA:4,2
DA:5,1
DA:8,2
DA:9,1
DA:12,2
DA:13,2
DA:16,2
DA:17,2
DA:18,2
DA:19,1
DA:22,2
DA:23,2
DA:24,2
DA:25,1
DA:26,1
LF:16
LH:16
BRDA:18,0,0,1
BRDA:18,0,1,1
BRDA:24,1,0,1
BRDA:24,1,1,1
BRF:4
BRH:4
end_of_record
TN:
SF:services\contact.services.js
FN:3,(anonymous_0)
FNF:1
FNH:0
FNDA:0,(anonymous_0)
DA:3,2
DA:4,0
DA:5,0
DA:6,0
DA:7,0
DA:9,0
LF:6
LH:1
BRF:0
BRH:0
end_of_record
TN:
SF:services\contract.services.js
FN:5,(anonymous_0)
FN:11,(anonymous_1)
FN:39,(anonymous_2)
FN:45,(anonymous_3)
FN:51,(anonymous_4)
FN:58,(anonymous_5)
FNF:6
FNH:6
FNDA:1,(anonymous_0)
FNDA:1,(anonymous_1)
FNDA:2,(anonymous_2)
FNDA:2,(anonymous_3)
FNDA:2,(anonymous_4)
FNDA:2,(anonymous_5)
DA:3,2
DA:5,2
DA:6,1
DA:11,2
DA:12,1
DA:13,1
DA:14,0
DA:16,0
DA:25,0
DA:33,1
DA:35,1
DA:39,2
DA:40,2
DA:45,2
DA:46,2
DA:47,2
DA:48,1
DA:51,2
DA:52,2
DA:53,2
DA:54,1
DA:55,1
DA:58,2
DA:59,2
LF:24
LH:21
BRDA:14,0,0,0
BRDA:14,0,1,0
BRDA:47,1,0,1
BRDA:47,1,1,1
BRDA:53,2,0,1
BRDA:53,2,1,1
BRF:6
BRH:4
end_of_record
TN:
SF:services\message.services.js
FN:4,(anonymous_0)
FN:14,(anonymous_1)
FN:18,(anonymous_2)
FN:24,(anonymous_3)
FN:30,(anonymous_4)
FN:37,(anonymous_5)
FN:44,(anonymous_6)
FNF:7
FNH:7
FNDA:1,(anonymous_0)
FNDA:1,(anonymous_1)
FNDA:2,(anonymous_2)
FNDA:2,(anonymous_3)
FNDA:2,(anonymous_4)
FNDA:2,(anonymous_5)
FNDA:2,(anonymous_6)
DA:2,2
DA:4,2
DA:5,1
DA:14,2
DA:15,1
DA:18,2
DA:19,2
DA:24,2
DA:25,2
DA:26,2
DA:27,1
DA:30,2
DA:31,2
DA:32,2
DA:33,1
DA:34,1
DA:37,2
DA:38,2
DA:44,2
DA:45,2
LF:20
LH:20
BRDA:26,0,0,1
BRDA:26,0,1,1
BRDA:32,1,0,1
BRDA:32,1,1,1
BRF:4
BRH:4
end_of_record
TN:
SF:services\payment.services.js
FN:9,(anonymous_0)
FN:15,(anonymous_1)
FN:19,(anonymous_2)
FN:25,(anonymous_3)
FN:31,(anonymous_4)
FN:38,(anonymous_5)
FN:45,(anonymous_6)
FNF:7
FNH:0
FNDA:0,(anonymous_0)
FNDA:0,(anonymous_1)
FNDA:0,(anonymous_2)
FNDA:0,(anonymous_3)
FNDA:0,(anonymous_4)
FNDA:0,(anonymous_5)
FNDA:0,(anonymous_6)
DA:2,0
DA:5,0
DA:7,0
DA:9,0
DA:10,0
DA:15,0
DA:16,0
DA:19,0
DA:20,0
DA:25,0
DA:26,0
DA:27,0
DA:28,0
DA:31,0
DA:32,0
DA:33,0
DA:34,0
DA:35,0
DA:38,0
DA:39,0
DA:45,0
DA:46,0
DA:50,0
LF:23
LH:0
BRDA:27,0,0,0
BRDA:27,0,1,0
BRDA:33,1,0,0
BRDA:33,1,1,0
BRF:4
BRH:0
end_of_record
TN:
SF:services\port.services.js
FN:4,(anonymous_0)
FN:10,(anonymous_1)
FN:14,(anonymous_2)
FN:20,(anonymous_3)
FN:26,(anonymous_4)
FNF:5
FNH:5
FNDA:1,(anonymous_0)
FNDA:1,(anonymous_1)
FNDA:2,(anonymous_2)
FNDA:2,(anonymous_3)
FNDA:2,(anonymous_4)
DA:2,2
DA:4,2
DA:5,1
DA:10,2
DA:11,1
DA:14,2
DA:15,2
DA:20,2
DA:21,2
DA:22,2
DA:23,1
DA:26,2
DA:27,2
DA:28,2
DA:29,1
DA:30,1
LF:16
LH:16
BRDA:22,0,0,1
BRDA:22,0,1,1
BRDA:28,1,0,1
BRDA:28,1,1,1
BRF:4
BRH:4
end_of_record
TN:
SF:services\reservation.services.js
FN:5,(anonymous_0)
FN:11,(anonymous_1)
FN:17,(anonymous_2)
FN:23,(anonymous_3)
FN:36,(anonymous_4)
FN:42,(anonymous_5)
FN:49,(anonymous_6)
FN:56,(anonymous_7)
FNF:8
FNH:7
FNDA:1,(anonymous_0)
FNDA:1,(anonymous_1)
FNDA:2,(anonymous_2)
FNDA:0,(anonymous_3)
FNDA:2,(anonymous_4)
FNDA:2,(anonymous_5)
FNDA:2,(anonymous_6)
FNDA:2,(anonymous_7)
DA:2,2
DA:5,2
DA:6,1
DA:11,2
DA:12,1
DA:13,1
DA:14,1
DA:17,2
DA:18,2
DA:23,2
DA:24,0
DA:36,2
DA:37,2
DA:38,2
DA:39,1
DA:42,2
DA:43,2
DA:44,2
DA:45,1
DA:46,1
DA:49,2
DA:50,2
DA:56,2
DA:57,2
LF:24
LH:23
BRDA:38,0,0,1
BRDA:38,0,1,1
BRDA:44,1,0,1
BRDA:44,1,1,1
BRF:4
BRH:4
end_of_record
TN:
SF:services\review.services.js
FN:4,(anonymous_0)
FN:10,(anonymous_1)
FN:14,(anonymous_2)
FN:20,(anonymous_3)
FN:26,(anonymous_4)
FN:33,(anonymous_5)
FN:40,(anonymous_6)
FNF:7
FNH:7
FNDA:1,(anonymous_0)
FNDA:1,(anonymous_1)
FNDA:2,(anonymous_2)
FNDA:2,(anonymous_3)
FNDA:2,(anonymous_4)
FNDA:2,(anonymous_5)
FNDA:2,(anonymous_6)
DA:2,2
DA:4,2
DA:5,1
DA:10,2
DA:11,1
DA:14,2
DA:15,2
DA:20,2
DA:21,2
DA:22,2
DA:23,1
DA:26,2
DA:27,2
DA:28,2
DA:29,1
DA:30,1
DA:33,2
DA:34,2
DA:40,2
DA:41,2
LF:20
LH:20
BRDA:22,0,0,1
BRDA:22,0,1,1
BRDA:28,1,0,1
BRDA:28,1,1,1
BRF:4
BRH:4
end_of_record
TN:
SF:services\user.services.js
FN:7,(anonymous_0)
FN:11,(anonymous_1)
FN:15,(anonymous_2)
FN:19,(anonymous_3)
FN:39,(anonymous_4)
FN:46,(anonymous_5)
FN:61,(anonymous_6)
FN:84,(anonymous_7)
FN:91,(anonymous_8)
FN:98,(anonymous_9)
FN:108,(anonymous_10)
FNF:11
FNH:11
FNDA:1,(anonymous_0)
FNDA:1,(anonymous_1)
FNDA:2,(anonymous_2)
FNDA:2,(anonymous_3)
FNDA:2,(anonymous_4)
FNDA:2,(anonymous_5)
FNDA:2,(anonymous_6)
FNDA:2,(anonymous_7)
FNDA:2,(anonymous_8)
FNDA:2,(anonymous_9)
FNDA:3,(anonymous_10)
DA:2,2
DA:7,2
DA:8,1
DA:11,2
DA:12,1
DA:15,2
DA:16,2
DA:19,2
DA:20,2
DA:21,2
DA:22,1
DA:39,2
DA:40,2
DA:41,2
DA:42,1
DA:43,1
DA:46,2
DA:47,2
DA:58,2
DA:61,2
DA:62,2
DA:63,2
DA:77,2
DA:79,0
DA:80,0
DA:84,2
DA:85,2
DA:88,2
DA:91,2
DA:92,2
DA:95,2
DA:98,2
DA:99,2
DA:105,2
DA:108,2
DA:109,3
DA:110,3
DA:112,2
DA:113,1
DA:115,1
DA:116,1
DA:118,1
DA:121,1
DA:130,1
DA:132,1
LF:45
LH:43
BRDA:21,0,0,1
BRDA:21,0,1,1
BRDA:41,1,0,1
BRDA:41,1,1,1
BRDA:58,2,0,1
BRDA:58,2,1,1
BRDA:77,3,0,1
BRDA:77,3,1,1
BRDA:88,4,0,1
BRDA:88,4,1,1
BRDA:95,5,0,1
BRDA:95,5,1,1
BRDA:105,6,0,1
BRDA:105,6,1,1
BRDA:110,7,0,1
BRDA:110,7,1,2
BRDA:112,8,0,1
BRDA:112,8,1,1
BRDA:112,9,0,2
BRDA:112,9,1,2
BRDA:115,10,0,1
BRDA:115,10,1,0
BRDA:115,11,0,1
BRDA:115,11,1,1
BRDA:118,12,0,1
BRDA:118,12,1,0
BRF:26
BRH:24
end_of_record
TN:
SF:services\userDocument.services.js
FN:7,(anonymous_0)
FN:13,(anonymous_1)
FN:20,(anonymous_2)
FN:51,(anonymous_3)
FN:57,(anonymous_4)
FN:101,(anonymous_5)
FN:111,(anonymous_6)
FN:121,(anonymous_7)
FN:150,(anonymous_8)
FN:156,(anonymous_9)
FN:165,(anonymous_10)
FNF:11
FNH:6
FNDA:1,(anonymous_0)
FNDA:1,(anonymous_1)
FNDA:0,(anonymous_2)
FNDA:2,(anonymous_3)
FNDA:2,(anonymous_4)
FNDA:0,(anonymous_5)
FNDA:0,(anonymous_6)
FNDA:2,(anonymous_7)
FNDA:2,(anonymous_8)
FNDA:0,(anonymous_9)
FNDA:0,(anonymous_10)
DA:2,2
DA:7,2
DA:8,1
DA:13,2
DA:14,1
DA:16,0
DA:18,0
DA:19,0
DA:21,0
DA:30,0
DA:43,0
DA:44,0
DA:46,0
DA:47,0
DA:51,2
DA:52,2
DA:57,2
DA:58,2
DA:60,0
DA:61,0
DA:62,0
DA:63,0
DA:64,0
DA:68,0
DA:70,0
DA:71,0
DA:72,0
DA:73,0
DA:78,0
DA:87,0
DA:91,0
DA:93,0
DA:94,0
DA:96,0
DA:97,0
DA:101,2
DA:102,0
DA:103,0
DA:105,0
DA:111,2
DA:112,0
DA:113,0
DA:115,0
DA:121,2
DA:122,2
DA:124,0
DA:125,0
DA:126,0
DA:127,0
DA:128,0
DA:132,0
DA:133,0
DA:134,0
DA:135,0
DA:140,0
DA:142,0
DA:143,0
DA:145,0
DA:146,0
DA:150,2
DA:151,2
DA:156,2
DA:157,0
DA:165,2
DA:166,0
LF:65
LH:17
BRDA:14,0,0,1
BRDA:14,0,1,0
BRDA:62,1,0,0
BRDA:62,1,1,0
BRDA:68,2,0,0
BRDA:68,2,1,0
BRDA:70,3,0,0
BRDA:70,3,1,0
BRDA:72,4,0,0
BRDA:72,4,1,0
BRDA:101,5,0,0
BRDA:103,6,0,0
BRDA:103,6,1,0
BRDA:113,7,0,0
BRDA:113,7,1,0
BRDA:126,8,0,0
BRDA:126,8,1,0
BRDA:132,9,0,0
BRDA:132,9,1,0
BRDA:134,10,0,0
BRDA:134,10,1,0
BRF:21
BRH:1
end_of_record
